2023-03-18 10:12:06,805 [INFO] Activator:176 - 


2023-03-18 10:12:06,815 [INFO] Activator:177 - !SESSION log4j initialized
2023-03-18 10:12:14,013 [INFO] LogOutputStream:77 - [STDOUT_REDIRECT] 
2023-03-18 10:12:14,574 [ERROR] ConfigurationRetriever:142 - IOException on connection: sw-center.st.com
2023-03-18 10:12:14,576 [ERROR] ConfigurationRetriever:142 - IOException on connection: sw-center.st.com
2023-03-18 10:12:14,576 [ERROR] ConfigurationRetriever:142 - IOException on connection: sw-center.st.com
2023-03-18 10:12:35,959 [ERROR] LogOutputStream:75 - [STDERR_REDIRECT] SLF4J: Failed to load class "org.slf4j.impl.StaticLoggerBinder".
2023-03-18 10:12:35,959 [ERROR] LogOutputStream:75 - [STDERR_REDIRECT] SLF4J: Defaulting to no-operation (NOP) logger implementation
2023-03-18 10:12:35,959 [ERROR] LogOutputStream:75 - [STDERR_REDIRECT] SLF4J: See http://www.slf4j.org/codes.html#StaticLoggerBinder for further details.
2023-03-18 11:00:16,372 [ERROR] ConfigurationRetriever:142 - IOException on connection: sw-center.st.com
2023-03-18 11:00:16,388 [ERROR] ConfigurationRetriever:142 - IOException on connection: sw-center.st.com
2023-03-18 11:00:16,388 [ERROR] ConfigurationRetriever:142 - IOException on connection: sw-center.st.com
2023-03-18 11:04:32,156 [ERROR] ConfigurationRetriever:142 - IOException on connection: sw-center.st.com
2023-03-18 11:04:32,156 [ERROR] ConfigurationRetriever:142 - IOException on connection: sw-center.st.com
2023-03-18 11:04:32,156 [ERROR] ConfigurationRetriever:142 - IOException on connection: sw-center.st.com
2023-03-18 20:19:53,345 [INFO] Activator:176 - 


2023-03-18 20:19:53,345 [INFO] Activator:177 - !SESSION log4j initialized
2023-03-18 20:20:02,917 [INFO] LogOutputStream:77 - [STDOUT_REDIRECT] 
2023-03-18 20:20:26,341 [ERROR] LogOutputStream:75 - [STDERR_REDIRECT] SLF4J: Failed to load class "org.slf4j.impl.StaticLoggerBinder".
2023-03-18 20:20:26,341 [ERROR] LogOutputStream:75 - [STDERR_REDIRECT] SLF4J: Defaulting to no-operation (NOP) logger implementation
2023-03-18 20:20:26,341 [ERROR] LogOutputStream:75 - [STDERR_REDIRECT] SLF4J: See http://www.slf4j.org/codes.html#StaticLoggerBinder for further details.
2023-03-18 22:15:01,970 [INFO] Activator:176 - 


2023-03-18 22:15:01,971 [INFO] Activator:177 - !SESSION log4j initialized
2023-03-18 22:15:08,480 [INFO] LogOutputStream:77 - [STDOUT_REDIRECT] 
2023-03-18 22:15:29,561 [INFO] ApplicationProperties:184 - Using Application install path: C:\ST\STM32CubeIDE_1.12.0\STM32CubeIDE\plugins\com.st.stm32cube.common.mx_6.8.0.202302231600
2023-03-18 22:15:29,591 [INFO] DbMcusXml:78 - Set database path to: C:\ST\STM32CubeIDE_1.12.0\STM32CubeIDE\plugins\com.st.stm32cube.common.mx_6.8.0.202302231600\\db\/mcu/
2023-03-18 22:15:29,591 [INFO] ApiDb:274 - Set plugin database path to: C:\ST\STM32CubeIDE_1.12.0\STM32CubeIDE\plugins\com.st.stm32cube.common.mx_6.8.0.202302231600\\db\/plugins/boardmanager/
2023-03-18 22:15:29,591 [WARN] ApiDb:259 - Overriding images path with different value:  => C:\ST\STM32CubeIDE_1.12.0\STM32CubeIDE\plugins\com.st.stm32cube.common.mx_6.8.0.202302231600\\db\/plugins/mcufinder/images/
2023-03-18 22:15:29,607 [INFO] ApiDb:250 - Set database path to: C:\Users\PC\.stmcufinder\plugins\mcufinder//mcu/
2023-03-18 22:15:29,623 [INFO] DbMcusAds:125 - Set database path to: C:\Users\PC\.stmcufinder\plugins\mcufinder//mcu/
2023-03-18 22:15:29,633 [INFO] CrossReferenceDbSqlite:203 - Set database path to: C:\Users\PC\.stmcufinder\plugins\mcufinder//mcu/cs/
2023-03-18 22:15:29,753 [INFO] RulesReader:64 - Compatibility file has been processed (293 Rules)
2023-03-18 22:15:29,908 [INFO] DbMcusXml:78 - Set database path to: C:\ST\STM32CubeIDE_1.12.0\STM32CubeIDE\plugins\com.st.stm32cube.common.mx_6.8.0.202302231600\\db\/mcu/
2023-03-18 22:15:29,923 [INFO] ApiDb:274 - Set plugin database path to: C:\ST\STM32CubeIDE_1.12.0\STM32CubeIDE\plugins\com.st.stm32cube.common.mx_6.8.0.202302231600\\db\/plugins/boardmanager/
2023-03-18 22:15:29,923 [INFO] ApiDb:261 - Set plugin images path to: C:\ST\STM32CubeIDE_1.12.0\STM32CubeIDE\plugins\com.st.stm32cube.common.mx_6.8.0.202302231600\\db\/plugins/mcufinder/images/
2023-03-18 22:15:29,923 [WARN] DbFile:41 - Overriding database path with different value: C:\Users\PC\.stmcufinder\plugins\mcufinder/ => C:\Users\PC\.stmcufinder\plugins\mcufinder
2023-03-18 22:15:29,923 [INFO] ApiDb:250 - Set database path to: C:\Users\PC\.stmcufinder\plugins\mcufinder//mcu/
2023-03-18 22:15:29,923 [WARN] DbFile:41 - Overriding database path with different value: C:\Users\PC\.stmcufinder\plugins\mcufinder/ => C:\Users\PC\.stmcufinder\plugins\mcufinder
2023-03-18 22:15:29,923 [INFO] DbMcusAds:125 - Set database path to: C:\Users\PC\.stmcufinder\plugins\mcufinder//mcu/
2023-03-18 22:15:29,923 [WARN] DbFile:41 - Overriding database path with different value: C:\Users\PC\.stmcufinder\plugins\mcufinder/ => C:\Users\PC\.stmcufinder\plugins\mcufinder
2023-03-18 22:15:29,923 [WARN] DbFile:41 - Overriding database path with different value: C:\Users\PC\.stmcufinder\plugins\mcufinder/ => C:\Users\PC\.stmcufinder\plugins\mcufinder
2023-03-18 22:15:29,924 [INFO] CrossReferenceDbSqlite:203 - Set database path to: C:\Users\PC\.stmcufinder\plugins\mcufinder//mcu/cs/
2023-03-18 22:15:30,070 [INFO] MainPanel:253 - HeapMemory: 268435456
2023-03-18 22:15:30,216 [INFO] DbMcusXml:78 - Set database path to: C:\ST\STM32CubeIDE_1.12.0\STM32CubeIDE\plugins\com.st.stm32cube.common.mx_6.8.0.202302231600\\db\/mcu/
2023-03-18 22:15:30,223 [INFO] ApiDb:274 - Set plugin database path to: C:\ST\STM32CubeIDE_1.12.0\STM32CubeIDE\plugins\com.st.stm32cube.common.mx_6.8.0.202302231600\\db\/plugins/boardmanager/
2023-03-18 22:15:30,223 [INFO] ApiDb:261 - Set plugin images path to: C:\ST\STM32CubeIDE_1.12.0\STM32CubeIDE\plugins\com.st.stm32cube.common.mx_6.8.0.202302231600\\db\/plugins/mcufinder/images/
2023-03-18 22:15:30,223 [WARN] DbFile:41 - Overriding database path with different value: C:\Users\PC\.stmcufinder\plugins\mcufinder/ => C:\Users\PC\.stmcufinder\plugins\mcufinder
2023-03-18 22:15:30,223 [INFO] ApiDb:250 - Set database path to: C:\Users\PC\.stmcufinder\plugins\mcufinder//mcu/
2023-03-18 22:15:30,223 [WARN] DbFile:41 - Overriding database path with different value: C:\Users\PC\.stmcufinder\plugins\mcufinder/ => C:\Users\PC\.stmcufinder\plugins\mcufinder
2023-03-18 22:15:30,223 [INFO] DbMcusAds:125 - Set database path to: C:\Users\PC\.stmcufinder\plugins\mcufinder//mcu/
2023-03-18 22:15:30,223 [WARN] DbFile:41 - Overriding database path with different value: C:\Users\PC\.stmcufinder\plugins\mcufinder/ => C:\Users\PC\.stmcufinder\plugins\mcufinder
2023-03-18 22:15:30,223 [WARN] DbFile:41 - Overriding database path with different value: C:\Users\PC\.stmcufinder\plugins\mcufinder/ => C:\Users\PC\.stmcufinder\plugins\mcufinder
2023-03-18 22:15:30,223 [INFO] CrossReferenceDbSqlite:203 - Set database path to: C:\Users\PC\.stmcufinder\plugins\mcufinder//mcu/cs/
2023-03-18 22:15:30,243 [INFO] ApplicationProperties:184 - Using Application install path: C:\ST\STM32CubeIDE_1.12.0\STM32CubeIDE\plugins\com.st.stm32cube.common.mx_6.8.0.202302231600
2023-03-18 22:15:30,243 [INFO] PluginManage:196 - Search for loadable plugins [exclusion list=, ]
2023-03-18 22:15:30,243 [INFO] PluginManage:310 - Check plugin analytics
2023-03-18 22:15:30,360 [ERROR] LogOutputStream:75 - [STDERR_REDIRECT] SLF4J: Failed to load class "org.slf4j.impl.StaticLoggerBinder".
2023-03-18 22:15:30,360 [ERROR] LogOutputStream:75 - [STDERR_REDIRECT] SLF4J: Defaulting to no-operation (NOP) logger implementation
2023-03-18 22:15:30,363 [ERROR] LogOutputStream:75 - [STDERR_REDIRECT] SLF4J: See http://www.slf4j.org/codes.html#StaticLoggerBinder for further details.
2023-03-18 22:15:30,423 [INFO] AnalyticsPlugin:253 - Accepted Software Licenses: STM32CubeMX.6.7.0
2023-03-18 22:15:30,423 [INFO] AnalyticsPlugin:255 - Accepted CMSIS Pack Licenses: 
2023-03-18 22:15:30,423 [INFO] AnalyticsPlugin:257 - Accepted Firmware Licenses: 
2023-03-18 22:15:30,434 [INFO] PluginManage:359 - Loaded plugin analytics (category:tool,tabindex:-1)
2023-03-18 22:15:30,434 [INFO] PluginManage:310 - Check plugin cadmodel
2023-03-18 22:15:30,457 [INFO] CADModel:105 - Init CAD model plugin
2023-03-18 22:15:30,457 [INFO] PluginManage:359 - Loaded plugin cadmodel (category:power,tabindex:5)
2023-03-18 22:15:30,457 [INFO] PluginManage:310 - Check plugin clock
2023-03-18 22:15:30,487 [INFO] PluginManage:359 - Loaded plugin clock (category:base,tabindex:2)
2023-03-18 22:15:30,487 [INFO] PluginManage:310 - Check plugin ddr
2023-03-18 22:15:30,491 [INFO] PluginManage:359 - Loaded plugin ddr (category:tool,tabindex:6)
2023-03-18 22:15:30,491 [INFO] PluginManage:310 - Check plugin filemanager
2023-03-18 22:15:30,666 [INFO] PluginManage:359 - Loaded plugin filemanager (category:base,tabindex:10)
2023-03-18 22:15:30,666 [INFO] PluginManage:310 - Check plugin ipmanager
2023-03-18 22:15:30,666 [INFO] PluginManage:359 - Loaded plugin ipmanager (category:base,tabindex:5)
2023-03-18 22:15:30,666 [INFO] PluginManage:310 - Check plugin lpbam
2023-03-18 22:15:30,688 [INFO] PluginManage:359 - Loaded plugin lpbam (category:base,tabindex:0)
2023-03-18 22:15:30,688 [INFO] PluginManage:310 - Check plugin pinoutandconfiguration
2023-03-18 22:15:30,709 [INFO] PluginManage:359 - Loaded plugin pinoutandconfiguration (category:base,tabindex:1)
2023-03-18 22:15:30,709 [INFO] PluginManage:310 - Check plugin pinoutconfig
2023-03-18 22:15:30,808 [WARN] SupportedApi:132 - Cannot load RTOS API schema: s4s-elt-must-match.1: The content of 'definitions' must match (annotation?, (simpleType | complexType)?, (unique | key | keyref)*)). A problem was found starting at: attribute.
2023-03-18 22:15:30,950 [INFO] PluginManage:359 - Loaded plugin pinoutconfig (category:base,tabindex:0)
2023-03-18 22:15:30,950 [INFO] PluginManage:310 - Check plugin power
2023-03-18 22:15:30,971 [INFO] PluginManage:359 - Loaded plugin power (category:power,tabindex:4)
2023-03-18 22:15:30,971 [INFO] PluginManage:310 - Check plugin projectmanager
2023-03-18 22:15:30,990 [INFO] PluginManage:359 - Loaded plugin projectmanager (category:projectmanager,tabindex:3)
2023-03-18 22:15:30,990 [INFO] PluginManage:310 - Check plugin thirdparty
2023-03-18 22:15:31,258 [INFO] PluginManage:359 - Loaded plugin thirdparty (category:base,tabindex:-1)
2023-03-18 22:15:31,258 [INFO] PluginManage:310 - Check plugin tools
2023-03-18 22:15:31,258 [WARN] IntegrityCheckThread:84 - waiting for thirdparty lock release [integrity check]
2023-03-18 22:15:31,258 [INFO] IntegrityCheckThread:86 - entering critical section [integrity check]
2023-03-18 22:15:31,258 [INFO] ThirdPartyUpdaterWithRetryManager:70 - Updater plugin not ready yet. [1/15]
2023-03-18 22:15:31,283 [INFO] PluginManage:359 - Loaded plugin tools (category:base,tabindex:7)
2023-03-18 22:15:31,283 [INFO] PluginManage:310 - Check plugin tutovideos
2023-03-18 22:15:31,505 [INFO] PluginManage:359 - Loaded plugin tutovideos (category:base,tabindex:-1)
2023-03-18 22:15:31,505 [INFO] PluginManage:310 - Check plugin updater
2023-03-18 22:15:31,527 [INFO] PluginManage:359 - Loaded plugin updater (category:base,tabindex:12)
2023-03-18 22:15:31,527 [INFO] PluginManage:283 - PluginManage : Loaded plugins [15]
2023-03-18 22:15:31,875 [INFO] PinOutPanel:1499 - setPackage(No Configuration,No Configuration)
2023-03-18 22:15:31,965 [INFO] CADModel:165 - CPN selected for project level
2023-03-18 22:15:31,965 [INFO] CADModel:114 - Register for checkConnection events
2023-03-18 22:15:32,024 [INFO] IPUIPlugin:80 - create IPUIPlugin
2023-03-18 22:15:32,024 [INFO] PluginManager:220 - loadIPPluginJar : add adc
2023-03-18 22:15:32,060 [INFO] IPUIPlugin:80 - create IPUIPlugin
2023-03-18 22:15:32,060 [INFO] PluginManager:220 - loadIPPluginJar : add aes
2023-03-18 22:15:32,117 [INFO] IPUIPlugin:80 - create IPUIPlugin
2023-03-18 22:15:32,119 [INFO] PluginManager:220 - loadIPPluginJar : add can
2023-03-18 22:15:32,139 [INFO] IPUIPlugin:80 - create IPUIPlugin
2023-03-18 22:15:32,139 [INFO] PluginManager:220 - loadIPPluginJar : add comp
2023-03-18 22:15:32,199 [INFO] IPUIPlugin:80 - create IPUIPlugin
2023-03-18 22:15:32,199 [INFO] PluginManager:220 - loadIPPluginJar : add cryp
2023-03-18 22:15:32,235 [INFO] IPUIPlugin:80 - create IPUIPlugin
2023-03-18 22:15:32,235 [INFO] PluginManager:220 - loadIPPluginJar : add dfsdm
2023-03-18 22:15:32,257 [INFO] IPUIPlugin:80 - create IPUIPlugin
2023-03-18 22:15:32,257 [INFO] PluginManager:220 - loadIPPluginJar : add dma
2023-03-18 22:15:32,336 [INFO] IPUIPlugin:80 - create IPUIPlugin
2023-03-18 22:15:32,336 [INFO] PluginManager:220 - loadIPPluginJar : add dma3
2023-03-18 22:15:32,346 [INFO] IPUIPlugin:80 - create IPUIPlugin
2023-03-18 22:15:32,346 [INFO] PluginManager:220 - loadIPPluginJar : add fatfs
2023-03-18 22:15:32,394 [INFO] IPUIPlugin:80 - create IPUIPlugin
2023-03-18 22:15:32,394 [INFO] PluginManager:220 - loadIPPluginJar : add fmc
2023-03-18 22:15:32,409 [INFO] IPUIPlugin:80 - create IPUIPlugin
2023-03-18 22:15:32,409 [INFO] PluginManager:220 - loadIPPluginJar : add freertos
2023-03-18 22:15:32,452 [INFO] IPUIPlugin:80 - create IPUIPlugin
2023-03-18 22:15:32,452 [INFO] PluginManager:220 - loadIPPluginJar : add genericplugin
2023-03-18 22:15:32,507 [INFO] IPUIPlugin:80 - create IPUIPlugin
2023-03-18 22:15:32,507 [INFO] PluginManager:220 - loadIPPluginJar : add gfxmmu
2023-03-18 22:15:32,600 [INFO] IPUIPlugin:80 - create IPUIPlugin
2023-03-18 22:15:32,600 [INFO] PluginManager:220 - loadIPPluginJar : add gic
2023-03-18 22:15:32,620 [INFO] IPUIPlugin:80 - create IPUIPlugin
2023-03-18 22:15:32,620 [INFO] PluginManager:220 - loadIPPluginJar : add gpio
2023-03-18 22:15:32,679 [INFO] IPUIPlugin:80 - create IPUIPlugin
2023-03-18 22:15:32,679 [INFO] PluginManager:220 - loadIPPluginJar : add gtzc
2023-03-18 22:15:32,697 [INFO] IPUIPlugin:80 - create IPUIPlugin
2023-03-18 22:15:32,697 [INFO] PluginManager:220 - loadIPPluginJar : add hash
2023-03-18 22:15:32,744 [INFO] IPUIPlugin:80 - create IPUIPlugin
2023-03-18 22:15:32,744 [INFO] PluginManager:220 - loadIPPluginJar : add i2c
2023-03-18 22:15:32,777 [INFO] IPUIPlugin:80 - create IPUIPlugin
2023-03-18 22:15:32,777 [INFO] PluginManager:220 - loadIPPluginJar : add i2s
2023-03-18 22:15:32,793 [INFO] IPUIPlugin:80 - create IPUIPlugin
2023-03-18 22:15:32,793 [INFO] PluginManager:220 - loadIPPluginJar : add i3c
2023-03-18 22:15:32,873 [INFO] IPUIPlugin:80 - create IPUIPlugin
2023-03-18 22:15:32,873 [INFO] PluginManager:220 - loadIPPluginJar : add ipddr
2023-03-18 22:15:32,944 [INFO] IPUIPlugin:80 - create IPUIPlugin
2023-03-18 22:15:32,944 [INFO] PluginManager:220 - loadIPPluginJar : add linkedlist
2023-03-18 22:15:32,967 [INFO] IPUIPlugin:80 - create IPUIPlugin
2023-03-18 22:15:32,967 [INFO] PluginManager:220 - loadIPPluginJar : add lorawan
2023-03-18 22:15:33,002 [INFO] IPUIPlugin:80 - create IPUIPlugin
2023-03-18 22:15:33,002 [INFO] PluginManager:220 - loadIPPluginJar : add ltdc
2023-03-18 22:15:33,015 [INFO] IPUIPlugin:80 - create IPUIPlugin
2023-03-18 22:15:33,015 [INFO] PluginManager:220 - loadIPPluginJar : add mdma
2023-03-18 22:15:33,028 [INFO] IPUIPlugin:80 - create IPUIPlugin
2023-03-18 22:15:33,028 [INFO] PluginManager:220 - loadIPPluginJar : add nvic
2023-03-18 22:15:33,058 [INFO] IPUIPlugin:80 - create IPUIPlugin
2023-03-18 22:15:33,058 [INFO] PluginManager:220 - loadIPPluginJar : add opamp
2023-03-18 22:15:33,096 [INFO] IPUIPlugin:80 - create IPUIPlugin
2023-03-18 22:15:33,096 [INFO] PluginManager:220 - loadIPPluginJar : add openamp
2023-03-18 22:15:33,140 [INFO] IPUIPlugin:80 - create IPUIPlugin
2023-03-18 22:15:33,140 [INFO] PluginManager:220 - loadIPPluginJar : add pdm2pcm
2023-03-18 22:15:33,158 [INFO] IPUIPlugin:80 - create IPUIPlugin
2023-03-18 22:15:33,158 [INFO] PluginManager:220 - loadIPPluginJar : add plateformsettings
2023-03-18 22:15:33,191 [INFO] IPUIPlugin:80 - create IPUIPlugin
2023-03-18 22:15:33,191 [INFO] PluginManager:220 - loadIPPluginJar : add quadspi
2023-03-18 22:15:33,204 [INFO] IPUIPlugin:80 - create IPUIPlugin
2023-03-18 22:15:33,204 [INFO] PluginManager:220 - loadIPPluginJar : add resmgrutility
2023-03-18 22:15:33,250 [INFO] IPUIPlugin:80 - create IPUIPlugin
2023-03-18 22:15:33,250 [INFO] PluginManager:220 - loadIPPluginJar : add sai
2023-03-18 22:15:33,283 [INFO] IPUIPlugin:80 - create IPUIPlugin
2023-03-18 22:15:33,283 [INFO] PluginManager:220 - loadIPPluginJar : add spi
2023-03-18 22:15:33,348 [INFO] IPUIPlugin:80 - create IPUIPlugin
2023-03-18 22:15:33,348 [INFO] PluginManager:220 - loadIPPluginJar : add stm32_wpan
2023-03-18 22:15:33,363 [INFO] IPUIPlugin:80 - create IPUIPlugin
2023-03-18 22:15:33,363 [INFO] PluginManager:220 - loadIPPluginJar : add tim
2023-03-18 22:15:33,410 [INFO] IPUIPlugin:80 - create IPUIPlugin
2023-03-18 22:15:33,410 [INFO] PluginManager:220 - loadIPPluginJar : add touchsensing
2023-03-18 22:15:33,427 [INFO] IPUIPlugin:80 - create IPUIPlugin
2023-03-18 22:15:33,427 [INFO] PluginManager:220 - loadIPPluginJar : add tracer_emb
2023-03-18 22:15:33,446 [INFO] IPUIPlugin:80 - create IPUIPlugin
2023-03-18 22:15:33,446 [INFO] PluginManager:220 - loadIPPluginJar : add ts
2023-03-18 22:15:33,456 [INFO] IPUIPlugin:80 - create IPUIPlugin
2023-03-18 22:15:33,456 [INFO] PluginManager:220 - loadIPPluginJar : add tsc
2023-03-18 22:15:33,472 [INFO] IPUIPlugin:80 - create IPUIPlugin
2023-03-18 22:15:33,472 [INFO] PluginManager:220 - loadIPPluginJar : add ucpd
2023-03-18 22:15:33,504 [INFO] IPUIPlugin:80 - create IPUIPlugin
2023-03-18 22:15:33,504 [INFO] PluginManager:220 - loadIPPluginJar : add usart
2023-03-18 22:15:33,537 [INFO] IPUIPlugin:80 - create IPUIPlugin
2023-03-18 22:15:33,537 [INFO] PluginManager:220 - loadIPPluginJar : add usbx
2023-03-18 22:15:33,674 [INFO] CADModel:165 - CPN selected for project level
2023-03-18 22:15:33,674 [INFO] CADModel:114 - Register for checkConnection events
2023-03-18 22:15:33,675 [FATAL] Updater:308 - Updater called before beeing initialized
2023-03-18 22:15:33,675 [ERROR] CADModel:125 - Updater not yet initialized, retry later 
2023-03-18 22:15:33,850 [INFO] CADModel:165 - CPN selected for project level
2023-03-18 22:15:33,850 [INFO] CADModel:114 - Register for checkConnection events
2023-03-18 22:15:33,850 [FATAL] Updater:308 - Updater called before beeing initialized
2023-03-18 22:15:33,850 [ERROR] CADModel:125 - Updater not yet initialized, retry later 
2023-03-18 22:15:33,852 [FATAL] Updater:308 - Updater called before beeing initialized
2023-03-18 22:15:33,975 [FATAL] Updater:308 - Updater called before beeing initialized
2023-03-18 22:15:33,987 [INFO] DbMcusAds:53 - JSON generation date=Tue Mar 07 15:50:55 ICT 2023 (1678179055114)
2023-03-18 22:15:33,988 [FATAL] Updater:308 - Updater called before beeing initialized
2023-03-18 22:15:34,051 [WARN] DetailPanel:346 - Failed to get advertising image, set to default
2023-03-18 22:15:34,170 [FATAL] Updater:308 - Updater called before beeing initialized
2023-03-18 22:15:34,178 [FATAL] Updater:308 - Updater called before beeing initialized
2023-03-18 22:15:34,178 [FATAL] Updater:308 - Updater called before beeing initialized
2023-03-18 22:15:34,178 [WARN] DetailPanel:346 - Failed to get advertising image, set to default
2023-03-18 22:15:34,181 [FATAL] Updater:308 - Updater called before beeing initialized
2023-03-18 22:15:34,241 [ERROR] Updater:1120 - MainUpdater not yet initialized. External WinMGr cannot be set.
2023-03-18 22:15:34,251 [INFO] Updater:1056 - Updater Version found : 6.8.0
2023-03-18 22:15:34,272 [INFO] ApplicationProperties:184 - Using Application install path: C:\ST\STM32CubeIDE_1.12.0\STM32CubeIDE\plugins\com.st.stm32cube.common.mx_6.8.0.202302231600
2023-03-18 22:15:34,273 [INFO] ThirdPartyUpdaterWithRetryManager:70 - Updater plugin not ready yet. [2/15]
2023-03-18 22:15:34,356 [INFO] MainUpdater:519 - Copy updater definitions from MX database
2023-03-18 22:15:34,426 [INFO] MainUpdater:2854 - connection check result : 10
2023-03-18 22:15:34,426 [INFO] MainUpdater:3548 - Updater definition file requires update
2023-03-18 22:15:34,426 [INFO] MainUpdater:283 - Updater Check For Update Now.
2023-03-18 22:15:34,426 [INFO] MicroXplorer:498 - Change Database Version : DB.6.0.80
2023-03-18 22:15:34,466 [INFO] ServerAccessManage:473 - Download File updaters.zip
2023-03-18 22:15:34,557 [INFO] FileExtend:240 - Unzip File : updaters.zip
2023-03-18 22:15:34,558 [INFO] FileExtend:255 - Standard Zip Deflate
2023-03-18 22:15:35,003 [INFO] ServerAccessManage:473 - Download File PacksControlFlags.xml
2023-03-18 22:15:35,139 [INFO] ServerAccessManage:473 - Download File cubemx.pidx
2023-03-18 22:15:35,233 [INFO] LoadServerUpdatesThread:373 - End of LoadServerUpdate Thread
2023-03-18 22:15:35,377 [INFO] CheckServerUpdateThread:120 - End of CheckServer Thread
2023-03-18 22:15:35,470 [INFO] MainUpdater:2854 - connection check result : 10
2023-03-18 22:15:35,473 [INFO] MainUpdater:2854 - connection check result : 10
2023-03-18 22:15:35,615 [INFO] MicroXplorer:468 - Change Database Path : 
2023-03-18 22:15:35,617 [INFO] MicroXplorer:498 - Change Database Version : DB.6.0.80
2023-03-18 22:15:35,617 [WARN] ThirdParty:871 - waiting for thirdparty lock release [close project]
2023-03-18 22:15:37,404 [WARN] PackLoader:240 - Cannot read IP mode file for STMicroelectronics.X-CUBE-GNSS1.6.0.0
2023-03-18 22:15:37,438 [WARN] PackLoader:240 - Cannot read IP mode file for STMicroelectronics.X-CUBE-AZRTOS-F4.1.1.0
2023-03-18 22:15:37,466 [WARN] PackLoader:240 - Cannot read IP mode file for STMicroelectronics.X-CUBE-AZRTOS-F7.1.1.0
2023-03-18 22:15:37,479 [WARN] PackLoader:240 - Cannot read IP mode file for STMicroelectronics.X-CUBE-BLE1.6.2.4
2023-03-18 22:15:37,495 [WARN] PackLoader:240 - Cannot read IP mode file for emotas.I-CUBE-CANOPEN.1.1.3
2023-03-18 22:15:37,511 [WARN] PackLoader:240 - Cannot read IP mode file for STMicroelectronics.X-CUBE-BLEMGR.2.0.0
2023-03-18 22:15:37,526 [WARN] PackLoader:240 - Cannot read IP mode file for STMicroelectronics.X-CUBE-NFC4.2.0.5
2023-03-18 22:15:37,539 [WARN] PackLoader:240 - Cannot read IP mode file for STMicroelectronics.X-CUBE-DISPLAY.3.0.0
2023-03-18 22:15:37,553 [WARN] PackLoader:240 - Cannot read IP mode file for wolfSSL.I-CUBE-wolfSSL.5.5.3
2023-03-18 22:15:37,564 [WARN] PackLoader:240 - Cannot read IP mode file for STMicroelectronics.X-CUBE-NFC7.1.0.0
2023-03-18 22:15:37,580 [WARN] PackLoader:240 - Cannot read IP mode file for STMicroelectronics.X-CUBE-EEPRMA1.4.1.0
2023-03-18 22:15:37,591 [WARN] PackLoader:240 - Cannot read IP mode file for WES.I-CUBE-Cesium.1.3.0
2023-03-18 22:15:37,607 [WARN] PackLoader:240 - Cannot read IP mode file for STMicroelectronics.X-CUBE-SFXS2LP1.4.0.0
2023-03-18 22:15:37,622 [WARN] PackLoader:240 - Cannot read IP mode file for STMicroelectronics.X-CUBE-BLE2.3.3.0
2023-03-18 22:15:37,633 [WARN] PackLoader:240 - Cannot read IP mode file for STMicroelectronics.X-CUBE-DISPLAY.2.2.0
2023-03-18 22:15:37,662 [WARN] PackLoader:240 - Cannot read IP mode file for STMicroelectronics.X-CUBE-TOF1.3.2.0
2023-03-18 22:15:37,697 [WARN] PackLoader:240 - Cannot read IP mode file for STMicroelectronics.X-CUBE-AZRTOS-H7.3.0.0
2023-03-18 22:15:37,714 [WARN] PackLoader:240 - Cannot read IP mode file for STMicroelectronics.X-CUBE-ISPU.1.1.0
2023-03-18 22:15:37,734 [WARN] PackLoader:240 - Cannot read IP mode file for RoweBots.I-CUBE-UNISONRTOS.5.5.0-4
2023-03-18 22:15:37,762 [WARN] PackLoader:240 - Cannot read IP mode file for STMicroelectronics.X-CUBE-AZRTOS-H7.2.1.0
2023-03-18 22:15:37,781 [WARN] PackLoader:240 - Cannot read IP mode file for STMicroelectronics.X-CUBE-AI.8.0.0
2023-03-18 22:15:37,796 [WARN] PackLoader:240 - Cannot read IP mode file for STMicroelectronics.X-CUBE-FREERTOS.1.0.0
2023-03-18 22:15:37,808 [WARN] PackLoader:240 - Cannot read IP mode file for STMicroelectronics.X-CUBE-TOUCHGFX.4.21.1
2023-03-18 22:15:37,820 [WARN] PackLoader:240 - Cannot read IP mode file for STMicroelectronics.X-CUBE-TOUCHGFX.4.21.0
2023-03-18 22:15:37,869 [WARN] PackLoader:240 - Cannot read IP mode file for STMicroelectronics.X-CUBE-MEMS1.9.4.0
2023-03-18 22:15:37,996 [WARN] PackLoader:240 - Cannot read IP mode file for STMicroelectronics.X-CUBE-AI.7.3.0
2023-03-18 22:15:38,010 [WARN] PackLoader:240 - Cannot read IP mode file for STMicroelectronics.X-CUBE-ALGOBUILD.1.3.0
2023-03-18 22:15:38,038 [WARN] PackLoader:240 - Cannot read IP mode file for STMicroelectronics.X-CUBE-AZRTOS-L5.1.1.0
2023-03-18 22:15:38,071 [WARN] PackLoader:240 - Cannot read IP mode file for STMicroelectronics.X-CUBE-AZRTOS-G0.1.1.0
2023-03-18 22:15:38,087 [WARN] PackLoader:240 - Cannot read IP mode file for STMicroelectronics.X-CUBE-SUBG2.5.0.0
2023-03-18 22:15:38,105 [WARN] PackLoader:240 - Cannot read IP mode file for STMicroelectronics.X-CUBE-NFC4.3.0.0
2023-03-18 22:15:38,156 [WARN] PackLoader:240 - Cannot read IP mode file for SEGGER.I-CUBE-embOS.1.2.1
2023-03-18 22:15:38,227 [WARN] PackLoader:240 - Cannot read IP mode file for STMicroelectronics.FP-ATR-ASTRA1.1.1.1
2023-03-18 22:15:38,275 [WARN] PackLoader:240 - Cannot read IP mode file for STMicroelectronics.X-CUBE-BLEMGR.1.3.0
2023-03-18 22:15:38,310 [WARN] PackLoader:240 - Cannot read IP mode file for STMicroelectronics.X-CUBE-AZRTOS-G4.1.0.0
2023-03-18 22:15:38,328 [WARN] PackLoader:240 - Cannot read IP mode file for STMicroelectronics.FP-ATR-SIGFOX1.3.2.0
2023-03-18 22:15:38,355 [WARN] PackLoader:240 - Cannot read IP mode file for STMicroelectronics.X-CUBE-AZRTOS-L4.1.0.0
2023-03-18 22:15:38,366 [WARN] PackLoader:240 - Cannot read IP mode file for STMicroelectronics.X-CUBE-TOUCHGFX.4.20.0
2023-03-18 22:15:38,391 [WARN] PackLoader:240 - Cannot read IP mode file for STMicroelectronics.X-CUBE-AZRTOS-WL.1.0.0
2023-03-18 22:15:38,406 [WARN] PackLoader:240 - Cannot read IP mode file for portGmbH.I-Cube-SoM-uGOAL.1.1.0
2023-03-18 22:15:38,419 [WARN] PackLoader:240 - Cannot read IP mode file for STMicroelectronics.X-CUBE-ALS.1.0.1
2023-03-18 22:15:38,461 [WARN] PackLoader:240 - Cannot read IP mode file for STMicroelectronics.X-CUBE-MEMS1.9.5.0
2023-03-18 22:15:38,600 [WARN] PackLoader:240 - Cannot read IP mode file for STMicroelectronics.X-CUBE-AZRTOS-WB.1.1.0
2023-03-18 22:15:38,628 [WARN] PackLoader:240 - Cannot read IP mode file for SEGGER.I-CUBE-embOS.1.3.1
2023-03-18 22:15:38,684 [WARN] PackLoader:240 - Cannot read IP mode file for STMicroelectronics.X-CUBE-EEPRMA1.3.1.1
2023-03-18 22:15:38,684 [INFO] ThirdParty:978 - Integrity check success = true
2023-03-18 22:15:38,684 [INFO] IntegrityCheckThread:100 - exiting critical section [integrity check]
2023-03-18 22:15:38,684 [INFO] IntegrityCheckThread:103 - End integrity checks thread
2023-03-18 22:15:38,684 [INFO] ThirdParty:873 - entering critical section [close project]
2023-03-18 22:15:38,692 [INFO] ThirdParty:883 - exiting critical section [close project]
2023-03-18 22:15:38,697 [INFO] PinOutPanel:1499 - setPackage(No Configuration,No Configuration)
2023-03-18 22:15:38,705 [INFO] UtilMem:75 - Begin LoadConfig() Used Memory: 169120696 Bytes (298844160)
2023-03-18 22:15:38,713 [INFO] MicroXplorer:468 - Change Database Path : C:/Users/PC/.stm32cubemx/databases/DB.6.0.60/db/
2023-03-18 22:15:38,713 [INFO] MicroXplorer:498 - Change Database Version : DB.6.0.60
2023-03-18 22:15:41,480 [INFO] OpenFileManager:308 - Change cursor
2023-03-18 22:15:41,519 [INFO] Mcu:1937 - Initializing MCU STM32F103C(8-B)Tx STM32F103C8Tx STM32F103C8T6
2023-03-18 22:15:42,400 [INFO] Context:659 - Trying to add GPIOservice into a context  which must be forbidden
2023-03-18 22:15:42,744 [INFO] RtosManager:555 - Registered RTOS mode: class=CMSIS, group=RTOS, mode=CMSIS_V1, owner=FREERTOS
2023-03-18 22:15:42,747 [INFO] RtosManager:555 - Registered RTOS mode: class=CMSIS, group=RTOS2, mode=CMSIS_V2, owner=FREERTOS
2023-03-18 22:15:42,747 [INFO] RtosManager:555 - Registered RTOS mode: class=RTOS, group=Core, mode=CMSIS_V1, owner=FREERTOS
2023-03-18 22:15:42,747 [INFO] RtosManager:555 - Registered RTOS mode: class=RTOS, group=Core, mode=CMSIS_V2, owner=FREERTOS
2023-03-18 22:15:42,747 [WARN] ModelIntegratedComponent:184 - Missing modes for component STMicroelectronics:FreeRTOS:0.0.1:STMicroelectronics:RTOS:FreeRTOS:Core:::10.2.0:
2023-03-18 22:15:42,757 [WARN] ModelIntegratedComponent:63 - No mode defined for component null
2023-03-18 22:15:42,757 [WARN] ModelIntegratedComponent:63 - No mode defined for component null
2023-03-18 22:15:42,757 [WARN] ModelIntegratedComponent:63 - No mode defined for component null
2023-03-18 22:15:42,757 [WARN] ModelIntegratedComponent:63 - No mode defined for component null
2023-03-18 22:15:42,757 [WARN] ModelIntegratedComponent:63 - No mode defined for component null
2023-03-18 22:15:42,757 [WARN] ModelIntegratedComponent:63 - No mode defined for component null
2023-03-18 22:15:42,757 [WARN] ModelIntegratedComponent:63 - No mode defined for component null
2023-03-18 22:15:42,757 [WARN] ModelIntegratedComponent:63 - No mode defined for component null
2023-03-18 22:15:42,757 [WARN] ModelIntegratedComponent:63 - No mode defined for component null
2023-03-18 22:15:42,757 [WARN] ModelIntegratedComponent:63 - No mode defined for component null
2023-03-18 22:15:42,757 [WARN] ModelIntegratedComponent:63 - No mode defined for component null
2023-03-18 22:15:42,757 [WARN] ModelIntegratedComponent:63 - No mode defined for component null
2023-03-18 22:15:42,757 [WARN] ModelIntegratedComponent:63 - No mode defined for component null
2023-03-18 22:15:42,757 [WARN] ModelIntegratedComponent:63 - No mode defined for component null
2023-03-18 22:15:42,757 [WARN] ModelIntegratedComponent:63 - No mode defined for component null
2023-03-18 22:15:42,757 [WARN] ModelIntegratedComponent:63 - No mode defined for component null
2023-03-18 22:15:42,757 [WARN] ModelIntegratedComponent:63 - No mode defined for component null
2023-03-18 22:15:42,757 [WARN] ModelIntegratedComponent:63 - No mode defined for component null
2023-03-18 22:15:42,757 [WARN] ModelIntegratedComponent:63 - No mode defined for component null
2023-03-18 22:15:42,757 [WARN] ModelIntegratedComponent:63 - No mode defined for component null
2023-03-18 22:15:42,757 [WARN] ModelIntegratedComponent:63 - No mode defined for component null
2023-03-18 22:15:42,757 [WARN] ModelIntegratedComponent:63 - No mode defined for component null
2023-03-18 22:15:42,757 [WARN] ModelIntegratedComponent:63 - No mode defined for component null
2023-03-18 22:15:42,757 [WARN] ModelIntegratedComponent:63 - No mode defined for component null
2023-03-18 22:15:42,757 [WARN] ModelIntegratedComponent:63 - No mode defined for component null
2023-03-18 22:15:42,757 [WARN] ModelIntegratedComponent:63 - No mode defined for component null
2023-03-18 22:15:42,757 [WARN] ModelIntegratedComponent:63 - No mode defined for component null
2023-03-18 22:15:42,757 [WARN] ModelIntegratedComponent:63 - No mode defined for component null
2023-03-18 22:15:42,757 [WARN] ModelIntegratedComponent:63 - No mode defined for component null
2023-03-18 22:15:42,757 [WARN] ModelIntegratedComponent:63 - No mode defined for component null
2023-03-18 22:15:42,757 [WARN] ModelIntegratedComponent:63 - No mode defined for component null
2023-03-18 22:15:42,757 [WARN] ModelIntegratedComponent:63 - No mode defined for component null
2023-03-18 22:15:42,757 [WARN] ModelIntegratedComponent:63 - No mode defined for component null
2023-03-18 22:15:42,896 [INFO] ThirdPartyModel:298 - Start build external matchings
2023-03-18 22:15:43,270 [INFO] ThirdPartyModel:316 - End build external matchings
2023-03-18 22:15:43,291 [INFO] ImportTextPane:194 - (OptionalMessage_ERROR) IP (RCC) : Invalid parameter (FamilyName)
2023-03-18 22:15:43,296 [INFO] ImportTextPane:194 - (OptionalMessage_ERROR) IP (RCC) : Parameter (USBFreq_Value) has invalid value (72000000)
2023-03-18 22:15:43,490 [INFO] UtilMem:75 - End LoadConfig() Used Memory: 160459856 Bytes (298844160)
2023-03-18 22:15:43,606 [INFO] ApiDb:581 - Connected to CubeFinder SQLite database (C:\Users\PC\.stmcufinder\plugins\mcufinder\mcu\cube-finder-db.db)
2023-03-18 22:15:43,674 [INFO] ApiDb:668 - CubeFinder database Data Model version=2.1
2023-03-18 22:15:43,674 [INFO] ApiDb:669 - CubeFinder database Configuration version=3.0.35
2023-03-18 22:15:43,674 [INFO] ApiDb:670 - CubeFinder database generation date=2023-03-10 (1678456172)
2023-03-18 22:15:43,674 [INFO] ApiDb:671 - CubeFinder database FW Pack versions=[FP-ATR-ASTRA1_V1.1.1, STM32Cube_FW_C0_V1.0.1, STM32Cube_FW_F0_V1.11.4, STM32Cube_FW_F3_V1.11.4, STM32Cube_FW_F4_V1.27.1, STM32Cube_FW_F7_V1.17.0, STM32Cube_FW_G0_V1.6.1, STM32Cube_FW_G4_V1.5.1, STM32Cube_FW_H5_V0.5.1, STM32Cube_FW_H5_V1.0.0, STM32Cube_FW_H7_V1.11.0, STM32Cube_FW_L0_V1.12.2, STM32Cube_FW_L5_V1.5.0, STM32Cube_FW_U5_V1.2.0, STM32Cube_FW_WBA_V1.0.0, STM32Cube_FW_WBA_V1.0.0RC1, STM32Cube_FW_WBA_V1.0.0RC3, STM32Cube_FW_WB_V1.15.0RC1, STM32Cube_FW_WB_V1.16.0, STM32Cube_FW_WB_V1.16.0RC2, STM32Cube_FW_WL_V1.3.0, X-CUBE-ALGOBUILD_V1.3.0, X-CUBE-ALS_V1.0.1, X-CUBE-AZRTOS-F4_V1.1.0, X-CUBE-AZRTOS-F7_V1.1.0, X-CUBE-AZRTOS-G0_V1.1.0, X-CUBE-AZRTOS-G4_V1.0.0, X-CUBE-AZRTOS-H7_V3.0.0, X-CUBE-AZRTOS-L4_V1.0.0, X-CUBE-AZRTOS-L5_V1.1.0, X-CUBE-AZRTOS-WB_V1.1.0, X-CUBE-AZRTOS-WL_V1.0.0, X-CUBE-BLE1_V6.2.4, X-CUBE-BLE2_V3.3.0, X-CUBE-BLEMGR_V1.3.0, X-CUBE-EEPRMA1_V4.1.0, X-CUBE-GNSS1_V6.0.0, X-CUBE-MEMS1_V9.1.0, X-CUBE-MEMS1_V9.4.0, X-CUBE-MEMS1_V9.5.0, X-CUBE-NFC4_V3.0.0, X-CUBE-NFC7_V1.0.0, X-CUBE-SFXS2LP1_V4.0.0, X-CUBE-SUBG2_V5.0.0]
2023-03-18 22:15:45,779 [INFO] ApiDb:240 - Found 297 in-development CPN: [B-G473E-ZEST1S, B-WB1M-WPAN1, B-WL5M-SUBG1, NUCLEO-C031C6, NUCLEO-H503RB, NUCLEO-H563ZI, NUCLEO-U545RE-Q, NUCLEO-U5A5ZJ-Q, NUCLEO-WBA52CG, STEVAL-PROTEUS1, STEVAL-STWINBX1, STM320518-EVAL, STM32C0116-DK, STM32C011D6Y3TR, STM32C011D6Y6TR, STM32C011F4P3, STM32C011F4P6, STM32C011F4U3, STM32C011F4U6TR, STM32C011F6P3, STM32C011F6P6, STM32C011F6U3, STM32C011F6U6TR, STM32C011J4M3, STM32C011J4M6, STM32C011J6M3, STM32C011J6M6, STM32C0316-DK, STM32C031C4T3, STM32C031C4T6, STM32C031C4U3, STM32C031C4U6, STM32C031C6T3, STM32C031C6T6, STM32C031C6U3, STM32C031C6U6, STM32C031F4P3, STM32C031F4P6, STM32C031F6P3, STM32C031F6P6, STM32C031G4U3, STM32C031G4U6, STM32C031G6U3, STM32C031G6U6, STM32C031K4T3, STM32C031K4T6, STM32C031K4U3, STM32C031K4U6, STM32C031K6T3, STM32C031K6T6, STM32C031K6U3, STM32C031K6U6, STM32G071K8TXN, STM32G071K8UXN, STM32G081GBU6N, STM32G081KBT6N, STM32G081KBUXN, STM32G0B1CCT6N, STM32G0B1KCT6, STM32G0B1NEY6TR, STM32G0B1RCT6N, STM32G0C1CCT6, STM32G0C1CCT6N, STM32G0C1CCU6N, STM32G0C1CET6N, STM32G0C1CEU6N, STM32G0C1KCT6, STM32G0C1NEY6TR, STM32G0C1RCI6N, STM32G0C1RCT6N, STM32G0C1REI6N, STM32G0C1RET6N, STM32G0C1VCI6, STM32G0C1VEI6, STM32G471CCT6, STM32G471CCU6, STM32G471CET3, STM32G471CET6, STM32G471CEU3, STM32G471CEU6, STM32G471MCT6, STM32G471MET3, STM32G471MET6, STM32G471MEY6TR, STM32G471QCT6, STM32G471QET3, STM32G471RCT6, STM32G471RET3, STM32G471RET6, STM32G471VCH6, STM32G471VCI6, STM32G471VCT6, STM32G471VEH3, STM32G471VEH6, STM32G471VEI3, STM32G471VEI6, STM32G471VET3, STM32G471VET6, STM32G474CCT6, STM32H503CBT6, STM32H503CBU6, STM32H503EBY6TR, STM32H503KBU6, STM32H503RBT6, STM32H562AGI6, STM32H562AII6, STM32H562IGK6, STM32H562IGT6, STM32H562IIK6, STM32H562IIT6, STM32H562RGT6, STM32H562RGV6, STM32H562RIT6, STM32H562RIV6, STM32H562VGT6, STM32H562VIT6, STM32H562ZGT6, STM32H562ZIT6, STM32H563AGI6, STM32H563AII3Q, STM32H563AII6, STM32H563IGK6, STM32H563IGT6, STM32H563IIK3Q, STM32H563IIK6, STM32H563IIT3Q, STM32H563IIT6, STM32H563MIY3QTR, STM32H563RGT6, STM32H563RGV6, STM32H563RIT6, STM32H563RIV6, STM32H563VGT6, STM32H563VIT3Q, STM32H563VIT6, STM32H563ZGT6, STM32H563ZIT3Q, STM32H563ZIT6, STM32H573AII3Q, STM32H573AII6, STM32H573I-DK, STM32H573IIK3Q, STM32H573IIK6, STM32H573IIT3Q, STM32H573IIT6, STM32H573MIY3QTR, STM32H573RIT6, STM32H573RIV6, STM32H573VIT3Q, STM32H573VIT6, STM32H573ZIT3Q, STM32H573ZIT6, STM32L4R5QGI6STR, STM32MP131AAE3, STM32MP131AAF3, STM32MP131AAG3, STM32MP131CAE3, STM32MP131CAF3, STM32MP131CAG3, STM32MP131DAE7, STM32MP131DAF7, STM32MP131DAG7, STM32MP131FAE7, STM32MP131FAF7, STM32MP131FAG7, STM32MP133AAE3, STM32MP133AAF3, STM32MP133AAG3, STM32MP133CAE3, STM32MP133CAF3, STM32MP133CAG3, STM32MP133DAE7, STM32MP133DAF7, STM32MP133DAG7, STM32MP133FAE7, STM32MP133FAF7, STM32MP133FAG7, STM32MP135AAE3, STM32MP135AAF3, STM32MP135AAG3, STM32MP135CAE3, STM32MP135CAF3, STM32MP135CAG3, STM32MP135DAE7, STM32MP135DAF7, STM32MP135DAG7, STM32MP135F-DK, STM32MP135FAE7, STM32MP135FAF7, STM32MP135FAF7T, STM32MP135FAF7U, STM32MP135FAG7, STM32U535CBT6, STM32U535CBT6Q, STM32U535CBU6, STM32U535CBU6Q, STM32U535CCT6, STM32U535CCT6Q, STM32U535CCU6, STM32U535CCU6Q, STM32U535CET6, STM32U535CET6Q, STM32U535CEU6, STM32U535CEU6Q, STM32U535JEY6QTR, STM32U535NCY6QTR, STM32U535NEY6QTR, STM32U535RBI6, STM32U535RBI6Q, STM32U535RBT6, STM32U535RBT6Q, STM32U535RCI6, STM32U535RCI6Q, STM32U535RCT6, STM32U535RCT6Q, STM32U535REI6, STM32U535REI6Q, STM32U535RET6, STM32U535RET6Q, STM32U535VCI6, STM32U535VCI6Q, STM32U535VCT6, STM32U535VCT6Q, STM32U535VEI6, STM32U535VEI6Q, STM32U535VET6, STM32U535VET6Q, STM32U545CET6, STM32U545CET6Q, STM32U545CEU6, STM32U545CEU6Q, STM32U545JEY6QTR, STM32U545NEY6QTR, STM32U545REI6, STM32U545REI6Q, STM32U545RET6, STM32U545RET6Q, STM32U545VEI6, STM32U545VEI6Q, STM32U545VET6, STM32U545VET6Q, STM32U595AIH6, STM32U595AIH6Q, STM32U595AJH6, STM32U595AJH6Q, STM32U595QII6, STM32U595QII6Q, STM32U595QJI6, STM32U595QJI6Q, STM32U595RIT6, STM32U595RIT6Q, STM32U595RJT6, STM32U595RJT6Q, STM32U595VIT6, STM32U595VIT6Q, STM32U595VJT6, STM32U595VJT6Q, STM32U595ZIT6, STM32U595ZIT6Q, STM32U595ZIY6QTR, STM32U595ZJT6, STM32U595ZJT6Q, STM32U595ZJY6QTR, STM32U599BJY6QTR, STM32U599NIH6Q, STM32U599NJH6Q, STM32U599VIT6Q, STM32U599VJT6, STM32U599VJT6Q, STM32U599ZIT6Q, STM32U599ZIY6QTR, STM32U599ZJT6Q, STM32U599ZJY6QTR, STM32U5A5AJH6, STM32U5A5AJH6Q, STM32U5A5QJI6, STM32U5A5QJI6Q, STM32U5A5RJT6, STM32U5A5RJT6Q, STM32U5A5VJT6, STM32U5A5VJT6Q, STM32U5A5ZJT6, STM32U5A5ZJT6Q, STM32U5A5ZJY6QTR, STM32U5A9BJY6QTR, STM32U5A9J-DK, STM32U5A9NJH6Q, STM32U5A9VJT6Q, STM32U5A9ZJT6Q, STM32U5A9ZJY6QTR, STM32WB1MMCH6, STM32WBA52CEU6, STM32WBA52CEU6T, STM32WBA52CGU6, STM32WBA52CGU6T, STM32WL5MOCH6, STM32WL5MOCH6TR]
2023-03-18 22:15:45,779 [INFO] DbMcus:216 - Found 3775 MCUs, 3775 are supported
2023-03-18 22:15:45,779 [INFO] ApiDb:423 - Load user favorites file C:\Users\PC/.stm32cubeide/favorites.mcus.txt: 0 item(s)
2023-03-18 22:15:45,779 [INFO] ApiDb:427 - User favorites MCUs=[]
2023-03-18 22:15:45,779 [INFO] DbMcus:222 - Set 0 / 0 favorites MCUs
2023-03-18 22:15:46,082 [WARN] ThirdParty:833 - waiting for thirdparty lock release [change project]
2023-03-18 22:15:46,082 [INFO] ThirdParty:835 - entering critical section [change project]
2023-03-18 22:15:46,082 [INFO] ThirdParty:1030 - CMSIS Pack Vendor :STMicroelectronics X-CUBE-ISPU 1.1.0
2023-03-18 22:15:46,082 [INFO] ThirdParty:1030 - CMSIS Pack Vendor :RoweBots I-CUBE-UNISONRTOS 5.5.0-4
2023-03-18 22:15:46,082 [INFO] ThirdParty:1030 - CMSIS Pack Vendor :STMicroelectronics X-CUBE-GNSS1 6.0.0
2023-03-18 22:15:46,082 [INFO] ThirdParty:1030 - CMSIS Pack Vendor :STMicroelectronics X-CUBE-AZRTOS-H7 2.1.0
2023-03-18 22:15:46,082 [INFO] ThirdParty:1030 - CMSIS Pack Vendor :STMicroelectronics USB_HOST 2.0.0
2023-03-18 22:15:46,082 [INFO] ThirdParty:1030 - CMSIS Pack Vendor :STMicroelectronics X-CUBE-AZRTOS-F4 1.1.0
2023-03-18 22:15:46,086 [INFO] ThirdParty:1030 - CMSIS Pack Vendor :STMicroelectronics LIBJPEG 8.0.0
2023-03-18 22:15:46,086 [INFO] ThirdParty:1030 - CMSIS Pack Vendor :STMicroelectronics USB_DEVICE 3.0.0
2023-03-18 22:15:46,086 [INFO] ThirdParty:1030 - CMSIS Pack Vendor :STMicroelectronics X-CUBE-AI 8.0.0
2023-03-18 22:15:46,086 [INFO] ThirdParty:1030 - CMSIS Pack Vendor :STMicroelectronics X-CUBE-FREERTOS 1.0.0
2023-03-18 22:15:46,086 [INFO] ThirdParty:1030 - CMSIS Pack Vendor :STMicroelectronics X-CUBE-TOUCHGFX 4.21.1
2023-03-18 22:15:46,086 [INFO] ThirdParty:1030 - CMSIS Pack Vendor :STMicroelectronics X-CUBE-TOUCHGFX 4.21.0
2023-03-18 22:15:46,086 [INFO] ThirdParty:1030 - CMSIS Pack Vendor :STMicroelectronics X-CUBE-AZRTOS-F7 1.1.0
2023-03-18 22:15:46,086 [INFO] ThirdParty:1030 - CMSIS Pack Vendor :STMicroelectronics X-CUBE-MEMS1 9.4.0
2023-03-18 22:15:46,086 [INFO] ThirdParty:1030 - CMSIS Pack Vendor :STMicroelectronics USB_DEVICE 2.0.0
2023-03-18 22:15:46,086 [INFO] ThirdParty:1030 - CMSIS Pack Vendor :STMicroelectronics X-CUBE-AI 7.3.0
2023-03-18 22:15:46,086 [INFO] ThirdParty:1030 - CMSIS Pack Vendor :STMicroelectronics X-CUBE-ALGOBUILD 1.3.0
2023-03-18 22:15:46,087 [INFO] ThirdParty:1030 - CMSIS Pack Vendor :STMicroelectronics X-CUBE-BLE1 6.2.4
2023-03-18 22:15:46,087 [INFO] ThirdParty:1030 - CMSIS Pack Vendor :STMicroelectronics X-CUBE-AZRTOS-L5 1.1.0
2023-03-18 22:15:46,087 [INFO] ThirdParty:1030 - CMSIS Pack Vendor :STMicroelectronics FreeRTOS 0.0.1
2023-03-18 22:15:46,087 [INFO] ThirdParty:1030 - CMSIS Pack Vendor :emotas I-CUBE-CANOPEN 1.1.3
2023-03-18 22:15:46,087 [INFO] ThirdParty:1030 - CMSIS Pack Vendor :STMicroelectronics X-CUBE-AZRTOS-G0 1.1.0
2023-03-18 22:15:46,087 [INFO] ThirdParty:1030 - CMSIS Pack Vendor :STMicroelectronics X-CUBE-BLEMGR 2.0.0
2023-03-18 22:15:46,087 [INFO] ThirdParty:1030 - CMSIS Pack Vendor :STMicroelectronics X-CUBE-SUBG2 5.0.0
2023-03-18 22:15:46,087 [INFO] ThirdParty:1030 - CMSIS Pack Vendor :STMicroelectronics X-CUBE-NFC4 3.0.0
2023-03-18 22:15:46,087 [INFO] ThirdParty:1030 - CMSIS Pack Vendor :STMicroelectronics STM32_WPAN 1.0.0
2023-03-18 22:15:46,087 [INFO] ThirdParty:1030 - CMSIS Pack Vendor :SEGGER I-CUBE-embOS 1.2.1
2023-03-18 22:15:46,087 [INFO] ThirdParty:1030 - CMSIS Pack Vendor :STMicroelectronics lwIP 2.0.3
2023-03-18 22:15:46,087 [INFO] ThirdParty:1030 - CMSIS Pack Vendor :STMicroelectronics X-CUBE-NFC4 2.0.5
2023-03-18 22:15:46,087 [INFO] ThirdParty:1030 - CMSIS Pack Vendor :STMicroelectronics USB_HOST 1.0.0
2023-03-18 22:15:46,087 [INFO] ThirdParty:1030 - CMSIS Pack Vendor :STMicroelectronics PDM2PCM 3.1.0
2023-03-18 22:15:46,087 [INFO] ThirdParty:1030 - CMSIS Pack Vendor :STMicroelectronics FP-ATR-ASTRA1 1.1.1
2023-03-18 22:15:46,087 [INFO] ThirdParty:1030 - CMSIS Pack Vendor :STMicroelectronics PDM2PCM 3.3.0
2023-03-18 22:15:46,087 [INFO] ThirdParty:1030 - CMSIS Pack Vendor :STMicroelectronics X-CUBE-DISPLAY 3.0.0
2023-03-18 22:15:46,087 [INFO] ThirdParty:1030 - CMSIS Pack Vendor :STMicroelectronics X-CUBE-BLEMGR 1.3.0
2023-03-18 22:15:46,087 [INFO] ThirdParty:1030 - CMSIS Pack Vendor :wolfSSL I-CUBE-wolfSSL 5.5.3
2023-03-18 22:15:46,087 [INFO] ThirdParty:1030 - CMSIS Pack Vendor :STMicroelectronics X-CUBE-AZRTOS-G4 1.0.0
2023-03-18 22:15:46,087 [INFO] ThirdParty:1030 - CMSIS Pack Vendor :STMicroelectronics FP-ATR-SIGFOX1 3.2.0
2023-03-18 22:15:46,087 [INFO] ThirdParty:1030 - CMSIS Pack Vendor :STMicroelectronics X-CUBE-AZRTOS-L4 1.0.0
2023-03-18 22:15:46,087 [INFO] ThirdParty:1030 - CMSIS Pack Vendor :STMicroelectronics HAL Drivers 0.0.0
2023-03-18 22:15:46,087 [INFO] ThirdParty:1030 - CMSIS Pack Vendor :STMicroelectronics MBEDTLS 2.16.2
2023-03-18 22:15:46,087 [INFO] ThirdParty:1030 - CMSIS Pack Vendor :STMicroelectronics X-CUBE-TOUCHGFX 4.20.0
2023-03-18 22:15:46,087 [INFO] ThirdParty:1030 - CMSIS Pack Vendor :STMicroelectronics MBEDTLS 2.14.1
2023-03-18 22:15:46,087 [INFO] ThirdParty:1030 - CMSIS Pack Vendor :STMicroelectronics X-CUBE-NFC7 1.0.0
2023-03-18 22:15:46,087 [INFO] ThirdParty:1030 - CMSIS Pack Vendor :STMicroelectronics X-CUBE-AZRTOS-WL 1.0.0
2023-03-18 22:15:46,087 [INFO] ThirdParty:1030 - CMSIS Pack Vendor :STMicroelectronics X-CUBE-EEPRMA1 4.1.0
2023-03-18 22:15:46,087 [INFO] ThirdParty:1030 - CMSIS Pack Vendor :portGmbH I-Cube-SoM-uGOAL 1.1.0
2023-03-18 22:15:46,087 [INFO] ThirdParty:1030 - CMSIS Pack Vendor :STMicroelectronics X-CUBE-ALS 1.0.1
2023-03-18 22:15:46,087 [INFO] ThirdParty:1030 - CMSIS Pack Vendor :STMicroelectronics X-CUBE-MEMS1 9.5.0
2023-03-18 22:15:46,087 [INFO] ThirdParty:1030 - CMSIS Pack Vendor :STMicroelectronics ThreadX 1.0.0
2023-03-18 22:15:46,087 [INFO] ThirdParty:1030 - CMSIS Pack Vendor :STMicroelectronics X-CUBE-AZRTOS-WB 1.1.0
2023-03-18 22:15:46,087 [INFO] ThirdParty:1030 - CMSIS Pack Vendor :SEGGER I-CUBE-embOS 1.3.1
2023-03-18 22:15:46,087 [INFO] ThirdParty:1030 - CMSIS Pack Vendor :STMicroelectronics USB_DEVICE 1.0.0
2023-03-18 22:15:46,087 [INFO] ThirdParty:1030 - CMSIS Pack Vendor :STMicroelectronics X-CUBE-EEPRMA1 3.1.1
2023-03-18 22:15:46,087 [INFO] ThirdParty:1030 - CMSIS Pack Vendor :STMicroelectronics ThreadX 0.0.2
2023-03-18 22:15:46,087 [INFO] ThirdParty:1030 - CMSIS Pack Vendor :WES I-CUBE-Cesium 1.3.0
2023-03-18 22:15:46,087 [INFO] ThirdParty:1030 - CMSIS Pack Vendor :STMicroelectronics lwIP 2.1.2
2023-03-18 22:15:46,087 [INFO] ThirdParty:1030 - CMSIS Pack Vendor :STMicroelectronics X-CUBE-SFXS2LP1 4.0.0
2023-03-18 22:15:46,087 [INFO] ThirdParty:1030 - CMSIS Pack Vendor :STMicroelectronics X-CUBE-BLE2 3.3.0
2023-03-18 22:15:46,087 [INFO] ThirdParty:1030 - CMSIS Pack Vendor :STMicroelectronics X-CUBE-DISPLAY 2.2.0
2023-03-18 22:15:46,087 [INFO] ThirdParty:1030 - CMSIS Pack Vendor :STMicroelectronics X-CUBE-TOF1 3.2.0
2023-03-18 22:15:46,087 [INFO] ThirdParty:1030 - CMSIS Pack Vendor :STMicroelectronics PDM2PCM 3.2.0
2023-03-18 22:15:46,087 [INFO] ThirdParty:1030 - CMSIS Pack Vendor :STMicroelectronics X-CUBE-AZRTOS-H7 3.0.0
2023-03-18 22:15:46,087 [INFO] ThirdParty:841 - exiting critical section [change project]
2023-03-18 22:15:46,383 [INFO] PinOutPanel:1499 - setPackage(No Configuration,No Configuration)
2023-03-18 22:15:46,385 [INFO] PinOutPanel:1499 - setPackage(STM32F103C8Tx,LQFP48)
2023-03-18 22:15:46,915 [INFO] UtilMem:75 - Before build in PCC Used Memory: 218287072 Bytes (413138944)
2023-03-18 22:15:47,794 [INFO] UtilMem:75 - After build in PCC Used Memory: 220294240 Bytes (413138944)
2023-03-18 22:15:47,806 [INFO] IPUIPlugin:80 - create IPUIPlugin
2023-03-18 22:15:47,806 [INFO] IPUIPlugin:80 - create IPUIPlugin
2023-03-18 22:15:47,806 [INFO] IPUIPlugin:80 - create IPUIPlugin
2023-03-18 22:15:47,822 [INFO] IPUIPlugin:80 - create IPUIPlugin
2023-03-18 22:15:47,822 [INFO] IPUIPlugin:80 - create IPUIPlugin
2023-03-18 22:15:47,822 [INFO] IPUIPlugin:80 - create IPUIPlugin
2023-03-18 22:15:47,822 [INFO] IPUIPlugin:80 - create IPUIPlugin
2023-03-18 22:15:47,822 [INFO] IPUIPlugin:80 - create IPUIPlugin
2023-03-18 22:15:47,822 [INFO] IPUIPlugin:80 - create IPUIPlugin
2023-03-18 22:15:47,822 [INFO] IPUIPlugin:80 - create IPUIPlugin
2023-03-18 22:15:47,822 [INFO] IPUIPlugin:80 - create IPUIPlugin
2023-03-18 22:15:47,822 [INFO] IPUIPlugin:80 - create IPUIPlugin
2023-03-18 22:15:47,822 [INFO] IPUIPlugin:80 - create IPUIPlugin
2023-03-18 22:15:47,822 [INFO] IPUIPlugin:80 - create IPUIPlugin
2023-03-18 22:15:47,822 [INFO] IPUIPlugin:80 - create IPUIPlugin
2023-03-18 22:15:47,822 [INFO] IPUIPlugin:80 - create IPUIPlugin
2023-03-18 22:15:47,822 [INFO] IPUIPlugin:80 - create IPUIPlugin
2023-03-18 22:15:47,822 [INFO] IPUIPlugin:80 - create IPUIPlugin
2023-03-18 22:15:47,822 [INFO] IPUIPlugin:80 - create IPUIPlugin
2023-03-18 22:15:47,822 [INFO] IPUIPlugin:80 - create IPUIPlugin
2023-03-18 22:15:47,824 [INFO] IPUIPlugin:80 - create IPUIPlugin
2023-03-18 22:15:47,824 [INFO] IPUIPlugin:80 - create IPUIPlugin
2023-03-18 22:15:47,824 [INFO] IPUIPlugin:80 - create IPUIPlugin
2023-03-18 22:15:47,824 [INFO] IPUIPlugin:80 - create IPUIPlugin
2023-03-18 22:15:47,824 [INFO] IPUIPlugin:80 - create IPUIPlugin
2023-03-18 22:15:47,824 [INFO] IPUIPlugin:80 - create IPUIPlugin
2023-03-18 22:15:47,824 [INFO] IPUIPlugin:80 - create IPUIPlugin
2023-03-18 22:15:47,837 [WARN] IP:2113 - I2C_Coeff_DF not found: check if there is a RefParameter without a condition.
2023-03-18 22:15:47,837 [WARN] IP:2113 - Analog_Filter not found: check if there is a RefParameter without a condition.
2023-03-18 22:15:48,066 [INFO] CADModel:165 - CPN selected for project levelSTM32F103C8T6
2023-03-18 22:15:48,066 [INFO] CADModel:114 - Register for checkConnection events
2023-03-18 22:15:48,137 [INFO] OpenFileManager:328 - Restore cursor
2023-03-18 22:15:48,272 [WARN] IP:2113 - I2C_Coeff_DF not found: check if there is a RefParameter without a condition.
2023-03-18 22:15:48,272 [WARN] IP:2113 - Analog_Filter not found: check if there is a RefParameter without a condition.
2023-03-18 22:15:48,272 [WARN] IP:2113 - I2C_Coeff_DF not found: check if there is a RefParameter without a condition.
2023-03-18 22:15:48,272 [WARN] IP:2113 - Analog_Filter not found: check if there is a RefParameter without a condition.
2023-03-18 22:30:42,796 [INFO] MainUpdater:2854 - connection check result : 10
2023-03-18 22:30:42,796 [INFO] MainUpdater:2854 - connection check result : 10
2023-03-18 22:30:42,900 [INFO] MicroXplorer:468 - Change Database Path : 
2023-03-18 22:30:42,900 [INFO] MicroXplorer:498 - Change Database Version : DB.6.0.80
2023-03-18 22:30:42,948 [WARN] ThirdParty:871 - waiting for thirdparty lock release [close project]
2023-03-18 22:30:42,948 [INFO] ThirdParty:873 - entering critical section [close project]
2023-03-18 22:30:42,948 [INFO] ThirdParty:883 - exiting critical section [close project]
2023-03-18 22:30:42,948 [INFO] PinOutPanel:1499 - setPackage(No Configuration,No Configuration)
2023-03-18 22:30:42,979 [INFO] UtilMem:75 - Begin LoadConfig() Used Memory: 206909168 Bytes (508559360)
2023-03-18 22:30:42,985 [INFO] MicroXplorer:468 - Change Database Path : C:/Users/PC/.stm32cubemx/databases/DB.6.0.60/db/
2023-03-18 22:30:42,985 [INFO] MicroXplorer:498 - Change Database Version : DB.6.0.60
2023-03-18 22:30:44,880 [INFO] OpenFileManager:308 - Change cursor
2023-03-18 22:30:44,890 [INFO] Mcu:1937 - Initializing MCU STM32F103C(8-B)Tx STM32F103C8Tx STM32F103C8T6
2023-03-18 22:30:45,296 [INFO] Context:659 - Trying to add GPIOservice into a context  which must be forbidden
2023-03-18 22:30:45,445 [INFO] RtosManager:555 - Registered RTOS mode: class=CMSIS, group=RTOS, mode=CMSIS_V1, owner=FREERTOS
2023-03-18 22:30:45,445 [INFO] RtosManager:555 - Registered RTOS mode: class=CMSIS, group=RTOS2, mode=CMSIS_V2, owner=FREERTOS
2023-03-18 22:30:45,445 [INFO] RtosManager:555 - Registered RTOS mode: class=RTOS, group=Core, mode=CMSIS_V1, owner=FREERTOS
2023-03-18 22:30:45,445 [INFO] RtosManager:555 - Registered RTOS mode: class=RTOS, group=Core, mode=CMSIS_V2, owner=FREERTOS
2023-03-18 22:30:45,445 [WARN] ModelIntegratedComponent:184 - Missing modes for component STMicroelectronics:FreeRTOS:0.0.1:STMicroelectronics:RTOS:FreeRTOS:Core:::10.2.0:
2023-03-18 22:30:45,473 [WARN] ModelIntegratedComponent:63 - No mode defined for component null
2023-03-18 22:30:45,473 [WARN] ModelIntegratedComponent:63 - No mode defined for component null
2023-03-18 22:30:45,473 [WARN] ModelIntegratedComponent:63 - No mode defined for component null
2023-03-18 22:30:45,473 [WARN] ModelIntegratedComponent:63 - No mode defined for component null
2023-03-18 22:30:45,473 [WARN] ModelIntegratedComponent:63 - No mode defined for component null
2023-03-18 22:30:45,473 [WARN] ModelIntegratedComponent:63 - No mode defined for component null
2023-03-18 22:30:45,473 [WARN] ModelIntegratedComponent:63 - No mode defined for component null
2023-03-18 22:30:45,473 [WARN] ModelIntegratedComponent:63 - No mode defined for component null
2023-03-18 22:30:45,473 [WARN] ModelIntegratedComponent:63 - No mode defined for component null
2023-03-18 22:30:45,473 [WARN] ModelIntegratedComponent:63 - No mode defined for component null
2023-03-18 22:30:45,473 [WARN] ModelIntegratedComponent:63 - No mode defined for component null
2023-03-18 22:30:45,473 [WARN] ModelIntegratedComponent:63 - No mode defined for component null
2023-03-18 22:30:45,473 [WARN] ModelIntegratedComponent:63 - No mode defined for component null
2023-03-18 22:30:45,473 [WARN] ModelIntegratedComponent:63 - No mode defined for component null
2023-03-18 22:30:45,473 [WARN] ModelIntegratedComponent:63 - No mode defined for component null
2023-03-18 22:30:45,473 [WARN] ModelIntegratedComponent:63 - No mode defined for component null
2023-03-18 22:30:45,473 [WARN] ModelIntegratedComponent:63 - No mode defined for component null
2023-03-18 22:30:45,473 [WARN] ModelIntegratedComponent:63 - No mode defined for component null
2023-03-18 22:30:45,473 [WARN] ModelIntegratedComponent:63 - No mode defined for component null
2023-03-18 22:30:45,473 [WARN] ModelIntegratedComponent:63 - No mode defined for component null
2023-03-18 22:30:45,473 [WARN] ModelIntegratedComponent:63 - No mode defined for component null
2023-03-18 22:30:45,473 [WARN] ModelIntegratedComponent:63 - No mode defined for component null
2023-03-18 22:30:45,473 [WARN] ModelIntegratedComponent:63 - No mode defined for component null
2023-03-18 22:30:45,473 [WARN] ModelIntegratedComponent:63 - No mode defined for component null
2023-03-18 22:30:45,473 [WARN] ModelIntegratedComponent:63 - No mode defined for component null
2023-03-18 22:30:45,473 [WARN] ModelIntegratedComponent:63 - No mode defined for component null
2023-03-18 22:30:45,473 [WARN] ModelIntegratedComponent:63 - No mode defined for component null
2023-03-18 22:30:45,473 [WARN] ModelIntegratedComponent:63 - No mode defined for component null
2023-03-18 22:30:45,473 [WARN] ModelIntegratedComponent:63 - No mode defined for component null
2023-03-18 22:30:45,473 [WARN] ModelIntegratedComponent:63 - No mode defined for component null
2023-03-18 22:30:45,473 [WARN] ModelIntegratedComponent:63 - No mode defined for component null
2023-03-18 22:30:45,473 [WARN] ModelIntegratedComponent:63 - No mode defined for component null
2023-03-18 22:30:45,473 [WARN] ModelIntegratedComponent:63 - No mode defined for component null
2023-03-18 22:30:45,614 [INFO] ThirdPartyModel:298 - Start build external matchings
2023-03-18 22:30:46,026 [INFO] ThirdPartyModel:316 - End build external matchings
2023-03-18 22:30:46,026 [INFO] ImportTextPane:194 - (OptionalMessage_ERROR) IP (RCC) : Invalid parameter (FamilyName)
2023-03-18 22:30:46,026 [INFO] ImportTextPane:194 - (OptionalMessage_ERROR) IP (RCC) : Parameter (USBFreq_Value) has invalid value (72000000)
2023-03-18 22:30:46,184 [INFO] UtilMem:75 - End LoadConfig() Used Memory: 195338456 Bytes (508559360)
2023-03-18 22:30:46,234 [WARN] ThirdParty:833 - waiting for thirdparty lock release [change project]
2023-03-18 22:30:46,234 [INFO] ThirdParty:835 - entering critical section [change project]
2023-03-18 22:30:46,234 [INFO] ThirdParty:1030 - CMSIS Pack Vendor :STMicroelectronics X-CUBE-ISPU 1.1.0
2023-03-18 22:30:46,234 [INFO] ThirdParty:1030 - CMSIS Pack Vendor :RoweBots I-CUBE-UNISONRTOS 5.5.0-4
2023-03-18 22:30:46,234 [INFO] ThirdParty:1030 - CMSIS Pack Vendor :STMicroelectronics X-CUBE-GNSS1 6.0.0
2023-03-18 22:30:46,234 [INFO] ThirdParty:1030 - CMSIS Pack Vendor :STMicroelectronics X-CUBE-AZRTOS-H7 2.1.0
2023-03-18 22:30:46,234 [INFO] ThirdParty:1030 - CMSIS Pack Vendor :STMicroelectronics USB_HOST 2.0.0
2023-03-18 22:30:46,234 [INFO] ThirdParty:1030 - CMSIS Pack Vendor :STMicroelectronics X-CUBE-AZRTOS-F4 1.1.0
2023-03-18 22:30:46,234 [INFO] ThirdParty:1030 - CMSIS Pack Vendor :STMicroelectronics LIBJPEG 8.0.0
2023-03-18 22:30:46,234 [INFO] ThirdParty:1030 - CMSIS Pack Vendor :STMicroelectronics USB_DEVICE 3.0.0
2023-03-18 22:30:46,234 [INFO] ThirdParty:1030 - CMSIS Pack Vendor :STMicroelectronics X-CUBE-AI 8.0.0
2023-03-18 22:30:46,234 [INFO] ThirdParty:1030 - CMSIS Pack Vendor :STMicroelectronics X-CUBE-FREERTOS 1.0.0
2023-03-18 22:30:46,234 [INFO] ThirdParty:1030 - CMSIS Pack Vendor :STMicroelectronics X-CUBE-TOUCHGFX 4.21.1
2023-03-18 22:30:46,234 [INFO] ThirdParty:1030 - CMSIS Pack Vendor :STMicroelectronics X-CUBE-TOUCHGFX 4.21.0
2023-03-18 22:30:46,234 [INFO] ThirdParty:1030 - CMSIS Pack Vendor :STMicroelectronics X-CUBE-AZRTOS-F7 1.1.0
2023-03-18 22:30:46,234 [INFO] ThirdParty:1030 - CMSIS Pack Vendor :STMicroelectronics X-CUBE-MEMS1 9.4.0
2023-03-18 22:30:46,234 [INFO] ThirdParty:1030 - CMSIS Pack Vendor :STMicroelectronics USB_DEVICE 2.0.0
2023-03-18 22:30:46,234 [INFO] ThirdParty:1030 - CMSIS Pack Vendor :STMicroelectronics X-CUBE-AI 7.3.0
2023-03-18 22:30:46,234 [INFO] ThirdParty:1030 - CMSIS Pack Vendor :STMicroelectronics X-CUBE-ALGOBUILD 1.3.0
2023-03-18 22:30:46,234 [INFO] ThirdParty:1030 - CMSIS Pack Vendor :STMicroelectronics X-CUBE-BLE1 6.2.4
2023-03-18 22:30:46,234 [INFO] ThirdParty:1030 - CMSIS Pack Vendor :STMicroelectronics X-CUBE-AZRTOS-L5 1.1.0
2023-03-18 22:30:46,234 [INFO] ThirdParty:1030 - CMSIS Pack Vendor :STMicroelectronics FreeRTOS 0.0.1
2023-03-18 22:30:46,234 [INFO] ThirdParty:1030 - CMSIS Pack Vendor :emotas I-CUBE-CANOPEN 1.1.3
2023-03-18 22:30:46,234 [INFO] ThirdParty:1030 - CMSIS Pack Vendor :STMicroelectronics X-CUBE-AZRTOS-G0 1.1.0
2023-03-18 22:30:46,234 [INFO] ThirdParty:1030 - CMSIS Pack Vendor :STMicroelectronics X-CUBE-BLEMGR 2.0.0
2023-03-18 22:30:46,234 [INFO] ThirdParty:1030 - CMSIS Pack Vendor :STMicroelectronics X-CUBE-SUBG2 5.0.0
2023-03-18 22:30:46,234 [INFO] ThirdParty:1030 - CMSIS Pack Vendor :STMicroelectronics X-CUBE-NFC4 3.0.0
2023-03-18 22:30:46,234 [INFO] ThirdParty:1030 - CMSIS Pack Vendor :STMicroelectronics STM32_WPAN 1.0.0
2023-03-18 22:30:46,234 [INFO] ThirdParty:1030 - CMSIS Pack Vendor :SEGGER I-CUBE-embOS 1.2.1
2023-03-18 22:30:46,234 [INFO] ThirdParty:1030 - CMSIS Pack Vendor :STMicroelectronics lwIP 2.0.3
2023-03-18 22:30:46,234 [INFO] ThirdParty:1030 - CMSIS Pack Vendor :STMicroelectronics X-CUBE-NFC4 2.0.5
2023-03-18 22:30:46,234 [INFO] ThirdParty:1030 - CMSIS Pack Vendor :STMicroelectronics USB_HOST 1.0.0
2023-03-18 22:30:46,234 [INFO] ThirdParty:1030 - CMSIS Pack Vendor :STMicroelectronics PDM2PCM 3.1.0
2023-03-18 22:30:46,234 [INFO] ThirdParty:1030 - CMSIS Pack Vendor :STMicroelectronics FP-ATR-ASTRA1 1.1.1
2023-03-18 22:30:46,234 [INFO] ThirdParty:1030 - CMSIS Pack Vendor :STMicroelectronics PDM2PCM 3.3.0
2023-03-18 22:30:46,234 [INFO] ThirdParty:1030 - CMSIS Pack Vendor :STMicroelectronics X-CUBE-DISPLAY 3.0.0
2023-03-18 22:30:46,234 [INFO] ThirdParty:1030 - CMSIS Pack Vendor :STMicroelectronics X-CUBE-BLEMGR 1.3.0
2023-03-18 22:30:46,234 [INFO] ThirdParty:1030 - CMSIS Pack Vendor :wolfSSL I-CUBE-wolfSSL 5.5.3
2023-03-18 22:30:46,234 [INFO] ThirdParty:1030 - CMSIS Pack Vendor :STMicroelectronics X-CUBE-AZRTOS-G4 1.0.0
2023-03-18 22:30:46,234 [INFO] ThirdParty:1030 - CMSIS Pack Vendor :STMicroelectronics FP-ATR-SIGFOX1 3.2.0
2023-03-18 22:30:46,234 [INFO] ThirdParty:1030 - CMSIS Pack Vendor :STMicroelectronics X-CUBE-AZRTOS-L4 1.0.0
2023-03-18 22:30:46,234 [INFO] ThirdParty:1030 - CMSIS Pack Vendor :STMicroelectronics HAL Drivers 0.0.0
2023-03-18 22:30:46,234 [INFO] ThirdParty:1030 - CMSIS Pack Vendor :STMicroelectronics MBEDTLS 2.16.2
2023-03-18 22:30:46,234 [INFO] ThirdParty:1030 - CMSIS Pack Vendor :STMicroelectronics X-CUBE-TOUCHGFX 4.20.0
2023-03-18 22:30:46,234 [INFO] ThirdParty:1030 - CMSIS Pack Vendor :STMicroelectronics MBEDTLS 2.14.1
2023-03-18 22:30:46,234 [INFO] ThirdParty:1030 - CMSIS Pack Vendor :STMicroelectronics X-CUBE-NFC7 1.0.0
2023-03-18 22:30:46,234 [INFO] ThirdParty:1030 - CMSIS Pack Vendor :STMicroelectronics X-CUBE-AZRTOS-WL 1.0.0
2023-03-18 22:30:46,234 [INFO] ThirdParty:1030 - CMSIS Pack Vendor :STMicroelectronics X-CUBE-EEPRMA1 4.1.0
2023-03-18 22:30:46,234 [INFO] ThirdParty:1030 - CMSIS Pack Vendor :portGmbH I-Cube-SoM-uGOAL 1.1.0
2023-03-18 22:30:46,234 [INFO] ThirdParty:1030 - CMSIS Pack Vendor :STMicroelectronics X-CUBE-ALS 1.0.1
2023-03-18 22:30:46,234 [INFO] ThirdParty:1030 - CMSIS Pack Vendor :STMicroelectronics X-CUBE-MEMS1 9.5.0
2023-03-18 22:30:46,234 [INFO] ThirdParty:1030 - CMSIS Pack Vendor :STMicroelectronics ThreadX 1.0.0
2023-03-18 22:30:46,234 [INFO] ThirdParty:1030 - CMSIS Pack Vendor :STMicroelectronics X-CUBE-AZRTOS-WB 1.1.0
2023-03-18 22:30:46,234 [INFO] ThirdParty:1030 - CMSIS Pack Vendor :SEGGER I-CUBE-embOS 1.3.1
2023-03-18 22:30:46,234 [INFO] ThirdParty:1030 - CMSIS Pack Vendor :STMicroelectronics USB_DEVICE 1.0.0
2023-03-18 22:30:46,234 [INFO] ThirdParty:1030 - CMSIS Pack Vendor :STMicroelectronics X-CUBE-EEPRMA1 3.1.1
2023-03-18 22:30:46,234 [INFO] ThirdParty:1030 - CMSIS Pack Vendor :STMicroelectronics ThreadX 0.0.2
2023-03-18 22:30:46,234 [INFO] ThirdParty:1030 - CMSIS Pack Vendor :WES I-CUBE-Cesium 1.3.0
2023-03-18 22:30:46,234 [INFO] ThirdParty:1030 - CMSIS Pack Vendor :STMicroelectronics lwIP 2.1.2
2023-03-18 22:30:46,234 [INFO] ThirdParty:1030 - CMSIS Pack Vendor :STMicroelectronics X-CUBE-SFXS2LP1 4.0.0
2023-03-18 22:30:46,234 [INFO] ThirdParty:1030 - CMSIS Pack Vendor :STMicroelectronics X-CUBE-BLE2 3.3.0
2023-03-18 22:30:46,234 [INFO] ThirdParty:1030 - CMSIS Pack Vendor :STMicroelectronics X-CUBE-DISPLAY 2.2.0
2023-03-18 22:30:46,234 [INFO] ThirdParty:1030 - CMSIS Pack Vendor :STMicroelectronics X-CUBE-TOF1 3.2.0
2023-03-18 22:30:46,234 [INFO] ThirdParty:1030 - CMSIS Pack Vendor :STMicroelectronics PDM2PCM 3.2.0
2023-03-18 22:30:46,234 [INFO] ThirdParty:1030 - CMSIS Pack Vendor :STMicroelectronics X-CUBE-AZRTOS-H7 3.0.0
2023-03-18 22:30:46,234 [INFO] ThirdParty:841 - exiting critical section [change project]
2023-03-18 22:30:46,389 [INFO] PinOutPanel:1499 - setPackage(No Configuration,No Configuration)
2023-03-18 22:30:46,391 [INFO] PinOutPanel:1499 - setPackage(STM32F103C8Tx,LQFP48)
2023-03-18 22:30:46,673 [INFO] UtilMem:75 - Before build in PCC Used Memory: 225267136 Bytes (508559360)
2023-03-18 22:30:46,880 [INFO] UtilMem:75 - After build in PCC Used Memory: 266683840 Bytes (508559360)
2023-03-18 22:30:46,901 [INFO] IPUIPlugin:80 - create IPUIPlugin
2023-03-18 22:30:46,901 [INFO] IPUIPlugin:80 - create IPUIPlugin
2023-03-18 22:30:46,901 [INFO] IPUIPlugin:80 - create IPUIPlugin
2023-03-18 22:30:46,901 [INFO] IPUIPlugin:80 - create IPUIPlugin
2023-03-18 22:30:46,902 [INFO] IPUIPlugin:80 - create IPUIPlugin
2023-03-18 22:30:46,902 [INFO] IPUIPlugin:80 - create IPUIPlugin
2023-03-18 22:30:46,902 [INFO] IPUIPlugin:80 - create IPUIPlugin
2023-03-18 22:30:46,902 [INFO] IPUIPlugin:80 - create IPUIPlugin
2023-03-18 22:30:46,902 [INFO] IPUIPlugin:80 - create IPUIPlugin
2023-03-18 22:30:46,902 [INFO] IPUIPlugin:80 - create IPUIPlugin
2023-03-18 22:30:46,902 [INFO] IPUIPlugin:80 - create IPUIPlugin
2023-03-18 22:30:46,902 [INFO] IPUIPlugin:80 - create IPUIPlugin
2023-03-18 22:30:46,902 [INFO] IPUIPlugin:80 - create IPUIPlugin
2023-03-18 22:30:46,902 [INFO] IPUIPlugin:80 - create IPUIPlugin
2023-03-18 22:30:46,902 [INFO] IPUIPlugin:80 - create IPUIPlugin
2023-03-18 22:30:46,902 [INFO] IPUIPlugin:80 - create IPUIPlugin
2023-03-18 22:30:46,902 [INFO] IPUIPlugin:80 - create IPUIPlugin
2023-03-18 22:30:46,902 [INFO] IPUIPlugin:80 - create IPUIPlugin
2023-03-18 22:30:46,902 [INFO] IPUIPlugin:80 - create IPUIPlugin
2023-03-18 22:30:46,902 [INFO] IPUIPlugin:80 - create IPUIPlugin
2023-03-18 22:30:46,902 [INFO] IPUIPlugin:80 - create IPUIPlugin
2023-03-18 22:30:46,902 [INFO] IPUIPlugin:80 - create IPUIPlugin
2023-03-18 22:30:46,902 [INFO] IPUIPlugin:80 - create IPUIPlugin
2023-03-18 22:30:46,902 [INFO] IPUIPlugin:80 - create IPUIPlugin
2023-03-18 22:30:46,902 [INFO] IPUIPlugin:80 - create IPUIPlugin
2023-03-18 22:30:46,902 [INFO] IPUIPlugin:80 - create IPUIPlugin
2023-03-18 22:30:46,902 [INFO] IPUIPlugin:80 - create IPUIPlugin
2023-03-18 22:30:46,907 [WARN] IP:2113 - I2C_Coeff_DF not found: check if there is a RefParameter without a condition.
2023-03-18 22:30:46,907 [WARN] IP:2113 - Analog_Filter not found: check if there is a RefParameter without a condition.
2023-03-18 22:30:46,953 [INFO] CADModel:165 - CPN selected for project levelSTM32F103C8T6
2023-03-18 22:30:46,953 [INFO] CADModel:114 - Register for checkConnection events
2023-03-18 22:30:47,022 [INFO] OpenFileManager:328 - Restore cursor
2023-03-18 22:30:47,133 [WARN] IP:2113 - I2C_Coeff_DF not found: check if there is a RefParameter without a condition.
2023-03-18 22:30:47,133 [WARN] IP:2113 - Analog_Filter not found: check if there is a RefParameter without a condition.
2023-03-18 22:30:47,133 [WARN] IP:2113 - I2C_Coeff_DF not found: check if there is a RefParameter without a condition.
2023-03-18 22:30:47,133 [WARN] IP:2113 - Analog_Filter not found: check if there is a RefParameter without a condition.
2023-03-18 22:31:00,118 [INFO] Gpio:273 - dependency for GPIO [I2C1, RCC, SYS]
2023-03-18 22:31:14,625 [INFO] UtilMem:75 - End SaveConfig() Used Memory: 190410256 Bytes (508559360)
2023-03-18 22:31:14,749 [INFO] UtilMem:75 - End SaveConfig() Used Memory: 213583008 Bytes (508559360)
2023-03-18 22:31:16,586 [INFO] UtilMem:75 - End SaveConfig() Used Memory: 220334448 Bytes (508559360)
2023-03-18 22:31:17,157 [INFO] BlockDiagram:2759 - set Specific Code input for plugin: NVIC
2023-03-18 22:31:17,157 [INFO] BlockDiagram:2759 - set Specific Code input for plugin: TIM1_8F1
2023-03-18 22:31:17,157 [INFO] BlockDiagram:2759 - set Specific Code input for plugin: SYS
2023-03-18 22:31:17,157 [INFO] BlockDiagram:2759 - set Specific Code input for plugin: GPIO
2023-03-18 22:31:17,157 [INFO] BlockDiagram:2759 - set Specific Code input for plugin: RCC
2023-03-18 22:31:17,157 [INFO] BlockDiagram:2759 - set Specific Code input for plugin: I2C
2023-03-18 22:31:17,157 [INFO] CodeGenerator:793 - code generatio: config db path: C:/Users/PC/.stm32cubemx/databases/DB.6.0.60/db/
2023-03-18 22:31:17,172 [WARN] IP:2113 - I2C_Coeff_DF not found: check if there is a RefParameter without a condition.
2023-03-18 22:31:17,172 [WARN] IP:2113 - Analog_Filter not found: check if there is a RefParameter without a condition.
2023-03-18 22:31:17,537 [INFO] CodeEngine:255 - oldGeneratedFile, D:\BTL_ViXuLy\code_stm32_ds1307_clock_lcd (1)\code_stm32_ds1307_clock_lcd\MXTmpFiles\license.tmp_save
2023-03-18 22:31:17,950 [INFO] CodeEngine:279 - Generated code: D:\BTL_ViXuLy\code_stm32_ds1307_clock_lcd (1)\code_stm32_ds1307_clock_lcd\MXTmpFiles\license.tmp
2023-03-18 22:31:18,078 [INFO] CodeEngine:255 - oldGeneratedFile, D:\BTL_ViXuLy\code_stm32_ds1307_clock_lcd (1)\code_stm32_ds1307_clock_lcd\MXTmpFiles\gpio.tmp_save
2023-03-18 22:31:18,207 [INFO] CodeEngine:279 - Generated code: D:\BTL_ViXuLy\code_stm32_ds1307_clock_lcd (1)\code_stm32_ds1307_clock_lcd\MXTmpFiles\gpio.tmp
2023-03-18 22:31:18,523 [INFO] CodeEngine:255 - oldGeneratedFile, D:\BTL_ViXuLy\code_stm32_ds1307_clock_lcd (1)\code_stm32_ds1307_clock_lcd\Core\Src\stm32f1xx_it.c_save
2023-03-18 22:31:18,646 [INFO] CodeEngine:279 - Generated code: D:\BTL_ViXuLy\code_stm32_ds1307_clock_lcd (1)\code_stm32_ds1307_clock_lcd\Core\Src\stm32f1xx_it.c
2023-03-18 22:31:18,662 [INFO] CodeEngine:255 - oldGeneratedFile, D:\BTL_ViXuLy\code_stm32_ds1307_clock_lcd (1)\code_stm32_ds1307_clock_lcd\Core\Inc\stm32f1xx_it.h_save
2023-03-18 22:31:18,757 [INFO] CodeEngine:279 - Generated code: D:\BTL_ViXuLy\code_stm32_ds1307_clock_lcd (1)\code_stm32_ds1307_clock_lcd\Core\Inc\stm32f1xx_it.h
2023-03-18 22:31:18,779 [INFO] CodeEngine:255 - oldGeneratedFile, D:\BTL_ViXuLy\code_stm32_ds1307_clock_lcd (1)\code_stm32_ds1307_clock_lcd\Core\Src\stm32f1xx_hal_msp.c_save
2023-03-18 22:31:18,918 [INFO] CodeEngine:279 - Generated code: D:\BTL_ViXuLy\code_stm32_ds1307_clock_lcd (1)\code_stm32_ds1307_clock_lcd\Core\Src\stm32f1xx_hal_msp.c
2023-03-18 22:31:18,920 [INFO] CodeEngine:255 - oldGeneratedFile, D:\BTL_ViXuLy\code_stm32_ds1307_clock_lcd (1)\code_stm32_ds1307_clock_lcd\MXTmpFiles\system.tmp_save
2023-03-18 22:31:18,997 [INFO] CodeEngine:279 - Generated code: D:\BTL_ViXuLy\code_stm32_ds1307_clock_lcd (1)\code_stm32_ds1307_clock_lcd\MXTmpFiles\system.tmp
2023-03-18 22:31:19,020 [INFO] CodeEngine:311 - oldGeneratedFile, D:\BTL_ViXuLy\code_stm32_ds1307_clock_lcd (1)\code_stm32_ds1307_clock_lcd\Core\Inc\stm32f1xx_hal_conf.h_save
2023-03-18 22:31:19,126 [INFO] CodeEngine:335 - Generated code: D:\BTL_ViXuLy\code_stm32_ds1307_clock_lcd (1)\code_stm32_ds1307_clock_lcd\Core\Inc\stm32f1xx_hal_conf.h
2023-03-18 22:31:19,168 [WARN] IPConfigManager:3431 - IP not found : TIM
2023-03-18 22:31:19,168 [WARN] CodeGenerator:3754 - IP not found : null
2023-03-18 22:31:19,184 [INFO] CodeEngine:255 - oldGeneratedFile, D:\BTL_ViXuLy\code_stm32_ds1307_clock_lcd (1)\code_stm32_ds1307_clock_lcd\Core\Inc\main.h_save
2023-03-18 22:31:19,294 [INFO] CodeEngine:279 - Generated code: D:\BTL_ViXuLy\code_stm32_ds1307_clock_lcd (1)\code_stm32_ds1307_clock_lcd\Core\Inc\main.h
2023-03-18 22:31:19,311 [INFO] CodeEngine:255 - oldGeneratedFile, D:\BTL_ViXuLy\code_stm32_ds1307_clock_lcd (1)\code_stm32_ds1307_clock_lcd\Core\Src\main.c_save
2023-03-18 22:31:19,454 [INFO] CodeEngine:279 - Generated code: D:\BTL_ViXuLy\code_stm32_ds1307_clock_lcd (1)\code_stm32_ds1307_clock_lcd\Core\Src\main.c
2023-03-18 22:31:20,241 [INFO] ProjectBuilder:2996 - Time for Copy HAL[1] : 131mS.
2023-03-18 22:31:20,254 [INFO] ProjectBuilder:4304 - Project Generator version: 3.19.2
2023-03-18 22:31:20,656 [INFO] ConfigFileManager:1483 - The Die is : DIE410
2023-03-18 22:31:20,688 [INFO] ApiDbMcu:507 - Load IP Config File for FATFS
2023-03-18 22:31:20,688 [INFO] ApiDbMcu:507 - Load IP Config File for FREERTOS
2023-03-18 22:31:20,710 [INFO] ApiDbMcu:507 - Load IP Config File for USB_DEVICE
2023-03-18 22:31:21,912 [INFO] LogOutputStream:77 - [STDOUT_REDIRECT] 
2023-03-18 22:31:23,568 [INFO] ProjectBuilder:4505 - Time for Generating toolchain IDE Files: 3312mS.
2023-03-18 22:31:23,568 [INFO] ProjectBuilder:2867 - Time for Copy CMSIS : 0mS.
2023-03-18 22:31:23,568 [INFO] ProjectBuilder:2867 - Time for Copy CMSIS : 0mS.
2023-03-18 23:59:55,171 [INFO] Activator:176 - 


2023-03-18 23:59:55,171 [INFO] Activator:177 - !SESSION log4j initialized
