2023-03-15 21:02:53,743 [INFO] Activator:176 - 


2023-03-15 21:02:53,743 [INFO] Activator:177 - !SESSION log4j initialized
2023-03-15 21:02:56,774 [INFO] LogOutputStream:77 - [STDOUT_REDIRECT] 
2023-03-15 21:03:32,355 [ERROR] LogOutputStream:75 - [STDERR_REDIRECT] SLF4J: Failed to load class "org.slf4j.impl.StaticLoggerBinder".
2023-03-15 21:03:32,355 [ERROR] LogOutputStream:75 - [STDERR_REDIRECT] SLF4J: Defaulting to no-operation (NOP) logger implementation
2023-03-15 21:03:32,358 [ERROR] LogOutputStream:75 - [STDERR_REDIRECT] SLF4J: See http://www.slf4j.org/codes.html#StaticLoggerBinder for further details.
2023-03-15 22:06:06,806 [INFO] Activator:176 - 


2023-03-15 22:06:06,806 [INFO] Activator:177 - !SESSION log4j initialized
2023-03-15 22:06:09,708 [INFO] LogOutputStream:77 - [STDOUT_REDIRECT] 
2023-03-15 22:06:14,852 [INFO] ApplicationProperties:184 - Using Application install path: C:\ST\STM32CubeIDE_1.12.0\STM32CubeIDE\plugins\com.st.stm32cube.common.mx_6.8.0.202302231600
2023-03-15 22:06:14,870 [INFO] DbMcusXml:78 - Set database path to: C:\ST\STM32CubeIDE_1.12.0\STM32CubeIDE\plugins\com.st.stm32cube.common.mx_6.8.0.202302231600\\db\/mcu/
2023-03-15 22:06:14,874 [INFO] ApiDb:274 - Set plugin database path to: C:\ST\STM32CubeIDE_1.12.0\STM32CubeIDE\plugins\com.st.stm32cube.common.mx_6.8.0.202302231600\\db\/plugins/boardmanager/
2023-03-15 22:06:14,874 [WARN] ApiDb:259 - Overriding images path with different value:  => C:\ST\STM32CubeIDE_1.12.0\STM32CubeIDE\plugins\com.st.stm32cube.common.mx_6.8.0.202302231600\\db\/plugins/mcufinder/images/
2023-03-15 22:06:15,816 [INFO] ApiDb:250 - Set database path to: C:\Users\PC\.stmcufinder\plugins\mcufinder//mcu/
2023-03-15 22:06:15,817 [INFO] DbMcusAds:125 - Set database path to: C:\Users\PC\.stmcufinder\plugins\mcufinder//mcu/
2023-03-15 22:06:15,817 [INFO] CrossReferenceDbSqlite:203 - Set database path to: C:\Users\PC\.stmcufinder\plugins\mcufinder//mcu/cs/
2023-03-15 22:06:15,946 [INFO] RulesReader:64 - Compatibility file has been processed (293 Rules)
2023-03-15 22:06:16,040 [INFO] DbMcusXml:78 - Set database path to: C:\ST\STM32CubeIDE_1.12.0\STM32CubeIDE\plugins\com.st.stm32cube.common.mx_6.8.0.202302231600\\db\/mcu/
2023-03-15 22:06:16,040 [INFO] ApiDb:274 - Set plugin database path to: C:\ST\STM32CubeIDE_1.12.0\STM32CubeIDE\plugins\com.st.stm32cube.common.mx_6.8.0.202302231600\\db\/plugins/boardmanager/
2023-03-15 22:06:16,040 [INFO] ApiDb:261 - Set plugin images path to: C:\ST\STM32CubeIDE_1.12.0\STM32CubeIDE\plugins\com.st.stm32cube.common.mx_6.8.0.202302231600\\db\/plugins/mcufinder/images/
2023-03-15 22:06:16,040 [WARN] DbFile:41 - Overriding database path with different value: C:\Users\PC\.stmcufinder\plugins\mcufinder/ => C:\Users\PC\.stmcufinder\plugins\mcufinder
2023-03-15 22:06:16,040 [INFO] ApiDb:250 - Set database path to: C:\Users\PC\.stmcufinder\plugins\mcufinder//mcu/
2023-03-15 22:06:16,044 [WARN] DbFile:41 - Overriding database path with different value: C:\Users\PC\.stmcufinder\plugins\mcufinder/ => C:\Users\PC\.stmcufinder\plugins\mcufinder
2023-03-15 22:06:16,044 [INFO] DbMcusAds:125 - Set database path to: C:\Users\PC\.stmcufinder\plugins\mcufinder//mcu/
2023-03-15 22:06:16,044 [WARN] DbFile:41 - Overriding database path with different value: C:\Users\PC\.stmcufinder\plugins\mcufinder/ => C:\Users\PC\.stmcufinder\plugins\mcufinder
2023-03-15 22:06:16,044 [WARN] DbFile:41 - Overriding database path with different value: C:\Users\PC\.stmcufinder\plugins\mcufinder/ => C:\Users\PC\.stmcufinder\plugins\mcufinder
2023-03-15 22:06:16,044 [INFO] CrossReferenceDbSqlite:203 - Set database path to: C:\Users\PC\.stmcufinder\plugins\mcufinder//mcu/cs/
2023-03-15 22:06:16,102 [INFO] MainPanel:253 - HeapMemory: 268435456
2023-03-15 22:06:16,180 [INFO] DbMcusXml:78 - Set database path to: C:\ST\STM32CubeIDE_1.12.0\STM32CubeIDE\plugins\com.st.stm32cube.common.mx_6.8.0.202302231600\\db\/mcu/
2023-03-15 22:06:16,180 [INFO] ApiDb:274 - Set plugin database path to: C:\ST\STM32CubeIDE_1.12.0\STM32CubeIDE\plugins\com.st.stm32cube.common.mx_6.8.0.202302231600\\db\/plugins/boardmanager/
2023-03-15 22:06:16,180 [INFO] ApiDb:261 - Set plugin images path to: C:\ST\STM32CubeIDE_1.12.0\STM32CubeIDE\plugins\com.st.stm32cube.common.mx_6.8.0.202302231600\\db\/plugins/mcufinder/images/
2023-03-15 22:06:16,180 [WARN] DbFile:41 - Overriding database path with different value: C:\Users\PC\.stmcufinder\plugins\mcufinder/ => C:\Users\PC\.stmcufinder\plugins\mcufinder
2023-03-15 22:06:16,180 [INFO] ApiDb:250 - Set database path to: C:\Users\PC\.stmcufinder\plugins\mcufinder//mcu/
2023-03-15 22:06:16,180 [WARN] DbFile:41 - Overriding database path with different value: C:\Users\PC\.stmcufinder\plugins\mcufinder/ => C:\Users\PC\.stmcufinder\plugins\mcufinder
2023-03-15 22:06:16,180 [INFO] DbMcusAds:125 - Set database path to: C:\Users\PC\.stmcufinder\plugins\mcufinder//mcu/
2023-03-15 22:06:16,180 [WARN] DbFile:41 - Overriding database path with different value: C:\Users\PC\.stmcufinder\plugins\mcufinder/ => C:\Users\PC\.stmcufinder\plugins\mcufinder
2023-03-15 22:06:16,180 [WARN] DbFile:41 - Overriding database path with different value: C:\Users\PC\.stmcufinder\plugins\mcufinder/ => C:\Users\PC\.stmcufinder\plugins\mcufinder
2023-03-15 22:06:16,180 [INFO] CrossReferenceDbSqlite:203 - Set database path to: C:\Users\PC\.stmcufinder\plugins\mcufinder//mcu/cs/
2023-03-15 22:06:16,203 [INFO] ApplicationProperties:184 - Using Application install path: C:\ST\STM32CubeIDE_1.12.0\STM32CubeIDE\plugins\com.st.stm32cube.common.mx_6.8.0.202302231600
2023-03-15 22:06:16,213 [INFO] PluginManage:196 - Search for loadable plugins [exclusion list=, ]
2023-03-15 22:06:16,214 [INFO] PluginManage:310 - Check plugin analytics
2023-03-15 22:06:16,354 [INFO] AnalyticsPlugin:253 - Accepted Software Licenses: STM32CubeMX.6.7.0
2023-03-15 22:06:16,354 [INFO] AnalyticsPlugin:255 - Accepted CMSIS Pack Licenses: 
2023-03-15 22:06:16,354 [INFO] AnalyticsPlugin:257 - Accepted Firmware Licenses: 
2023-03-15 22:06:16,365 [INFO] PluginManage:359 - Loaded plugin analytics (category:tool,tabindex:-1)
2023-03-15 22:06:16,365 [INFO] PluginManage:310 - Check plugin cadmodel
2023-03-15 22:06:16,373 [INFO] CADModel:105 - Init CAD model plugin
2023-03-15 22:06:16,373 [INFO] PluginManage:359 - Loaded plugin cadmodel (category:power,tabindex:5)
2023-03-15 22:06:16,373 [INFO] PluginManage:310 - Check plugin clock
2023-03-15 22:06:16,401 [INFO] PluginManage:359 - Loaded plugin clock (category:base,tabindex:2)
2023-03-15 22:06:16,401 [INFO] PluginManage:310 - Check plugin ddr
2023-03-15 22:06:16,401 [INFO] PluginManage:359 - Loaded plugin ddr (category:tool,tabindex:6)
2023-03-15 22:06:16,401 [INFO] PluginManage:310 - Check plugin filemanager
2023-03-15 22:06:16,530 [INFO] PluginManage:359 - Loaded plugin filemanager (category:base,tabindex:10)
2023-03-15 22:06:16,530 [INFO] PluginManage:310 - Check plugin ipmanager
2023-03-15 22:06:16,537 [INFO] PluginManage:359 - Loaded plugin ipmanager (category:base,tabindex:5)
2023-03-15 22:06:16,537 [INFO] PluginManage:310 - Check plugin lpbam
2023-03-15 22:06:16,543 [INFO] PluginManage:359 - Loaded plugin lpbam (category:base,tabindex:0)
2023-03-15 22:06:16,543 [INFO] PluginManage:310 - Check plugin pinoutandconfiguration
2023-03-15 22:06:16,560 [INFO] PluginManage:359 - Loaded plugin pinoutandconfiguration (category:base,tabindex:1)
2023-03-15 22:06:16,560 [INFO] PluginManage:310 - Check plugin pinoutconfig
2023-03-15 22:06:16,654 [WARN] SupportedApi:132 - Cannot load RTOS API schema: s4s-elt-must-match.1: The content of 'definitions' must match (annotation?, (simpleType | complexType)?, (unique | key | keyref)*)). A problem was found starting at: attribute.
2023-03-15 22:06:16,780 [INFO] PluginManage:359 - Loaded plugin pinoutconfig (category:base,tabindex:0)
2023-03-15 22:06:16,780 [INFO] PluginManage:310 - Check plugin power
2023-03-15 22:06:16,798 [INFO] PluginManage:359 - Loaded plugin power (category:power,tabindex:4)
2023-03-15 22:06:16,798 [INFO] PluginManage:310 - Check plugin projectmanager
2023-03-15 22:06:16,814 [INFO] PluginManage:359 - Loaded plugin projectmanager (category:projectmanager,tabindex:3)
2023-03-15 22:06:16,814 [INFO] PluginManage:310 - Check plugin thirdparty
2023-03-15 22:06:17,017 [INFO] PluginManage:359 - Loaded plugin thirdparty (category:base,tabindex:-1)
2023-03-15 22:06:17,017 [INFO] PluginManage:310 - Check plugin tools
2023-03-15 22:06:17,017 [WARN] IntegrityCheckThread:84 - waiting for thirdparty lock release [integrity check]
2023-03-15 22:06:17,017 [INFO] IntegrityCheckThread:86 - entering critical section [integrity check]
2023-03-15 22:06:17,017 [INFO] ThirdPartyUpdaterWithRetryManager:70 - Updater plugin not ready yet. [1/15]
2023-03-15 22:06:17,033 [INFO] PluginManage:359 - Loaded plugin tools (category:base,tabindex:7)
2023-03-15 22:06:17,033 [INFO] PluginManage:310 - Check plugin tutovideos
2023-03-15 22:06:17,226 [INFO] PluginManage:359 - Loaded plugin tutovideos (category:base,tabindex:-1)
2023-03-15 22:06:17,226 [INFO] PluginManage:310 - Check plugin updater
2023-03-15 22:06:17,241 [INFO] PluginManage:359 - Loaded plugin updater (category:base,tabindex:12)
2023-03-15 22:06:17,241 [INFO] PluginManage:283 - PluginManage : Loaded plugins [15]
2023-03-15 22:06:17,476 [INFO] PinOutPanel:1499 - setPackage(No Configuration,No Configuration)
2023-03-15 22:06:17,523 [INFO] CADModel:165 - CPN selected for project level
2023-03-15 22:06:17,523 [INFO] CADModel:114 - Register for checkConnection events
2023-03-15 22:06:17,561 [INFO] IPUIPlugin:80 - create IPUIPlugin
2023-03-15 22:06:17,561 [INFO] PluginManager:220 - loadIPPluginJar : add adc
2023-03-15 22:06:17,590 [INFO] IPUIPlugin:80 - create IPUIPlugin
2023-03-15 22:06:17,590 [INFO] PluginManager:220 - loadIPPluginJar : add aes
2023-03-15 22:06:17,617 [INFO] IPUIPlugin:80 - create IPUIPlugin
2023-03-15 22:06:17,617 [INFO] PluginManager:220 - loadIPPluginJar : add can
2023-03-15 22:06:17,633 [INFO] IPUIPlugin:80 - create IPUIPlugin
2023-03-15 22:06:17,633 [INFO] PluginManager:220 - loadIPPluginJar : add comp
2023-03-15 22:06:17,653 [INFO] IPUIPlugin:80 - create IPUIPlugin
2023-03-15 22:06:17,653 [INFO] PluginManager:220 - loadIPPluginJar : add cryp
2023-03-15 22:06:17,670 [INFO] IPUIPlugin:80 - create IPUIPlugin
2023-03-15 22:06:17,670 [INFO] PluginManager:220 - loadIPPluginJar : add dfsdm
2023-03-15 22:06:17,683 [INFO] IPUIPlugin:80 - create IPUIPlugin
2023-03-15 22:06:17,683 [INFO] PluginManager:220 - loadIPPluginJar : add dma
2023-03-15 22:06:17,707 [INFO] IPUIPlugin:80 - create IPUIPlugin
2023-03-15 22:06:17,707 [INFO] PluginManager:220 - loadIPPluginJar : add dma3
2023-03-15 22:06:17,735 [INFO] IPUIPlugin:80 - create IPUIPlugin
2023-03-15 22:06:17,735 [INFO] PluginManager:220 - loadIPPluginJar : add fatfs
2023-03-15 22:06:17,761 [INFO] IPUIPlugin:80 - create IPUIPlugin
2023-03-15 22:06:17,761 [INFO] PluginManager:220 - loadIPPluginJar : add fmc
2023-03-15 22:06:17,777 [INFO] IPUIPlugin:80 - create IPUIPlugin
2023-03-15 22:06:17,777 [INFO] PluginManager:220 - loadIPPluginJar : add freertos
2023-03-15 22:06:17,792 [INFO] IPUIPlugin:80 - create IPUIPlugin
2023-03-15 22:06:17,792 [INFO] PluginManager:220 - loadIPPluginJar : add genericplugin
2023-03-15 22:06:17,847 [INFO] IPUIPlugin:80 - create IPUIPlugin
2023-03-15 22:06:17,847 [INFO] PluginManager:220 - loadIPPluginJar : add gfxmmu
2023-03-15 22:06:17,920 [INFO] IPUIPlugin:80 - create IPUIPlugin
2023-03-15 22:06:17,920 [INFO] PluginManager:220 - loadIPPluginJar : add gic
2023-03-15 22:06:17,935 [INFO] IPUIPlugin:80 - create IPUIPlugin
2023-03-15 22:06:17,935 [INFO] PluginManager:220 - loadIPPluginJar : add gpio
2023-03-15 22:06:17,985 [INFO] IPUIPlugin:80 - create IPUIPlugin
2023-03-15 22:06:17,985 [INFO] PluginManager:220 - loadIPPluginJar : add gtzc
2023-03-15 22:06:18,001 [INFO] IPUIPlugin:80 - create IPUIPlugin
2023-03-15 22:06:18,001 [INFO] PluginManager:220 - loadIPPluginJar : add hash
2023-03-15 22:06:18,039 [INFO] IPUIPlugin:80 - create IPUIPlugin
2023-03-15 22:06:18,039 [INFO] PluginManager:220 - loadIPPluginJar : add i2c
2023-03-15 22:06:18,063 [INFO] IPUIPlugin:80 - create IPUIPlugin
2023-03-15 22:06:18,063 [INFO] PluginManager:220 - loadIPPluginJar : add i2s
2023-03-15 22:06:18,103 [INFO] IPUIPlugin:80 - create IPUIPlugin
2023-03-15 22:06:18,103 [INFO] PluginManager:220 - loadIPPluginJar : add i3c
2023-03-15 22:06:18,162 [INFO] IPUIPlugin:80 - create IPUIPlugin
2023-03-15 22:06:18,162 [INFO] PluginManager:220 - loadIPPluginJar : add ipddr
2023-03-15 22:06:18,222 [INFO] IPUIPlugin:80 - create IPUIPlugin
2023-03-15 22:06:18,222 [INFO] PluginManager:220 - loadIPPluginJar : add linkedlist
2023-03-15 22:06:18,241 [INFO] IPUIPlugin:80 - create IPUIPlugin
2023-03-15 22:06:18,241 [INFO] PluginManager:220 - loadIPPluginJar : add lorawan
2023-03-15 22:06:18,261 [INFO] IPUIPlugin:80 - create IPUIPlugin
2023-03-15 22:06:18,261 [INFO] PluginManager:220 - loadIPPluginJar : add ltdc
2023-03-15 22:06:18,270 [INFO] IPUIPlugin:80 - create IPUIPlugin
2023-03-15 22:06:18,270 [INFO] PluginManager:220 - loadIPPluginJar : add mdma
2023-03-15 22:06:18,281 [INFO] IPUIPlugin:80 - create IPUIPlugin
2023-03-15 22:06:18,281 [INFO] PluginManager:220 - loadIPPluginJar : add nvic
2023-03-15 22:06:18,302 [INFO] IPUIPlugin:80 - create IPUIPlugin
2023-03-15 22:06:18,302 [INFO] PluginManager:220 - loadIPPluginJar : add opamp
2023-03-15 22:06:18,334 [INFO] IPUIPlugin:80 - create IPUIPlugin
2023-03-15 22:06:18,334 [INFO] PluginManager:220 - loadIPPluginJar : add openamp
2023-03-15 22:06:18,362 [INFO] IPUIPlugin:80 - create IPUIPlugin
2023-03-15 22:06:18,362 [INFO] PluginManager:220 - loadIPPluginJar : add pdm2pcm
2023-03-15 22:06:18,369 [INFO] IPUIPlugin:80 - create IPUIPlugin
2023-03-15 22:06:18,369 [INFO] PluginManager:220 - loadIPPluginJar : add plateformsettings
2023-03-15 22:06:18,397 [INFO] IPUIPlugin:80 - create IPUIPlugin
2023-03-15 22:06:18,397 [INFO] PluginManager:220 - loadIPPluginJar : add quadspi
2023-03-15 22:06:18,404 [INFO] IPUIPlugin:80 - create IPUIPlugin
2023-03-15 22:06:18,404 [INFO] PluginManager:220 - loadIPPluginJar : add resmgrutility
2023-03-15 22:06:18,433 [INFO] IPUIPlugin:80 - create IPUIPlugin
2023-03-15 22:06:18,433 [INFO] PluginManager:220 - loadIPPluginJar : add sai
2023-03-15 22:06:18,463 [INFO] IPUIPlugin:80 - create IPUIPlugin
2023-03-15 22:06:18,463 [INFO] PluginManager:220 - loadIPPluginJar : add spi
2023-03-15 22:06:18,502 [INFO] IPUIPlugin:80 - create IPUIPlugin
2023-03-15 22:06:18,502 [INFO] PluginManager:220 - loadIPPluginJar : add stm32_wpan
2023-03-15 22:06:18,508 [INFO] IPUIPlugin:80 - create IPUIPlugin
2023-03-15 22:06:18,508 [INFO] PluginManager:220 - loadIPPluginJar : add tim
2023-03-15 22:06:18,543 [INFO] IPUIPlugin:80 - create IPUIPlugin
2023-03-15 22:06:18,543 [INFO] PluginManager:220 - loadIPPluginJar : add touchsensing
2023-03-15 22:06:18,562 [INFO] IPUIPlugin:80 - create IPUIPlugin
2023-03-15 22:06:18,562 [INFO] PluginManager:220 - loadIPPluginJar : add tracer_emb
2023-03-15 22:06:18,579 [INFO] IPUIPlugin:80 - create IPUIPlugin
2023-03-15 22:06:18,579 [INFO] PluginManager:220 - loadIPPluginJar : add ts
2023-03-15 22:06:18,595 [INFO] IPUIPlugin:80 - create IPUIPlugin
2023-03-15 22:06:18,595 [INFO] PluginManager:220 - loadIPPluginJar : add tsc
2023-03-15 22:06:18,604 [INFO] IPUIPlugin:80 - create IPUIPlugin
2023-03-15 22:06:18,604 [INFO] PluginManager:220 - loadIPPluginJar : add ucpd
2023-03-15 22:06:18,636 [INFO] IPUIPlugin:80 - create IPUIPlugin
2023-03-15 22:06:18,636 [INFO] PluginManager:220 - loadIPPluginJar : add usart
2023-03-15 22:06:18,662 [INFO] IPUIPlugin:80 - create IPUIPlugin
2023-03-15 22:06:18,662 [INFO] PluginManager:220 - loadIPPluginJar : add usbx
2023-03-15 22:06:18,779 [INFO] CADModel:165 - CPN selected for project level
2023-03-15 22:06:18,782 [INFO] CADModel:114 - Register for checkConnection events
2023-03-15 22:06:18,782 [FATAL] Updater:308 - Updater called before beeing initialized
2023-03-15 22:06:18,782 [ERROR] CADModel:125 - Updater not yet initialized, retry later 
2023-03-15 22:06:18,908 [INFO] CADModel:165 - CPN selected for project level
2023-03-15 22:06:18,908 [INFO] CADModel:114 - Register for checkConnection events
2023-03-15 22:06:18,908 [FATAL] Updater:308 - Updater called before beeing initialized
2023-03-15 22:06:18,908 [ERROR] CADModel:125 - Updater not yet initialized, retry later 
2023-03-15 22:06:18,908 [FATAL] Updater:308 - Updater called before beeing initialized
2023-03-15 22:06:18,999 [FATAL] Updater:308 - Updater called before beeing initialized
2023-03-15 22:06:19,003 [INFO] DbMcusAds:53 - JSON generation date=Tue Mar 07 15:50:55 ICT 2023 (1678179055114)
2023-03-15 22:06:19,003 [FATAL] Updater:308 - Updater called before beeing initialized
2023-03-15 22:06:19,065 [WARN] DetailPanel:346 - Failed to get advertising image, set to default
2023-03-15 22:06:19,143 [FATAL] Updater:308 - Updater called before beeing initialized
2023-03-15 22:06:19,157 [FATAL] Updater:308 - Updater called before beeing initialized
2023-03-15 22:06:19,157 [FATAL] Updater:308 - Updater called before beeing initialized
2023-03-15 22:06:19,157 [WARN] DetailPanel:346 - Failed to get advertising image, set to default
2023-03-15 22:06:19,157 [FATAL] Updater:308 - Updater called before beeing initialized
2023-03-15 22:06:19,196 [ERROR] Updater:1120 - MainUpdater not yet initialized. External WinMGr cannot be set.
2023-03-15 22:06:19,207 [INFO] Updater:1056 - Updater Version found : 6.8.0
2023-03-15 22:06:19,226 [INFO] ApplicationProperties:184 - Using Application install path: C:\ST\STM32CubeIDE_1.12.0\STM32CubeIDE\plugins\com.st.stm32cube.common.mx_6.8.0.202302231600
2023-03-15 22:06:19,286 [INFO] MainUpdater:519 - Copy updater definitions from MX database
2023-03-15 22:06:19,365 [INFO] MainUpdater:2854 - connection check result : 10
2023-03-15 22:06:19,365 [INFO] MainUpdater:3548 - Updater definition file requires update
2023-03-15 22:06:19,365 [INFO] MainUpdater:283 - Updater Check For Update Now.
2023-03-15 22:06:19,365 [INFO] MicroXplorer:498 - Change Database Version : DB.6.0.80
2023-03-15 22:06:19,462 [INFO] ServerAccessManage:473 - Download File updaters.zip
2023-03-15 22:06:19,560 [INFO] FileExtend:240 - Unzip File : updaters.zip
2023-03-15 22:06:19,560 [INFO] FileExtend:255 - Standard Zip Deflate
2023-03-15 22:06:20,030 [WARN] MainUpdater:1187 - Updater busy. Cannot search thirdparties
2023-03-15 22:06:20,030 [INFO] ThirdPartyUpdaterWithRetryManager:96 - Updater plugin is busy. [1/15]
2023-03-15 22:06:20,070 [INFO] ServerAccessManage:473 - Download File PacksControlFlags.xml
2023-03-15 22:06:21,088 [INFO] ServerAccessManage:473 - Download File cubemx.pidx
2023-03-15 22:06:21,168 [INFO] LoadServerUpdatesThread:373 - End of LoadServerUpdate Thread
2023-03-15 22:06:21,318 [INFO] CheckServerUpdateThread:120 - End of CheckServer Thread
2023-03-15 22:06:21,452 [INFO] MainUpdater:2854 - connection check result : 10
2023-03-15 22:06:21,468 [INFO] McuFinderGlobals:66 - Set McuFinderConnectedMode to true
2023-03-15 22:06:21,715 [INFO] ServerAccessManage:473 - Download File mcusAds.json._tmp_
2023-03-15 22:06:21,819 [INFO] LoadUrlFilesThread:156 - End of LoadUrlFiles Thread
2023-03-15 22:06:21,992 [INFO] ServerAccessManage:473 - Download File cube-finder-db.zip
2023-03-15 22:06:23,034 [WARN] MainUpdater:1187 - Updater busy. Cannot search thirdparties
2023-03-15 22:06:23,034 [INFO] ThirdPartyUpdaterWithRetryManager:96 - Updater plugin is busy. [2/15]
2023-03-15 22:06:26,038 [WARN] MainUpdater:1187 - Updater busy. Cannot search thirdparties
2023-03-15 22:06:26,038 [INFO] ThirdPartyUpdaterWithRetryManager:96 - Updater plugin is busy. [3/15]
2023-03-15 22:06:26,186 [INFO] FileExtend:240 - Unzip File : cube-finder-db.zip
2023-03-15 22:06:26,186 [INFO] FileExtend:255 - Standard Zip Deflate
2023-03-15 22:06:26,819 [INFO] LoadUrlFilesThread:156 - End of LoadUrlFiles Thread
2023-03-15 22:06:28,017 [INFO] ServerAccessManage:473 - Download File crdb.zip
2023-03-15 22:06:29,042 [WARN] MainUpdater:1187 - Updater busy. Cannot search thirdparties
2023-03-15 22:06:29,042 [INFO] ThirdPartyUpdaterWithRetryManager:96 - Updater plugin is busy. [4/15]
2023-03-15 22:06:29,532 [INFO] FileExtend:240 - Unzip File : crdb.zip
2023-03-15 22:06:29,532 [INFO] FileExtend:255 - Standard Zip Deflate
2023-03-15 22:06:29,660 [INFO] LoadUrlFilesThread:156 - End of LoadUrlFiles Thread
2023-03-15 22:06:30,001 [INFO] ServerAccessManage:473 - Download File tutoVideoDB.zip
2023-03-15 22:06:30,126 [INFO] FileExtend:240 - Unzip File : tutoVideoDB.zip
2023-03-15 22:06:30,126 [INFO] FileExtend:255 - Standard Zip Deflate
2023-03-15 22:06:30,242 [INFO] LoadUrlFilesThread:156 - End of LoadUrlFiles Thread
2023-03-15 22:06:30,254 [WARN] DbFile:41 - Overriding database path with different value: C:\Users\PC\.stmcufinder\plugins\mcufinder/ => C:\Users\PC\.stmcufinder\plugins\mcufinder
2023-03-15 22:06:30,337 [INFO] ServerAccessManage:473 - Download File api_config.json
2023-03-15 22:06:30,451 [INFO] LoadUrlFilesThread:156 - End of LoadUrlFiles Thread
2023-03-15 22:06:30,453 [INFO] DbMcusAds:53 - JSON generation date=Tue Mar 07 15:50:55 ICT 2023 (1678179055114)
2023-03-15 22:06:30,479 [INFO] LoadUrlFilesThread:185 - End of LoadServerUrlFiles without Thread
2023-03-15 22:06:30,479 [INFO] TargetSelectorAdapter:259 - Refresh data is successful
2023-03-15 22:06:30,604 [INFO] ApiDb:581 - Connected to CubeFinder SQLite database (C:\Users\PC\.stmcufinder\plugins\mcufinder\mcu\cube-finder-db.db)
2023-03-15 22:06:30,652 [INFO] ApiDb:668 - CubeFinder database Data Model version=2.1
2023-03-15 22:06:30,652 [INFO] ApiDb:669 - CubeFinder database Configuration version=3.0.35
2023-03-15 22:06:30,652 [INFO] ApiDb:670 - CubeFinder database generation date=2023-03-10 (1678456172)
2023-03-15 22:06:30,652 [INFO] ApiDb:671 - CubeFinder database FW Pack versions=[FP-ATR-ASTRA1_V1.1.1, STM32Cube_FW_C0_V1.0.1, STM32Cube_FW_F0_V1.11.4, STM32Cube_FW_F3_V1.11.4, STM32Cube_FW_F4_V1.27.1, STM32Cube_FW_F7_V1.17.0, STM32Cube_FW_G0_V1.6.1, STM32Cube_FW_G4_V1.5.1, STM32Cube_FW_H5_V0.5.1, STM32Cube_FW_H5_V1.0.0, STM32Cube_FW_H7_V1.11.0, STM32Cube_FW_L0_V1.12.2, STM32Cube_FW_L5_V1.5.0, STM32Cube_FW_U5_V1.2.0, STM32Cube_FW_WBA_V1.0.0, STM32Cube_FW_WBA_V1.0.0RC1, STM32Cube_FW_WBA_V1.0.0RC3, STM32Cube_FW_WB_V1.15.0RC1, STM32Cube_FW_WB_V1.16.0, STM32Cube_FW_WB_V1.16.0RC2, STM32Cube_FW_WL_V1.3.0, X-CUBE-ALGOBUILD_V1.3.0, X-CUBE-ALS_V1.0.1, X-CUBE-AZRTOS-F4_V1.1.0, X-CUBE-AZRTOS-F7_V1.1.0, X-CUBE-AZRTOS-G0_V1.1.0, X-CUBE-AZRTOS-G4_V1.0.0, X-CUBE-AZRTOS-H7_V3.0.0, X-CUBE-AZRTOS-L4_V1.0.0, X-CUBE-AZRTOS-L5_V1.1.0, X-CUBE-AZRTOS-WB_V1.1.0, X-CUBE-AZRTOS-WL_V1.0.0, X-CUBE-BLE1_V6.2.4, X-CUBE-BLE2_V3.3.0, X-CUBE-BLEMGR_V1.3.0, X-CUBE-EEPRMA1_V4.1.0, X-CUBE-GNSS1_V6.0.0, X-CUBE-MEMS1_V9.1.0, X-CUBE-MEMS1_V9.4.0, X-CUBE-MEMS1_V9.5.0, X-CUBE-NFC4_V3.0.0, X-CUBE-NFC7_V1.0.0, X-CUBE-SFXS2LP1_V4.0.0, X-CUBE-SUBG2_V5.0.0]
2023-03-15 22:06:30,748 [ERROR] LogOutputStream:75 - [STDERR_REDIRECT] SLF4J: Failed to load class "org.slf4j.impl.StaticLoggerBinder".
2023-03-15 22:06:30,748 [ERROR] LogOutputStream:75 - [STDERR_REDIRECT] SLF4J: Defaulting to no-operation (NOP) logger implementation
2023-03-15 22:06:30,748 [ERROR] LogOutputStream:75 - [STDERR_REDIRECT] SLF4J: See http://www.slf4j.org/codes.html#StaticLoggerBinder for further details.
2023-03-15 22:06:31,985 [INFO] ApiDb:240 - Found 297 in-development CPN: [B-G473E-ZEST1S, B-WB1M-WPAN1, B-WL5M-SUBG1, NUCLEO-C031C6, NUCLEO-H503RB, NUCLEO-H563ZI, NUCLEO-U545RE-Q, NUCLEO-U5A5ZJ-Q, NUCLEO-WBA52CG, STEVAL-PROTEUS1, STEVAL-STWINBX1, STM320518-EVAL, STM32C0116-DK, STM32C011D6Y3TR, STM32C011D6Y6TR, STM32C011F4P3, STM32C011F4P6, STM32C011F4U3, STM32C011F4U6TR, STM32C011F6P3, STM32C011F6P6, STM32C011F6U3, STM32C011F6U6TR, STM32C011J4M3, STM32C011J4M6, STM32C011J6M3, STM32C011J6M6, STM32C0316-DK, STM32C031C4T3, STM32C031C4T6, STM32C031C4U3, STM32C031C4U6, STM32C031C6T3, STM32C031C6T6, STM32C031C6U3, STM32C031C6U6, STM32C031F4P3, STM32C031F4P6, STM32C031F6P3, STM32C031F6P6, STM32C031G4U3, STM32C031G4U6, STM32C031G6U3, STM32C031G6U6, STM32C031K4T3, STM32C031K4T6, STM32C031K4U3, STM32C031K4U6, STM32C031K6T3, STM32C031K6T6, STM32C031K6U3, STM32C031K6U6, STM32G071K8TXN, STM32G071K8UXN, STM32G081GBU6N, STM32G081KBT6N, STM32G081KBUXN, STM32G0B1CCT6N, STM32G0B1KCT6, STM32G0B1NEY6TR, STM32G0B1RCT6N, STM32G0C1CCT6, STM32G0C1CCT6N, STM32G0C1CCU6N, STM32G0C1CET6N, STM32G0C1CEU6N, STM32G0C1KCT6, STM32G0C1NEY6TR, STM32G0C1RCI6N, STM32G0C1RCT6N, STM32G0C1REI6N, STM32G0C1RET6N, STM32G0C1VCI6, STM32G0C1VEI6, STM32G471CCT6, STM32G471CCU6, STM32G471CET3, STM32G471CET6, STM32G471CEU3, STM32G471CEU6, STM32G471MCT6, STM32G471MET3, STM32G471MET6, STM32G471MEY6TR, STM32G471QCT6, STM32G471QET3, STM32G471RCT6, STM32G471RET3, STM32G471RET6, STM32G471VCH6, STM32G471VCI6, STM32G471VCT6, STM32G471VEH3, STM32G471VEH6, STM32G471VEI3, STM32G471VEI6, STM32G471VET3, STM32G471VET6, STM32G474CCT6, STM32H503CBT6, STM32H503CBU6, STM32H503EBY6TR, STM32H503KBU6, STM32H503RBT6, STM32H562AGI6, STM32H562AII6, STM32H562IGK6, STM32H562IGT6, STM32H562IIK6, STM32H562IIT6, STM32H562RGT6, STM32H562RGV6, STM32H562RIT6, STM32H562RIV6, STM32H562VGT6, STM32H562VIT6, STM32H562ZGT6, STM32H562ZIT6, STM32H563AGI6, STM32H563AII3Q, STM32H563AII6, STM32H563IGK6, STM32H563IGT6, STM32H563IIK3Q, STM32H563IIK6, STM32H563IIT3Q, STM32H563IIT6, STM32H563MIY3QTR, STM32H563RGT6, STM32H563RGV6, STM32H563RIT6, STM32H563RIV6, STM32H563VGT6, STM32H563VIT3Q, STM32H563VIT6, STM32H563ZGT6, STM32H563ZIT3Q, STM32H563ZIT6, STM32H573AII3Q, STM32H573AII6, STM32H573I-DK, STM32H573IIK3Q, STM32H573IIK6, STM32H573IIT3Q, STM32H573IIT6, STM32H573MIY3QTR, STM32H573RIT6, STM32H573RIV6, STM32H573VIT3Q, STM32H573VIT6, STM32H573ZIT3Q, STM32H573ZIT6, STM32L4R5QGI6STR, STM32MP131AAE3, STM32MP131AAF3, STM32MP131AAG3, STM32MP131CAE3, STM32MP131CAF3, STM32MP131CAG3, STM32MP131DAE7, STM32MP131DAF7, STM32MP131DAG7, STM32MP131FAE7, STM32MP131FAF7, STM32MP131FAG7, STM32MP133AAE3, STM32MP133AAF3, STM32MP133AAG3, STM32MP133CAE3, STM32MP133CAF3, STM32MP133CAG3, STM32MP133DAE7, STM32MP133DAF7, STM32MP133DAG7, STM32MP133FAE7, STM32MP133FAF7, STM32MP133FAG7, STM32MP135AAE3, STM32MP135AAF3, STM32MP135AAG3, STM32MP135CAE3, STM32MP135CAF3, STM32MP135CAG3, STM32MP135DAE7, STM32MP135DAF7, STM32MP135DAG7, STM32MP135F-DK, STM32MP135FAE7, STM32MP135FAF7, STM32MP135FAF7T, STM32MP135FAF7U, STM32MP135FAG7, STM32U535CBT6, STM32U535CBT6Q, STM32U535CBU6, STM32U535CBU6Q, STM32U535CCT6, STM32U535CCT6Q, STM32U535CCU6, STM32U535CCU6Q, STM32U535CET6, STM32U535CET6Q, STM32U535CEU6, STM32U535CEU6Q, STM32U535JEY6QTR, STM32U535NCY6QTR, STM32U535NEY6QTR, STM32U535RBI6, STM32U535RBI6Q, STM32U535RBT6, STM32U535RBT6Q, STM32U535RCI6, STM32U535RCI6Q, STM32U535RCT6, STM32U535RCT6Q, STM32U535REI6, STM32U535REI6Q, STM32U535RET6, STM32U535RET6Q, STM32U535VCI6, STM32U535VCI6Q, STM32U535VCT6, STM32U535VCT6Q, STM32U535VEI6, STM32U535VEI6Q, STM32U535VET6, STM32U535VET6Q, STM32U545CET6, STM32U545CET6Q, STM32U545CEU6, STM32U545CEU6Q, STM32U545JEY6QTR, STM32U545NEY6QTR, STM32U545REI6, STM32U545REI6Q, STM32U545RET6, STM32U545RET6Q, STM32U545VEI6, STM32U545VEI6Q, STM32U545VET6, STM32U545VET6Q, STM32U595AIH6, STM32U595AIH6Q, STM32U595AJH6, STM32U595AJH6Q, STM32U595QII6, STM32U595QII6Q, STM32U595QJI6, STM32U595QJI6Q, STM32U595RIT6, STM32U595RIT6Q, STM32U595RJT6, STM32U595RJT6Q, STM32U595VIT6, STM32U595VIT6Q, STM32U595VJT6, STM32U595VJT6Q, STM32U595ZIT6, STM32U595ZIT6Q, STM32U595ZIY6QTR, STM32U595ZJT6, STM32U595ZJT6Q, STM32U595ZJY6QTR, STM32U599BJY6QTR, STM32U599NIH6Q, STM32U599NJH6Q, STM32U599VIT6Q, STM32U599VJT6, STM32U599VJT6Q, STM32U599ZIT6Q, STM32U599ZIY6QTR, STM32U599ZJT6Q, STM32U599ZJY6QTR, STM32U5A5AJH6, STM32U5A5AJH6Q, STM32U5A5QJI6, STM32U5A5QJI6Q, STM32U5A5RJT6, STM32U5A5RJT6Q, STM32U5A5VJT6, STM32U5A5VJT6Q, STM32U5A5ZJT6, STM32U5A5ZJT6Q, STM32U5A5ZJY6QTR, STM32U5A9BJY6QTR, STM32U5A9J-DK, STM32U5A9NJH6Q, STM32U5A9VJT6Q, STM32U5A9ZJT6Q, STM32U5A9ZJY6QTR, STM32WB1MMCH6, STM32WBA52CEU6, STM32WBA52CEU6T, STM32WBA52CGU6, STM32WBA52CGU6T, STM32WL5MOCH6, STM32WL5MOCH6TR]
2023-03-15 22:06:31,993 [INFO] DbMcus:216 - Found 3775 MCUs, 3775 are supported
2023-03-15 22:06:31,993 [INFO] ApiDb:414 - User favorites file not found: C:\Users\PC/.stm32cubeide/favorites.mcus.txt
2023-03-15 22:06:31,993 [INFO] DbMcus:222 - Set 0 / 0 favorites MCUs
2023-03-15 22:06:32,173 [WARN] PackLoader:240 - Cannot read IP mode file for STMicroelectronics.X-CUBE-GNSS1.6.0.0
2023-03-15 22:06:32,209 [INFO] ApiDb:668 - CubeFinder database Data Model version=2.1
2023-03-15 22:06:32,209 [INFO] ApiDb:669 - CubeFinder database Configuration version=3.0.35
2023-03-15 22:06:32,209 [INFO] ApiDb:670 - CubeFinder database generation date=2023-03-10 (1678456172)
2023-03-15 22:06:32,209 [INFO] ApiDb:671 - CubeFinder database FW Pack versions=[FP-ATR-ASTRA1_V1.1.1, STM32Cube_FW_C0_V1.0.1, STM32Cube_FW_F0_V1.11.4, STM32Cube_FW_F3_V1.11.4, STM32Cube_FW_F4_V1.27.1, STM32Cube_FW_F7_V1.17.0, STM32Cube_FW_G0_V1.6.1, STM32Cube_FW_G4_V1.5.1, STM32Cube_FW_H5_V0.5.1, STM32Cube_FW_H5_V1.0.0, STM32Cube_FW_H7_V1.11.0, STM32Cube_FW_L0_V1.12.2, STM32Cube_FW_L5_V1.5.0, STM32Cube_FW_U5_V1.2.0, STM32Cube_FW_WBA_V1.0.0, STM32Cube_FW_WBA_V1.0.0RC1, STM32Cube_FW_WBA_V1.0.0RC3, STM32Cube_FW_WB_V1.15.0RC1, STM32Cube_FW_WB_V1.16.0, STM32Cube_FW_WB_V1.16.0RC2, STM32Cube_FW_WL_V1.3.0, X-CUBE-ALGOBUILD_V1.3.0, X-CUBE-ALS_V1.0.1, X-CUBE-AZRTOS-F4_V1.1.0, X-CUBE-AZRTOS-F7_V1.1.0, X-CUBE-AZRTOS-G0_V1.1.0, X-CUBE-AZRTOS-G4_V1.0.0, X-CUBE-AZRTOS-H7_V3.0.0, X-CUBE-AZRTOS-L4_V1.0.0, X-CUBE-AZRTOS-L5_V1.1.0, X-CUBE-AZRTOS-WB_V1.1.0, X-CUBE-AZRTOS-WL_V1.0.0, X-CUBE-BLE1_V6.2.4, X-CUBE-BLE2_V3.3.0, X-CUBE-BLEMGR_V1.3.0, X-CUBE-EEPRMA1_V4.1.0, X-CUBE-GNSS1_V6.0.0, X-CUBE-MEMS1_V9.1.0, X-CUBE-MEMS1_V9.4.0, X-CUBE-MEMS1_V9.5.0, X-CUBE-NFC4_V3.0.0, X-CUBE-NFC7_V1.0.0, X-CUBE-SFXS2LP1_V4.0.0, X-CUBE-SUBG2_V5.0.0]
2023-03-15 22:06:32,209 [WARN] PackLoader:240 - Cannot read IP mode file for STMicroelectronics.X-CUBE-AZRTOS-F4.1.1.0
2023-03-15 22:06:32,237 [WARN] PackLoader:240 - Cannot read IP mode file for STMicroelectronics.X-CUBE-AZRTOS-F7.1.1.0
2023-03-15 22:06:32,255 [INFO] DbBoardsSqlite:226 - include board P-NUCLEO-WB55-NUCLEO as a kit item of type 'Nucleo-64'
2023-03-15 22:06:32,255 [INFO] DbBoardsSqlite:226 - include board P-NUCLEO-WB55-USBDONGLE as a kit item of type 'Nucleo USB Dongle'
2023-03-15 22:06:32,255 [INFO] DbBoardsSqlite:226 - include board STEVAL-IDP005V1 as a kit item of type 'Evaluation Board'
2023-03-15 22:06:32,255 [INFO] DbBoardsSqlite:226 - include board STEVAL-IDP005V2 as a kit item of type 'Evaluation Board'
2023-03-15 22:06:32,268 [WARN] PackLoader:240 - Cannot read IP mode file for STMicroelectronics.X-CUBE-BLE1.6.2.4
2023-03-15 22:06:32,284 [WARN] PackLoader:240 - Cannot read IP mode file for emotas.I-CUBE-CANOPEN.1.1.3
2023-03-15 22:06:32,287 [WARN] PackLoader:240 - Cannot read IP mode file for STMicroelectronics.X-CUBE-BLEMGR.2.0.0
2023-03-15 22:06:32,300 [INFO] ApiDb:240 - Found 297 in-development CPN: [B-G473E-ZEST1S, B-WB1M-WPAN1, B-WL5M-SUBG1, NUCLEO-C031C6, NUCLEO-H503RB, NUCLEO-H563ZI, NUCLEO-U545RE-Q, NUCLEO-U5A5ZJ-Q, NUCLEO-WBA52CG, STEVAL-PROTEUS1, STEVAL-STWINBX1, STM320518-EVAL, STM32C0116-DK, STM32C011D6Y3TR, STM32C011D6Y6TR, STM32C011F4P3, STM32C011F4P6, STM32C011F4U3, STM32C011F4U6TR, STM32C011F6P3, STM32C011F6P6, STM32C011F6U3, STM32C011F6U6TR, STM32C011J4M3, STM32C011J4M6, STM32C011J6M3, STM32C011J6M6, STM32C0316-DK, STM32C031C4T3, STM32C031C4T6, STM32C031C4U3, STM32C031C4U6, STM32C031C6T3, STM32C031C6T6, STM32C031C6U3, STM32C031C6U6, STM32C031F4P3, STM32C031F4P6, STM32C031F6P3, STM32C031F6P6, STM32C031G4U3, STM32C031G4U6, STM32C031G6U3, STM32C031G6U6, STM32C031K4T3, STM32C031K4T6, STM32C031K4U3, STM32C031K4U6, STM32C031K6T3, STM32C031K6T6, STM32C031K6U3, STM32C031K6U6, STM32G071K8TXN, STM32G071K8UXN, STM32G081GBU6N, STM32G081KBT6N, STM32G081KBUXN, STM32G0B1CCT6N, STM32G0B1KCT6, STM32G0B1NEY6TR, STM32G0B1RCT6N, STM32G0C1CCT6, STM32G0C1CCT6N, STM32G0C1CCU6N, STM32G0C1CET6N, STM32G0C1CEU6N, STM32G0C1KCT6, STM32G0C1NEY6TR, STM32G0C1RCI6N, STM32G0C1RCT6N, STM32G0C1REI6N, STM32G0C1RET6N, STM32G0C1VCI6, STM32G0C1VEI6, STM32G471CCT6, STM32G471CCU6, STM32G471CET3, STM32G471CET6, STM32G471CEU3, STM32G471CEU6, STM32G471MCT6, STM32G471MET3, STM32G471MET6, STM32G471MEY6TR, STM32G471QCT6, STM32G471QET3, STM32G471RCT6, STM32G471RET3, STM32G471RET6, STM32G471VCH6, STM32G471VCI6, STM32G471VCT6, STM32G471VEH3, STM32G471VEH6, STM32G471VEI3, STM32G471VEI6, STM32G471VET3, STM32G471VET6, STM32G474CCT6, STM32H503CBT6, STM32H503CBU6, STM32H503EBY6TR, STM32H503KBU6, STM32H503RBT6, STM32H562AGI6, STM32H562AII6, STM32H562IGK6, STM32H562IGT6, STM32H562IIK6, STM32H562IIT6, STM32H562RGT6, STM32H562RGV6, STM32H562RIT6, STM32H562RIV6, STM32H562VGT6, STM32H562VIT6, STM32H562ZGT6, STM32H562ZIT6, STM32H563AGI6, STM32H563AII3Q, STM32H563AII6, STM32H563IGK6, STM32H563IGT6, STM32H563IIK3Q, STM32H563IIK6, STM32H563IIT3Q, STM32H563IIT6, STM32H563MIY3QTR, STM32H563RGT6, STM32H563RGV6, STM32H563RIT6, STM32H563RIV6, STM32H563VGT6, STM32H563VIT3Q, STM32H563VIT6, STM32H563ZGT6, STM32H563ZIT3Q, STM32H563ZIT6, STM32H573AII3Q, STM32H573AII6, STM32H573I-DK, STM32H573IIK3Q, STM32H573IIK6, STM32H573IIT3Q, STM32H573IIT6, STM32H573MIY3QTR, STM32H573RIT6, STM32H573RIV6, STM32H573VIT3Q, STM32H573VIT6, STM32H573ZIT3Q, STM32H573ZIT6, STM32L4R5QGI6STR, STM32MP131AAE3, STM32MP131AAF3, STM32MP131AAG3, STM32MP131CAE3, STM32MP131CAF3, STM32MP131CAG3, STM32MP131DAE7, STM32MP131DAF7, STM32MP131DAG7, STM32MP131FAE7, STM32MP131FAF7, STM32MP131FAG7, STM32MP133AAE3, STM32MP133AAF3, STM32MP133AAG3, STM32MP133CAE3, STM32MP133CAF3, STM32MP133CAG3, STM32MP133DAE7, STM32MP133DAF7, STM32MP133DAG7, STM32MP133FAE7, STM32MP133FAF7, STM32MP133FAG7, STM32MP135AAE3, STM32MP135AAF3, STM32MP135AAG3, STM32MP135CAE3, STM32MP135CAF3, STM32MP135CAG3, STM32MP135DAE7, STM32MP135DAF7, STM32MP135DAG7, STM32MP135F-DK, STM32MP135FAE7, STM32MP135FAF7, STM32MP135FAF7T, STM32MP135FAF7U, STM32MP135FAG7, STM32U535CBT6, STM32U535CBT6Q, STM32U535CBU6, STM32U535CBU6Q, STM32U535CCT6, STM32U535CCT6Q, STM32U535CCU6, STM32U535CCU6Q, STM32U535CET6, STM32U535CET6Q, STM32U535CEU6, STM32U535CEU6Q, STM32U535JEY6QTR, STM32U535NCY6QTR, STM32U535NEY6QTR, STM32U535RBI6, STM32U535RBI6Q, STM32U535RBT6, STM32U535RBT6Q, STM32U535RCI6, STM32U535RCI6Q, STM32U535RCT6, STM32U535RCT6Q, STM32U535REI6, STM32U535REI6Q, STM32U535RET6, STM32U535RET6Q, STM32U535VCI6, STM32U535VCI6Q, STM32U535VCT6, STM32U535VCT6Q, STM32U535VEI6, STM32U535VEI6Q, STM32U535VET6, STM32U535VET6Q, STM32U545CET6, STM32U545CET6Q, STM32U545CEU6, STM32U545CEU6Q, STM32U545JEY6QTR, STM32U545NEY6QTR, STM32U545REI6, STM32U545REI6Q, STM32U545RET6, STM32U545RET6Q, STM32U545VEI6, STM32U545VEI6Q, STM32U545VET6, STM32U545VET6Q, STM32U595AIH6, STM32U595AIH6Q, STM32U595AJH6, STM32U595AJH6Q, STM32U595QII6, STM32U595QII6Q, STM32U595QJI6, STM32U595QJI6Q, STM32U595RIT6, STM32U595RIT6Q, STM32U595RJT6, STM32U595RJT6Q, STM32U595VIT6, STM32U595VIT6Q, STM32U595VJT6, STM32U595VJT6Q, STM32U595ZIT6, STM32U595ZIT6Q, STM32U595ZIY6QTR, STM32U595ZJT6, STM32U595ZJT6Q, STM32U595ZJY6QTR, STM32U599BJY6QTR, STM32U599NIH6Q, STM32U599NJH6Q, STM32U599VIT6Q, STM32U599VJT6, STM32U599VJT6Q, STM32U599ZIT6Q, STM32U599ZIY6QTR, STM32U599ZJT6Q, STM32U599ZJY6QTR, STM32U5A5AJH6, STM32U5A5AJH6Q, STM32U5A5QJI6, STM32U5A5QJI6Q, STM32U5A5RJT6, STM32U5A5RJT6Q, STM32U5A5VJT6, STM32U5A5VJT6Q, STM32U5A5ZJT6, STM32U5A5ZJT6Q, STM32U5A5ZJY6QTR, STM32U5A9BJY6QTR, STM32U5A9J-DK, STM32U5A9NJH6Q, STM32U5A9VJT6Q, STM32U5A9ZJT6Q, STM32U5A9ZJY6QTR, STM32WB1MMCH6, STM32WBA52CEU6, STM32WBA52CEU6T, STM32WBA52CGU6, STM32WBA52CGU6T, STM32WL5MOCH6, STM32WL5MOCH6TR]
2023-03-15 22:06:32,310 [WARN] PackLoader:240 - Cannot read IP mode file for STMicroelectronics.X-CUBE-NFC4.2.0.5
2023-03-15 22:06:32,326 [WARN] PackLoader:240 - Cannot read IP mode file for STMicroelectronics.X-CUBE-DISPLAY.3.0.0
2023-03-15 22:06:32,332 [WARN] PackLoader:240 - Cannot read IP mode file for wolfSSL.I-CUBE-wolfSSL.5.5.3
2023-03-15 22:06:32,349 [WARN] PackLoader:240 - Cannot read IP mode file for STMicroelectronics.X-CUBE-NFC7.1.0.0
2023-03-15 22:06:32,363 [WARN] PackLoader:240 - Cannot read IP mode file for STMicroelectronics.X-CUBE-EEPRMA1.4.1.0
2023-03-15 22:06:32,392 [WARN] PackLoader:240 - Cannot read IP mode file for WES.I-CUBE-Cesium.1.3.0
2023-03-15 22:06:32,395 [WARN] PackLoader:240 - Cannot read IP mode file for STMicroelectronics.X-CUBE-SFXS2LP1.4.0.0
2023-03-15 22:06:32,411 [WARN] PackLoader:240 - Cannot read IP mode file for STMicroelectronics.X-CUBE-BLE2.3.3.0
2023-03-15 22:06:32,411 [INFO] BoardInfo:880 - No configuration file found for board P-NUCLEO-WB55
2023-03-15 22:06:32,411 [INFO] DbBoards:157 - Kit is not supported: P-NUCLEO-WB55
2023-03-15 22:06:32,426 [WARN] PackLoader:240 - Cannot read IP mode file for STMicroelectronics.X-CUBE-DISPLAY.2.2.0
2023-03-15 22:06:32,427 [INFO] BoardInfo:880 - No configuration file found for board STEVAL-BFA001V1B
2023-03-15 22:06:32,427 [INFO] DbBoards:157 - Kit is not supported: STEVAL-BFA001V1B
2023-03-15 22:06:32,427 [INFO] BoardInfo:880 - No configuration file found for board STEVAL-BFA001V2B
2023-03-15 22:06:32,427 [INFO] DbBoards:157 - Kit is not supported: STEVAL-BFA001V2B
2023-03-15 22:06:32,432 [WARN] PackLoader:240 - Cannot read IP mode file for STMicroelectronics.X-CUBE-TOF1.3.2.0
2023-03-15 22:06:32,478 [WARN] PackLoader:240 - Cannot read IP mode file for STMicroelectronics.X-CUBE-AZRTOS-H7.3.0.0
2023-03-15 22:06:32,492 [WARN] PackLoader:240 - Cannot read IP mode file for STMicroelectronics.X-CUBE-ISPU.1.1.0
2023-03-15 22:06:32,507 [WARN] PackLoader:240 - Cannot read IP mode file for RoweBots.I-CUBE-UNISONRTOS.5.5.0-4
2023-03-15 22:06:32,553 [INFO] DbBoards:161 - Found 187 boards, 184 are supported
2023-03-15 22:06:32,553 [WARN] PackLoader:240 - Cannot read IP mode file for STMicroelectronics.X-CUBE-AZRTOS-H7.2.1.0
2023-03-15 22:06:32,553 [INFO] ApiDb:414 - User favorites file not found: C:\Users\PC/.stm32cubeide/favorites.boards.txt
2023-03-15 22:06:32,553 [INFO] DbBoards:190 - Set 0 / 0 favorites Boards
2023-03-15 22:06:32,560 [INFO] ApiDb:668 - CubeFinder database Data Model version=2.1
2023-03-15 22:06:32,560 [INFO] ApiDb:669 - CubeFinder database Configuration version=3.0.35
2023-03-15 22:06:32,560 [INFO] ApiDb:670 - CubeFinder database generation date=2023-03-10 (1678456172)
2023-03-15 22:06:32,560 [INFO] ApiDb:671 - CubeFinder database FW Pack versions=[FP-ATR-ASTRA1_V1.1.1, STM32Cube_FW_C0_V1.0.1, STM32Cube_FW_F0_V1.11.4, STM32Cube_FW_F3_V1.11.4, STM32Cube_FW_F4_V1.27.1, STM32Cube_FW_F7_V1.17.0, STM32Cube_FW_G0_V1.6.1, STM32Cube_FW_G4_V1.5.1, STM32Cube_FW_H5_V0.5.1, STM32Cube_FW_H5_V1.0.0, STM32Cube_FW_H7_V1.11.0, STM32Cube_FW_L0_V1.12.2, STM32Cube_FW_L5_V1.5.0, STM32Cube_FW_U5_V1.2.0, STM32Cube_FW_WBA_V1.0.0, STM32Cube_FW_WBA_V1.0.0RC1, STM32Cube_FW_WBA_V1.0.0RC3, STM32Cube_FW_WB_V1.15.0RC1, STM32Cube_FW_WB_V1.16.0, STM32Cube_FW_WB_V1.16.0RC2, STM32Cube_FW_WL_V1.3.0, X-CUBE-ALGOBUILD_V1.3.0, X-CUBE-ALS_V1.0.1, X-CUBE-AZRTOS-F4_V1.1.0, X-CUBE-AZRTOS-F7_V1.1.0, X-CUBE-AZRTOS-G0_V1.1.0, X-CUBE-AZRTOS-G4_V1.0.0, X-CUBE-AZRTOS-H7_V3.0.0, X-CUBE-AZRTOS-L4_V1.0.0, X-CUBE-AZRTOS-L5_V1.1.0, X-CUBE-AZRTOS-WB_V1.1.0, X-CUBE-AZRTOS-WL_V1.0.0, X-CUBE-BLE1_V6.2.4, X-CUBE-BLE2_V3.3.0, X-CUBE-BLEMGR_V1.3.0, X-CUBE-EEPRMA1_V4.1.0, X-CUBE-GNSS1_V6.0.0, X-CUBE-MEMS1_V9.1.0, X-CUBE-MEMS1_V9.4.0, X-CUBE-MEMS1_V9.5.0, X-CUBE-NFC4_V3.0.0, X-CUBE-NFC7_V1.0.0, X-CUBE-SFXS2LP1_V4.0.0, X-CUBE-SUBG2_V5.0.0]
2023-03-15 22:06:32,576 [WARN] PackLoader:240 - Cannot read IP mode file for STMicroelectronics.X-CUBE-AI.8.0.0
2023-03-15 22:06:32,589 [WARN] PackLoader:240 - Cannot read IP mode file for STMicroelectronics.X-CUBE-FREERTOS.1.0.0
2023-03-15 22:06:32,600 [WARN] PackLoader:240 - Cannot read IP mode file for STMicroelectronics.X-CUBE-TOUCHGFX.4.21.1
2023-03-15 22:06:32,613 [WARN] PackLoader:240 - Cannot read IP mode file for STMicroelectronics.X-CUBE-TOUCHGFX.4.21.0
2023-03-15 22:06:32,650 [WARN] PackLoader:240 - Cannot read IP mode file for STMicroelectronics.X-CUBE-MEMS1.9.4.0
2023-03-15 22:06:32,747 [WARN] PackLoader:240 - Cannot read IP mode file for STMicroelectronics.X-CUBE-AI.7.3.0
2023-03-15 22:06:32,759 [WARN] PackLoader:240 - Cannot read IP mode file for STMicroelectronics.X-CUBE-ALGOBUILD.1.3.0
2023-03-15 22:06:32,790 [WARN] PackLoader:240 - Cannot read IP mode file for STMicroelectronics.X-CUBE-AZRTOS-L5.1.1.0
2023-03-15 22:06:32,822 [WARN] PackLoader:240 - Cannot read IP mode file for STMicroelectronics.X-CUBE-AZRTOS-G0.1.1.0
2023-03-15 22:06:32,838 [WARN] PackLoader:240 - Cannot read IP mode file for STMicroelectronics.X-CUBE-SUBG2.5.0.0
2023-03-15 22:06:32,854 [WARN] PackLoader:240 - Cannot read IP mode file for STMicroelectronics.X-CUBE-NFC4.3.0.0
2023-03-15 22:06:32,893 [WARN] PackLoader:240 - Cannot read IP mode file for SEGGER.I-CUBE-embOS.1.2.1
2023-03-15 22:06:32,949 [WARN] PackLoader:240 - Cannot read IP mode file for STMicroelectronics.FP-ATR-ASTRA1.1.1.1
2023-03-15 22:06:32,965 [WARN] PackLoader:240 - Cannot read IP mode file for STMicroelectronics.X-CUBE-BLEMGR.1.3.0
2023-03-15 22:06:33,003 [WARN] PackLoader:240 - Cannot read IP mode file for STMicroelectronics.X-CUBE-AZRTOS-G4.1.0.0
2023-03-15 22:06:33,013 [WARN] PackLoader:240 - Cannot read IP mode file for STMicroelectronics.FP-ATR-SIGFOX1.3.2.0
2023-03-15 22:06:33,047 [WARN] PackLoader:240 - Cannot read IP mode file for STMicroelectronics.X-CUBE-AZRTOS-L4.1.0.0
2023-03-15 22:06:33,065 [WARN] PackLoader:240 - Cannot read IP mode file for STMicroelectronics.X-CUBE-TOUCHGFX.4.20.0
2023-03-15 22:06:33,076 [WARN] PackLoader:240 - Cannot read IP mode file for STMicroelectronics.X-CUBE-AZRTOS-WL.1.0.0
2023-03-15 22:06:33,095 [WARN] PackLoader:240 - Cannot read IP mode file for portGmbH.I-Cube-SoM-uGOAL.1.1.0
2023-03-15 22:06:33,109 [WARN] PackLoader:240 - Cannot read IP mode file for STMicroelectronics.X-CUBE-ALS.1.0.1
2023-03-15 22:06:33,144 [WARN] PackLoader:240 - Cannot read IP mode file for STMicroelectronics.X-CUBE-MEMS1.9.5.0
2023-03-15 22:06:33,283 [WARN] PackLoader:240 - Cannot read IP mode file for STMicroelectronics.X-CUBE-AZRTOS-WB.1.1.0
2023-03-15 22:06:33,315 [WARN] PackLoader:240 - Cannot read IP mode file for SEGGER.I-CUBE-embOS.1.3.1
2023-03-15 22:06:33,345 [WARN] PackLoader:240 - Cannot read IP mode file for STMicroelectronics.X-CUBE-EEPRMA1.3.1.1
2023-03-15 22:06:33,345 [INFO] ThirdParty:978 - Integrity check success = true
2023-03-15 22:06:33,345 [INFO] IntegrityCheckThread:100 - exiting critical section [integrity check]
2023-03-15 22:06:33,345 [INFO] IntegrityCheckThread:103 - End integrity checks thread
2023-03-15 22:06:33,345 [INFO] DbExamplesSqlite:376 - Ignored 46 examples not supported by CubeIDE
2023-03-15 22:06:33,345 [INFO] DbExamplesSqlite:377 - Found 7328 examples active
2023-03-15 22:06:33,345 [INFO] DbExamplesSqlite:378 - Found 1095 examples obsolete
2023-03-15 22:06:33,345 [INFO] DbExamplesSqlite:379 - Found 0 examples under development
2023-03-15 22:06:33,345 [INFO] DbExamplesSqlite:380 - Found 77 examples not building
2023-03-15 22:06:33,345 [INFO] DbExamples:125 - Found 7359 examples
2023-03-15 22:06:33,361 [INFO] DbExamples:222 - Found 92 boards with related examples
2023-03-15 22:06:33,361 [INFO] DbExamples:235 - Found 78 MCUs with related examples
2023-03-15 22:06:33,377 [INFO] ApiDb:414 - User favorites file not found: C:\Users\PC/.stm32cubeide/favorites.examples.txt
2023-03-15 22:06:33,377 [INFO] DbExamples:250 - Set 0 / 0 favorites Examples
2023-03-15 22:06:33,666 [INFO] McuFinderGlobals:66 - Set McuFinderConnectedMode to true
2023-03-15 22:06:33,677 [INFO] MultiScanPanel:200 - Auto-refresh data requested => check proxy status ongoing
2023-03-15 22:06:33,681 [INFO] FinderPluginLoader:95 - Searching for filters in installed packs
2023-03-15 22:06:34,650 [INFO] LoadUrlFilesThread:185 - End of LoadServerUrlFiles without Thread
2023-03-15 22:06:34,660 [INFO] DetailPanel:341 - Set advertising image to C:/Users/PC/STM32Cube/Repository/\en.prom-stm32h5-mcu-finder.jpg
2023-03-15 22:08:46,324 [INFO] MainUpdater:2854 - connection check result : 10
2023-03-15 22:08:46,337 [INFO] MainUpdater:2854 - connection check result : 10
2023-03-15 22:08:46,362 [INFO] MicroXplorer:468 - Change Database Path : 
2023-03-15 22:08:46,362 [INFO] MicroXplorer:498 - Change Database Version : DB.6.0.80
2023-03-15 22:08:46,362 [WARN] ThirdParty:871 - waiting for thirdparty lock release [close project]
2023-03-15 22:08:46,362 [INFO] ThirdParty:873 - entering critical section [close project]
2023-03-15 22:08:46,362 [INFO] ThirdParty:883 - exiting critical section [close project]
2023-03-15 22:08:46,369 [INFO] PinOutPanel:1499 - setPackage(No Configuration,No Configuration)
2023-03-15 22:08:46,372 [INFO] UtilMem:75 - Begin LoadConfig() Used Memory: 481425600 Bytes (530579456)
2023-03-15 22:08:46,378 [INFO] MicroXplorer:468 - Change Database Path : C:/Users/PC/.stm32cubemx/databases/DB.6.0.60/db/
2023-03-15 22:08:46,378 [INFO] MicroXplorer:498 - Change Database Version : DB.6.0.60
2023-03-15 22:08:48,539 [INFO] OpenFileManager:308 - Change cursor
2023-03-15 22:08:48,570 [INFO] Mcu:1937 - Initializing MCU STM32F103C(8-B)Tx STM32F103C8Tx STM32F103C8T6
2023-03-15 22:08:49,298 [INFO] Context:659 - Trying to add GPIOservice into a context  which must be forbidden
2023-03-15 22:08:49,664 [INFO] RtosManager:555 - Registered RTOS mode: class=CMSIS, group=RTOS, mode=CMSIS_V1, owner=FREERTOS
2023-03-15 22:08:49,664 [INFO] RtosManager:555 - Registered RTOS mode: class=CMSIS, group=RTOS2, mode=CMSIS_V2, owner=FREERTOS
2023-03-15 22:08:49,664 [INFO] RtosManager:555 - Registered RTOS mode: class=RTOS, group=Core, mode=CMSIS_V1, owner=FREERTOS
2023-03-15 22:08:49,664 [INFO] RtosManager:555 - Registered RTOS mode: class=RTOS, group=Core, mode=CMSIS_V2, owner=FREERTOS
2023-03-15 22:08:49,664 [WARN] ModelIntegratedComponent:184 - Missing modes for component STMicroelectronics:FreeRTOS:0.0.1:STMicroelectronics:RTOS:FreeRTOS:Core:::10.2.0:
2023-03-15 22:08:49,690 [WARN] ModelIntegratedComponent:63 - No mode defined for component null
2023-03-15 22:08:49,690 [WARN] ModelIntegratedComponent:63 - No mode defined for component null
2023-03-15 22:08:49,690 [WARN] ModelIntegratedComponent:63 - No mode defined for component null
2023-03-15 22:08:49,690 [WARN] ModelIntegratedComponent:63 - No mode defined for component null
2023-03-15 22:08:49,690 [WARN] ModelIntegratedComponent:63 - No mode defined for component null
2023-03-15 22:08:49,690 [WARN] ModelIntegratedComponent:63 - No mode defined for component null
2023-03-15 22:08:49,690 [WARN] ModelIntegratedComponent:63 - No mode defined for component null
2023-03-15 22:08:49,690 [WARN] ModelIntegratedComponent:63 - No mode defined for component null
2023-03-15 22:08:49,690 [WARN] ModelIntegratedComponent:63 - No mode defined for component null
2023-03-15 22:08:49,690 [WARN] ModelIntegratedComponent:63 - No mode defined for component null
2023-03-15 22:08:49,690 [WARN] ModelIntegratedComponent:63 - No mode defined for component null
2023-03-15 22:08:49,690 [WARN] ModelIntegratedComponent:63 - No mode defined for component null
2023-03-15 22:08:49,690 [WARN] ModelIntegratedComponent:63 - No mode defined for component null
2023-03-15 22:08:49,690 [WARN] ModelIntegratedComponent:63 - No mode defined for component null
2023-03-15 22:08:49,690 [WARN] ModelIntegratedComponent:63 - No mode defined for component null
2023-03-15 22:08:49,690 [WARN] ModelIntegratedComponent:63 - No mode defined for component null
2023-03-15 22:08:49,690 [WARN] ModelIntegratedComponent:63 - No mode defined for component null
2023-03-15 22:08:49,690 [WARN] ModelIntegratedComponent:63 - No mode defined for component null
2023-03-15 22:08:49,690 [WARN] ModelIntegratedComponent:63 - No mode defined for component null
2023-03-15 22:08:49,696 [WARN] ModelIntegratedComponent:63 - No mode defined for component null
2023-03-15 22:08:49,696 [WARN] ModelIntegratedComponent:63 - No mode defined for component null
2023-03-15 22:08:49,696 [WARN] ModelIntegratedComponent:63 - No mode defined for component null
2023-03-15 22:08:49,696 [WARN] ModelIntegratedComponent:63 - No mode defined for component null
2023-03-15 22:08:49,696 [WARN] ModelIntegratedComponent:63 - No mode defined for component null
2023-03-15 22:08:49,696 [WARN] ModelIntegratedComponent:63 - No mode defined for component null
2023-03-15 22:08:49,696 [WARN] ModelIntegratedComponent:63 - No mode defined for component null
2023-03-15 22:08:49,696 [WARN] ModelIntegratedComponent:63 - No mode defined for component null
2023-03-15 22:08:49,696 [WARN] ModelIntegratedComponent:63 - No mode defined for component null
2023-03-15 22:08:49,696 [WARN] ModelIntegratedComponent:63 - No mode defined for component null
2023-03-15 22:08:49,696 [WARN] ModelIntegratedComponent:63 - No mode defined for component null
2023-03-15 22:08:49,696 [WARN] ModelIntegratedComponent:63 - No mode defined for component null
2023-03-15 22:08:49,696 [WARN] ModelIntegratedComponent:63 - No mode defined for component null
2023-03-15 22:08:49,696 [WARN] ModelIntegratedComponent:63 - No mode defined for component null
2023-03-15 22:08:49,793 [INFO] ThirdPartyModel:298 - Start build external matchings
2023-03-15 22:08:50,268 [INFO] ThirdPartyModel:316 - End build external matchings
2023-03-15 22:08:50,287 [INFO] ImportTextPane:194 - (OptionalMessage_ERROR) IP (RCC) : Invalid parameter (FamilyName)
2023-03-15 22:08:50,287 [INFO] ImportTextPane:194 - (OptionalMessage_ERROR) IP (RCC) : Parameter (USBFreq_Value) has invalid value (72000000)
2023-03-15 22:08:50,440 [INFO] UtilMem:75 - End LoadConfig() Used Memory: 530105024 Bytes (728760320)
2023-03-15 22:08:50,523 [WARN] ThirdParty:833 - waiting for thirdparty lock release [change project]
2023-03-15 22:08:50,523 [INFO] ThirdParty:835 - entering critical section [change project]
2023-03-15 22:08:50,533 [INFO] ThirdParty:1030 - CMSIS Pack Vendor :STMicroelectronics X-CUBE-ISPU 1.1.0
2023-03-15 22:08:50,533 [INFO] ThirdParty:1030 - CMSIS Pack Vendor :RoweBots I-CUBE-UNISONRTOS 5.5.0-4
2023-03-15 22:08:50,534 [INFO] ThirdParty:1030 - CMSIS Pack Vendor :STMicroelectronics X-CUBE-GNSS1 6.0.0
2023-03-15 22:08:50,534 [INFO] ThirdParty:1030 - CMSIS Pack Vendor :STMicroelectronics X-CUBE-AZRTOS-H7 2.1.0
2023-03-15 22:08:50,534 [INFO] ThirdParty:1030 - CMSIS Pack Vendor :STMicroelectronics USB_HOST 2.0.0
2023-03-15 22:08:50,534 [INFO] ThirdParty:1030 - CMSIS Pack Vendor :STMicroelectronics X-CUBE-AZRTOS-F4 1.1.0
2023-03-15 22:08:50,534 [INFO] ThirdParty:1030 - CMSIS Pack Vendor :STMicroelectronics LIBJPEG 8.0.0
2023-03-15 22:08:50,534 [INFO] ThirdParty:1030 - CMSIS Pack Vendor :STMicroelectronics USB_DEVICE 3.0.0
2023-03-15 22:08:50,535 [INFO] ThirdParty:1030 - CMSIS Pack Vendor :STMicroelectronics X-CUBE-AI 8.0.0
2023-03-15 22:08:50,535 [INFO] ThirdParty:1030 - CMSIS Pack Vendor :STMicroelectronics X-CUBE-FREERTOS 1.0.0
2023-03-15 22:08:50,535 [INFO] ThirdParty:1030 - CMSIS Pack Vendor :STMicroelectronics X-CUBE-TOUCHGFX 4.21.1
2023-03-15 22:08:50,535 [INFO] ThirdParty:1030 - CMSIS Pack Vendor :STMicroelectronics X-CUBE-TOUCHGFX 4.21.0
2023-03-15 22:08:50,535 [INFO] ThirdParty:1030 - CMSIS Pack Vendor :STMicroelectronics X-CUBE-AZRTOS-F7 1.1.0
2023-03-15 22:08:50,535 [INFO] ThirdParty:1030 - CMSIS Pack Vendor :STMicroelectronics X-CUBE-MEMS1 9.4.0
2023-03-15 22:08:50,535 [INFO] ThirdParty:1030 - CMSIS Pack Vendor :STMicroelectronics USB_DEVICE 2.0.0
2023-03-15 22:08:50,535 [INFO] ThirdParty:1030 - CMSIS Pack Vendor :STMicroelectronics X-CUBE-AI 7.3.0
2023-03-15 22:08:50,535 [INFO] ThirdParty:1030 - CMSIS Pack Vendor :STMicroelectronics X-CUBE-ALGOBUILD 1.3.0
2023-03-15 22:08:50,535 [INFO] ThirdParty:1030 - CMSIS Pack Vendor :STMicroelectronics X-CUBE-BLE1 6.2.4
2023-03-15 22:08:50,535 [INFO] ThirdParty:1030 - CMSIS Pack Vendor :STMicroelectronics X-CUBE-AZRTOS-L5 1.1.0
2023-03-15 22:08:50,535 [INFO] ThirdParty:1030 - CMSIS Pack Vendor :STMicroelectronics FreeRTOS 0.0.1
2023-03-15 22:08:50,535 [INFO] ThirdParty:1030 - CMSIS Pack Vendor :emotas I-CUBE-CANOPEN 1.1.3
2023-03-15 22:08:50,535 [INFO] ThirdParty:1030 - CMSIS Pack Vendor :STMicroelectronics X-CUBE-AZRTOS-G0 1.1.0
2023-03-15 22:08:50,535 [INFO] ThirdParty:1030 - CMSIS Pack Vendor :STMicroelectronics X-CUBE-BLEMGR 2.0.0
2023-03-15 22:08:50,535 [INFO] ThirdParty:1030 - CMSIS Pack Vendor :STMicroelectronics X-CUBE-SUBG2 5.0.0
2023-03-15 22:08:50,535 [INFO] ThirdParty:1030 - CMSIS Pack Vendor :STMicroelectronics X-CUBE-NFC4 3.0.0
2023-03-15 22:08:50,535 [INFO] ThirdParty:1030 - CMSIS Pack Vendor :STMicroelectronics STM32_WPAN 1.0.0
2023-03-15 22:08:50,535 [INFO] ThirdParty:1030 - CMSIS Pack Vendor :SEGGER I-CUBE-embOS 1.2.1
2023-03-15 22:08:50,535 [INFO] ThirdParty:1030 - CMSIS Pack Vendor :STMicroelectronics lwIP 2.0.3
2023-03-15 22:08:50,535 [INFO] ThirdParty:1030 - CMSIS Pack Vendor :STMicroelectronics X-CUBE-NFC4 2.0.5
2023-03-15 22:08:50,535 [INFO] ThirdParty:1030 - CMSIS Pack Vendor :STMicroelectronics USB_HOST 1.0.0
2023-03-15 22:08:50,535 [INFO] ThirdParty:1030 - CMSIS Pack Vendor :STMicroelectronics PDM2PCM 3.1.0
2023-03-15 22:08:50,535 [INFO] ThirdParty:1030 - CMSIS Pack Vendor :STMicroelectronics FP-ATR-ASTRA1 1.1.1
2023-03-15 22:08:50,535 [INFO] ThirdParty:1030 - CMSIS Pack Vendor :STMicroelectronics PDM2PCM 3.3.0
2023-03-15 22:08:50,535 [INFO] ThirdParty:1030 - CMSIS Pack Vendor :STMicroelectronics X-CUBE-DISPLAY 3.0.0
2023-03-15 22:08:50,535 [INFO] ThirdParty:1030 - CMSIS Pack Vendor :STMicroelectronics X-CUBE-BLEMGR 1.3.0
2023-03-15 22:08:50,535 [INFO] ThirdParty:1030 - CMSIS Pack Vendor :wolfSSL I-CUBE-wolfSSL 5.5.3
2023-03-15 22:08:50,535 [INFO] ThirdParty:1030 - CMSIS Pack Vendor :STMicroelectronics X-CUBE-AZRTOS-G4 1.0.0
2023-03-15 22:08:50,535 [INFO] ThirdParty:1030 - CMSIS Pack Vendor :STMicroelectronics FP-ATR-SIGFOX1 3.2.0
2023-03-15 22:08:50,535 [INFO] ThirdParty:1030 - CMSIS Pack Vendor :STMicroelectronics X-CUBE-AZRTOS-L4 1.0.0
2023-03-15 22:08:50,535 [INFO] ThirdParty:1030 - CMSIS Pack Vendor :STMicroelectronics HAL Drivers 0.0.0
2023-03-15 22:08:50,535 [INFO] ThirdParty:1030 - CMSIS Pack Vendor :STMicroelectronics MBEDTLS 2.16.2
2023-03-15 22:08:50,535 [INFO] ThirdParty:1030 - CMSIS Pack Vendor :STMicroelectronics X-CUBE-TOUCHGFX 4.20.0
2023-03-15 22:08:50,535 [INFO] ThirdParty:1030 - CMSIS Pack Vendor :STMicroelectronics MBEDTLS 2.14.1
2023-03-15 22:08:50,535 [INFO] ThirdParty:1030 - CMSIS Pack Vendor :STMicroelectronics X-CUBE-NFC7 1.0.0
2023-03-15 22:08:50,535 [INFO] ThirdParty:1030 - CMSIS Pack Vendor :STMicroelectronics X-CUBE-AZRTOS-WL 1.0.0
2023-03-15 22:08:50,535 [INFO] ThirdParty:1030 - CMSIS Pack Vendor :STMicroelectronics X-CUBE-EEPRMA1 4.1.0
2023-03-15 22:08:50,535 [INFO] ThirdParty:1030 - CMSIS Pack Vendor :portGmbH I-Cube-SoM-uGOAL 1.1.0
2023-03-15 22:08:50,535 [INFO] ThirdParty:1030 - CMSIS Pack Vendor :STMicroelectronics X-CUBE-ALS 1.0.1
2023-03-15 22:08:50,535 [INFO] ThirdParty:1030 - CMSIS Pack Vendor :STMicroelectronics X-CUBE-MEMS1 9.5.0
2023-03-15 22:08:50,535 [INFO] ThirdParty:1030 - CMSIS Pack Vendor :STMicroelectronics ThreadX 1.0.0
2023-03-15 22:08:50,535 [INFO] ThirdParty:1030 - CMSIS Pack Vendor :STMicroelectronics X-CUBE-AZRTOS-WB 1.1.0
2023-03-15 22:08:50,535 [INFO] ThirdParty:1030 - CMSIS Pack Vendor :SEGGER I-CUBE-embOS 1.3.1
2023-03-15 22:08:50,535 [INFO] ThirdParty:1030 - CMSIS Pack Vendor :STMicroelectronics USB_DEVICE 1.0.0
2023-03-15 22:08:50,535 [INFO] ThirdParty:1030 - CMSIS Pack Vendor :STMicroelectronics X-CUBE-EEPRMA1 3.1.1
2023-03-15 22:08:50,535 [INFO] ThirdParty:1030 - CMSIS Pack Vendor :STMicroelectronics ThreadX 0.0.2
2023-03-15 22:08:50,535 [INFO] ThirdParty:1030 - CMSIS Pack Vendor :WES I-CUBE-Cesium 1.3.0
2023-03-15 22:08:50,535 [INFO] ThirdParty:1030 - CMSIS Pack Vendor :STMicroelectronics lwIP 2.1.2
2023-03-15 22:08:50,535 [INFO] ThirdParty:1030 - CMSIS Pack Vendor :STMicroelectronics X-CUBE-SFXS2LP1 4.0.0
2023-03-15 22:08:50,535 [INFO] ThirdParty:1030 - CMSIS Pack Vendor :STMicroelectronics X-CUBE-BLE2 3.3.0
2023-03-15 22:08:50,535 [INFO] ThirdParty:1030 - CMSIS Pack Vendor :STMicroelectronics X-CUBE-DISPLAY 2.2.0
2023-03-15 22:08:50,535 [INFO] ThirdParty:1030 - CMSIS Pack Vendor :STMicroelectronics X-CUBE-TOF1 3.2.0
2023-03-15 22:08:50,535 [INFO] ThirdParty:1030 - CMSIS Pack Vendor :STMicroelectronics PDM2PCM 3.2.0
2023-03-15 22:08:50,535 [INFO] ThirdParty:1030 - CMSIS Pack Vendor :STMicroelectronics X-CUBE-AZRTOS-H7 3.0.0
2023-03-15 22:08:50,535 [INFO] ThirdParty:841 - exiting critical section [change project]
2023-03-15 22:08:50,763 [INFO] PinOutPanel:1499 - setPackage(No Configuration,No Configuration)
2023-03-15 22:08:50,763 [INFO] PinOutPanel:1499 - setPackage(STM32F103C8Tx,LQFP48)
2023-03-15 22:08:51,256 [INFO] UtilMem:75 - Before build in PCC Used Memory: 488269440 Bytes (772800512)
2023-03-15 22:08:51,852 [INFO] UtilMem:75 - After build in PCC Used Memory: 551106688 Bytes (772800512)
2023-03-15 22:08:51,862 [INFO] IPUIPlugin:80 - create IPUIPlugin
2023-03-15 22:08:51,862 [INFO] IPUIPlugin:80 - create IPUIPlugin
2023-03-15 22:08:51,862 [INFO] IPUIPlugin:80 - create IPUIPlugin
2023-03-15 22:08:51,862 [INFO] IPUIPlugin:80 - create IPUIPlugin
2023-03-15 22:08:51,862 [INFO] IPUIPlugin:80 - create IPUIPlugin
2023-03-15 22:08:51,862 [INFO] IPUIPlugin:80 - create IPUIPlugin
2023-03-15 22:08:51,862 [INFO] IPUIPlugin:80 - create IPUIPlugin
2023-03-15 22:08:51,862 [INFO] IPUIPlugin:80 - create IPUIPlugin
2023-03-15 22:08:51,862 [INFO] IPUIPlugin:80 - create IPUIPlugin
2023-03-15 22:08:51,862 [INFO] IPUIPlugin:80 - create IPUIPlugin
2023-03-15 22:08:51,862 [INFO] IPUIPlugin:80 - create IPUIPlugin
2023-03-15 22:08:51,862 [INFO] IPUIPlugin:80 - create IPUIPlugin
2023-03-15 22:08:51,862 [INFO] IPUIPlugin:80 - create IPUIPlugin
2023-03-15 22:08:51,862 [INFO] IPUIPlugin:80 - create IPUIPlugin
2023-03-15 22:08:51,862 [INFO] IPUIPlugin:80 - create IPUIPlugin
2023-03-15 22:08:51,862 [INFO] IPUIPlugin:80 - create IPUIPlugin
2023-03-15 22:08:51,862 [INFO] IPUIPlugin:80 - create IPUIPlugin
2023-03-15 22:08:51,862 [INFO] IPUIPlugin:80 - create IPUIPlugin
2023-03-15 22:08:51,862 [INFO] IPUIPlugin:80 - create IPUIPlugin
2023-03-15 22:08:51,862 [INFO] IPUIPlugin:80 - create IPUIPlugin
2023-03-15 22:08:51,862 [INFO] IPUIPlugin:80 - create IPUIPlugin
2023-03-15 22:08:51,862 [INFO] IPUIPlugin:80 - create IPUIPlugin
2023-03-15 22:08:51,862 [INFO] IPUIPlugin:80 - create IPUIPlugin
2023-03-15 22:08:51,862 [INFO] IPUIPlugin:80 - create IPUIPlugin
2023-03-15 22:08:51,862 [INFO] IPUIPlugin:80 - create IPUIPlugin
2023-03-15 22:08:51,862 [INFO] IPUIPlugin:80 - create IPUIPlugin
2023-03-15 22:08:51,862 [INFO] IPUIPlugin:80 - create IPUIPlugin
2023-03-15 22:08:51,884 [WARN] IP:2113 - I2C_Coeff_DF not found: check if there is a RefParameter without a condition.
2023-03-15 22:08:51,884 [WARN] IP:2113 - Analog_Filter not found: check if there is a RefParameter without a condition.
2023-03-15 22:08:52,053 [INFO] CADModel:165 - CPN selected for project levelSTM32F103C8T6
2023-03-15 22:08:52,053 [INFO] CADModel:114 - Register for checkConnection events
2023-03-15 22:08:52,100 [INFO] OpenFileManager:328 - Restore cursor
2023-03-15 22:08:52,252 [WARN] IP:2113 - I2C_Coeff_DF not found: check if there is a RefParameter without a condition.
2023-03-15 22:08:52,252 [WARN] IP:2113 - Analog_Filter not found: check if there is a RefParameter without a condition.
2023-03-15 22:08:52,252 [WARN] IP:2113 - I2C_Coeff_DF not found: check if there is a RefParameter without a condition.
2023-03-15 22:08:52,252 [WARN] IP:2113 - Analog_Filter not found: check if there is a RefParameter without a condition.
2023-03-15 22:08:52,771 [INFO] UtilMem:75 - End SaveConfig() Used Memory: 543327232 Bytes (772800512)
2023-03-15 22:08:52,818 [INFO] UtilMem:75 - End SaveConfig() Used Memory: 552764416 Bytes (772800512)
2023-03-15 22:08:53,257 [INFO] BlockDiagram:2759 - set Specific Code input for plugin: NVIC
2023-03-15 22:08:53,257 [INFO] BlockDiagram:2759 - set Specific Code input for plugin: TIM1_8F1
2023-03-15 22:08:53,257 [INFO] BlockDiagram:2759 - set Specific Code input for plugin: SYS
2023-03-15 22:08:53,257 [INFO] BlockDiagram:2759 - set Specific Code input for plugin: GPIO
2023-03-15 22:08:53,257 [INFO] BlockDiagram:2759 - set Specific Code input for plugin: RCC
2023-03-15 22:08:53,257 [INFO] BlockDiagram:2759 - set Specific Code input for plugin: I2C
2023-03-15 22:08:53,257 [INFO] CodeGenerator:793 - code generatio: config db path: C:/Users/PC/.stm32cubemx/databases/DB.6.0.60/db/
2023-03-15 22:08:53,257 [WARN] IP:2113 - I2C_Coeff_DF not found: check if there is a RefParameter without a condition.
2023-03-15 22:08:53,257 [WARN] IP:2113 - Analog_Filter not found: check if there is a RefParameter without a condition.
2023-03-15 22:08:53,637 [INFO] CodeEngine:255 - oldGeneratedFile, D:\BTL_VXL\code_stm32_ds1307_clock_lcd\BTL_VXL_STM32\MXTmpFiles\license.tmp_save
2023-03-15 22:08:54,000 [INFO] CodeEngine:279 - Generated code: D:\BTL_VXL\code_stm32_ds1307_clock_lcd\BTL_VXL_STM32\MXTmpFiles\license.tmp
2023-03-15 22:08:54,097 [INFO] CodeEngine:255 - oldGeneratedFile, D:\BTL_VXL\code_stm32_ds1307_clock_lcd\BTL_VXL_STM32\MXTmpFiles\gpio.tmp_save
2023-03-15 22:08:54,242 [INFO] CodeEngine:279 - Generated code: D:\BTL_VXL\code_stm32_ds1307_clock_lcd\BTL_VXL_STM32\MXTmpFiles\gpio.tmp
2023-03-15 22:08:54,384 [INFO] CodeEngine:255 - oldGeneratedFile, D:\BTL_VXL\code_stm32_ds1307_clock_lcd\BTL_VXL_STM32\Core\Src\stm32f1xx_it.c_save
2023-03-15 22:08:54,508 [INFO] CodeEngine:279 - Generated code: D:\BTL_VXL\code_stm32_ds1307_clock_lcd\BTL_VXL_STM32\Core\Src\stm32f1xx_it.c
2023-03-15 22:08:54,508 [INFO] CodeEngine:255 - oldGeneratedFile, D:\BTL_VXL\code_stm32_ds1307_clock_lcd\BTL_VXL_STM32\Core\Inc\stm32f1xx_it.h_save
2023-03-15 22:08:54,571 [INFO] CodeEngine:279 - Generated code: D:\BTL_VXL\code_stm32_ds1307_clock_lcd\BTL_VXL_STM32\Core\Inc\stm32f1xx_it.h
2023-03-15 22:08:54,571 [INFO] CodeEngine:255 - oldGeneratedFile, D:\BTL_VXL\code_stm32_ds1307_clock_lcd\BTL_VXL_STM32\Core\Src\stm32f1xx_hal_msp.c_save
2023-03-15 22:08:54,730 [INFO] CodeEngine:279 - Generated code: D:\BTL_VXL\code_stm32_ds1307_clock_lcd\BTL_VXL_STM32\Core\Src\stm32f1xx_hal_msp.c
2023-03-15 22:08:54,746 [INFO] CodeEngine:255 - oldGeneratedFile, D:\BTL_VXL\code_stm32_ds1307_clock_lcd\BTL_VXL_STM32\MXTmpFiles\system.tmp_save
2023-03-15 22:08:54,809 [INFO] CodeEngine:279 - Generated code: D:\BTL_VXL\code_stm32_ds1307_clock_lcd\BTL_VXL_STM32\MXTmpFiles\system.tmp
2023-03-15 22:08:54,824 [INFO] CodeEngine:311 - oldGeneratedFile, D:\BTL_VXL\code_stm32_ds1307_clock_lcd\BTL_VXL_STM32\Core\Inc\stm32f1xx_hal_conf.h_save
2023-03-15 22:08:54,920 [INFO] CodeEngine:335 - Generated code: D:\BTL_VXL\code_stm32_ds1307_clock_lcd\BTL_VXL_STM32\Core\Inc\stm32f1xx_hal_conf.h
2023-03-15 22:08:54,949 [WARN] IPConfigManager:3431 - IP not found : TIM
2023-03-15 22:08:54,951 [WARN] CodeGenerator:3754 - IP not found : null
2023-03-15 22:08:54,955 [INFO] CodeEngine:255 - oldGeneratedFile, D:\BTL_VXL\code_stm32_ds1307_clock_lcd\BTL_VXL_STM32\Core\Inc\main.h_save
2023-03-15 22:08:55,081 [INFO] CodeEngine:279 - Generated code: D:\BTL_VXL\code_stm32_ds1307_clock_lcd\BTL_VXL_STM32\Core\Inc\main.h
2023-03-15 22:08:55,095 [INFO] CodeEngine:255 - oldGeneratedFile, D:\BTL_VXL\code_stm32_ds1307_clock_lcd\BTL_VXL_STM32\Core\Src\main.c_save
2023-03-15 22:08:55,195 [INFO] CodeEngine:279 - Generated code: D:\BTL_VXL\code_stm32_ds1307_clock_lcd\BTL_VXL_STM32\Core\Src\main.c
2023-03-15 22:08:55,800 [INFO] ProjectBuilder:2996 - Time for Copy HAL[1] : 72mS.
2023-03-15 22:08:55,837 [INFO] ProjectBuilder:4304 - Project Generator version: 3.19.2
2023-03-15 22:08:56,106 [INFO] ConfigFileManager:1483 - The Die is : DIE410
2023-03-15 22:08:56,122 [INFO] ApiDbMcu:507 - Load IP Config File for FATFS
2023-03-15 22:08:56,137 [INFO] ApiDbMcu:507 - Load IP Config File for FREERTOS
2023-03-15 22:08:56,148 [INFO] ApiDbMcu:507 - Load IP Config File for USB_DEVICE
2023-03-15 22:08:57,133 [INFO] LogOutputStream:77 - [STDOUT_REDIRECT] 
2023-03-15 22:09:00,668 [INFO] ProjectBuilder:4505 - Time for Generating toolchain IDE Files: 4831mS.
2023-03-15 22:09:00,668 [INFO] ProjectBuilder:2867 - Time for Copy CMSIS : 0mS.
2023-03-15 22:09:00,668 [INFO] ProjectBuilder:2867 - Time for Copy CMSIS : 0mS.
2023-03-15 22:09:01,284 [INFO] McuFinderGlobals:66 - Set McuFinderConnectedMode to true
2023-03-15 22:09:01,606 [INFO] ApiDb:448 - Save user favorites file C:\Users\PC/.stm32cubeide/favorites.mcus.txt: 0 item(s)
2023-03-15 22:09:01,606 [INFO] ApiDb:452 - User favorites MCUs=[]
2023-03-15 22:09:02,101 [ERROR] LogOutputStream:75 - [STDERR_REDIRECT] Exception in thread "AWT-EventQueue-0" java.awt.IllegalComponentStateException: Native resources unavailable
2023-03-15 22:09:02,101 [ERROR] LogOutputStream:75 - [STDERR_REDIRECT] 	at java.desktop/sun.awt.windows.WWindowPeer.getScreenImOn(Native Method)
2023-03-15 22:09:02,101 [ERROR] LogOutputStream:75 - [STDERR_REDIRECT] 	at java.desktop/sun.awt.windows.WWindowPeer.updateGC(WWindowPeer.java:566)
2023-03-15 22:09:02,101 [ERROR] LogOutputStream:75 - [STDERR_REDIRECT] 	at java.desktop/java.awt.event.InvocationEvent.dispatch(InvocationEvent.java:313)
2023-03-15 22:09:02,101 [ERROR] LogOutputStream:75 - [STDERR_REDIRECT] 	at java.desktop/java.awt.EventQueue.dispatchEventImpl(EventQueue.java:770)
2023-03-15 22:09:02,101 [ERROR] LogOutputStream:75 - [STDERR_REDIRECT] 	at java.desktop/java.awt.EventQueue$4.run(EventQueue.java:721)
2023-03-15 22:09:02,111 [ERROR] LogOutputStream:75 - [STDERR_REDIRECT] 	at java.desktop/java.awt.EventQueue$4.run(EventQueue.java:715)
2023-03-15 22:09:02,112 [ERROR] LogOutputStream:75 - [STDERR_REDIRECT] 	at java.base/java.security.AccessController.doPrivileged(Native Method)
2023-03-15 22:09:02,114 [ERROR] LogOutputStream:75 - [STDERR_REDIRECT] 	at java.base/java.security.ProtectionDomain$JavaSecurityAccessImpl.doIntersectionPrivilege(ProtectionDomain.java:85)
2023-03-15 22:09:02,115 [ERROR] LogOutputStream:75 - [STDERR_REDIRECT] 	at java.base/java.security.ProtectionDomain$JavaSecurityAccessImpl.doIntersectionPrivilege(ProtectionDomain.java:95)
2023-03-15 22:09:02,116 [ERROR] LogOutputStream:75 - [STDERR_REDIRECT] 	at java.desktop/java.awt.EventQueue$5.run(EventQueue.java:745)
2023-03-15 22:09:02,116 [ERROR] LogOutputStream:75 - [STDERR_REDIRECT] 	at java.desktop/java.awt.EventQueue$5.run(EventQueue.java:743)
2023-03-15 22:09:02,117 [ERROR] LogOutputStream:75 - [STDERR_REDIRECT] 	at java.base/java.security.AccessController.doPrivileged(Native Method)
2023-03-15 22:09:02,119 [ERROR] LogOutputStream:75 - [STDERR_REDIRECT] 	at java.base/java.security.ProtectionDomain$JavaSecurityAccessImpl.doIntersectionPrivilege(ProtectionDomain.java:85)
2023-03-15 22:09:02,119 [ERROR] LogOutputStream:75 - [STDERR_REDIRECT] 	at java.desktop/java.awt.EventQueue.dispatchEvent(EventQueue.java:742)
2023-03-15 22:09:02,119 [ERROR] LogOutputStream:75 - [STDERR_REDIRECT] 	at java.desktop/java.awt.EventDispatchThread.pumpOneEventForFilters(EventDispatchThread.java:203)
2023-03-15 22:09:02,119 [ERROR] LogOutputStream:75 - [STDERR_REDIRECT] 	at java.desktop/java.awt.EventDispatchThread.pumpEventsForFilter(EventDispatchThread.java:124)
2023-03-15 22:09:02,123 [ERROR] LogOutputStream:75 - [STDERR_REDIRECT] 	at java.desktop/java.awt.EventDispatchThread.pumpEventsForHierarchy(EventDispatchThread.java:113)
2023-03-15 22:09:02,123 [ERROR] LogOutputStream:75 - [STDERR_REDIRECT] 	at java.desktop/java.awt.EventDispatchThread.pumpEvents(EventDispatchThread.java:109)
2023-03-15 22:09:02,123 [ERROR] LogOutputStream:75 - [STDERR_REDIRECT] 	at java.desktop/java.awt.EventDispatchThread.pumpEvents(EventDispatchThread.java:101)
2023-03-15 22:09:02,123 [ERROR] LogOutputStream:75 - [STDERR_REDIRECT] 	at java.desktop/java.awt.EventDispatchThread.run(EventDispatchThread.java:90)
