2023-03-17 11:39:27,729 [INFO] Activator:176 - 


2023-03-17 11:39:27,734 [INFO] Activator:177 - !SESSION log4j initialized
2023-03-17 11:39:32,882 [INFO] LogOutputStream:77 - [STDOUT_REDIRECT] 
2023-03-17 11:39:54,145 [ERROR] LogOutputStream:75 - [STDERR_REDIRECT] SLF4J: Failed to load class "org.slf4j.impl.StaticLoggerBinder".
2023-03-17 11:39:54,153 [ERROR] LogOutputStream:75 - [STDERR_REDIRECT] SLF4J: Defaulting to no-operation (NOP) logger implementation
2023-03-17 11:39:54,154 [ERROR] LogOutputStream:75 - [STDERR_REDIRECT] SLF4J: See http://www.slf4j.org/codes.html#StaticLoggerBinder for further details.
2023-03-17 11:53:13,600 [ERROR] ConfigurationRetriever:142 - IOException on connection: Read timed out
2023-03-17 14:36:27,489 [INFO] Activator:176 - 


2023-03-17 14:36:27,489 [INFO] Activator:177 - !SESSION log4j initialized
2023-03-17 14:36:34,764 [INFO] LogOutputStream:77 - [STDOUT_REDIRECT] 
2023-03-17 14:36:35,336 [ERROR] ConfigurationRetriever:142 - IOException on connection: sw-center.st.com
2023-03-17 14:36:35,341 [ERROR] ConfigurationRetriever:142 - IOException on connection: sw-center.st.com
2023-03-17 14:36:35,341 [ERROR] ConfigurationRetriever:142 - IOException on connection: sw-center.st.com
2023-03-17 14:36:56,895 [ERROR] LogOutputStream:75 - [STDERR_REDIRECT] SLF4J: Failed to load class "org.slf4j.impl.StaticLoggerBinder".
2023-03-17 14:36:56,895 [ERROR] LogOutputStream:75 - [STDERR_REDIRECT] SLF4J: Defaulting to no-operation (NOP) logger implementation
2023-03-17 14:36:56,895 [ERROR] LogOutputStream:75 - [STDERR_REDIRECT] SLF4J: See http://www.slf4j.org/codes.html#StaticLoggerBinder for further details.
2023-03-17 14:40:05,739 [ERROR] ConfigurationRetriever:142 - IOException on connection: sw-center.st.com
2023-03-17 14:40:05,739 [ERROR] ConfigurationRetriever:142 - IOException on connection: sw-center.st.com
2023-03-17 14:40:05,739 [ERROR] ConfigurationRetriever:142 - IOException on connection: sw-center.st.com
2023-03-17 15:00:02,134 [ERROR] ConfigurationRetriever:142 - IOException on connection: sw-center.st.com
2023-03-17 15:00:02,146 [ERROR] ConfigurationRetriever:142 - IOException on connection: sw-center.st.com
2023-03-17 15:00:02,146 [ERROR] ConfigurationRetriever:142 - IOException on connection: sw-center.st.com
2023-03-17 22:14:03,543 [INFO] Activator:176 - 


2023-03-17 22:14:03,543 [INFO] Activator:177 - !SESSION log4j initialized
2023-03-17 22:14:13,478 [INFO] LogOutputStream:77 - [STDOUT_REDIRECT] 
2023-03-17 22:14:36,680 [ERROR] LogOutputStream:75 - [STDERR_REDIRECT] SLF4J: Failed to load class "org.slf4j.impl.StaticLoggerBinder".
2023-03-17 22:14:36,680 [ERROR] LogOutputStream:75 - [STDERR_REDIRECT] SLF4J: Defaulting to no-operation (NOP) logger implementation
2023-03-17 22:14:36,680 [ERROR] LogOutputStream:75 - [STDERR_REDIRECT] SLF4J: See http://www.slf4j.org/codes.html#StaticLoggerBinder for further details.
2023-03-17 23:25:02,650 [INFO] ApplicationProperties:184 - Using Application install path: C:\ST\STM32CubeIDE_1.12.0\STM32CubeIDE\plugins\com.st.stm32cube.common.mx_6.8.0.202302231600
2023-03-17 23:25:02,682 [INFO] DbMcusXml:78 - Set database path to: C:\ST\STM32CubeIDE_1.12.0\STM32CubeIDE\plugins\com.st.stm32cube.common.mx_6.8.0.202302231600\\db\/mcu/
2023-03-17 23:25:02,682 [INFO] ApiDb:274 - Set plugin database path to: C:\ST\STM32CubeIDE_1.12.0\STM32CubeIDE\plugins\com.st.stm32cube.common.mx_6.8.0.202302231600\\db\/plugins/boardmanager/
2023-03-17 23:25:02,682 [WARN] ApiDb:259 - Overriding images path with different value:  => C:\ST\STM32CubeIDE_1.12.0\STM32CubeIDE\plugins\com.st.stm32cube.common.mx_6.8.0.202302231600\\db\/plugins/mcufinder/images/
2023-03-17 23:25:02,734 [INFO] ApiDb:250 - Set database path to: C:\Users\PC\.stmcufinder\plugins\mcufinder//mcu/
2023-03-17 23:25:02,745 [INFO] DbMcusAds:125 - Set database path to: C:\Users\PC\.stmcufinder\plugins\mcufinder//mcu/
2023-03-17 23:25:02,794 [INFO] CrossReferenceDbSqlite:203 - Set database path to: C:\Users\PC\.stmcufinder\plugins\mcufinder//mcu/cs/
2023-03-17 23:25:03,027 [INFO] RulesReader:64 - Compatibility file has been processed (293 Rules)
2023-03-17 23:25:03,196 [INFO] DbMcusXml:78 - Set database path to: C:\ST\STM32CubeIDE_1.12.0\STM32CubeIDE\plugins\com.st.stm32cube.common.mx_6.8.0.202302231600\\db\/mcu/
2023-03-17 23:25:03,196 [INFO] ApiDb:274 - Set plugin database path to: C:\ST\STM32CubeIDE_1.12.0\STM32CubeIDE\plugins\com.st.stm32cube.common.mx_6.8.0.202302231600\\db\/plugins/boardmanager/
2023-03-17 23:25:03,196 [INFO] ApiDb:261 - Set plugin images path to: C:\ST\STM32CubeIDE_1.12.0\STM32CubeIDE\plugins\com.st.stm32cube.common.mx_6.8.0.202302231600\\db\/plugins/mcufinder/images/
2023-03-17 23:25:03,203 [WARN] DbFile:41 - Overriding database path with different value: C:\Users\PC\.stmcufinder\plugins\mcufinder/ => C:\Users\PC\.stmcufinder\plugins\mcufinder
2023-03-17 23:25:03,203 [INFO] ApiDb:250 - Set database path to: C:\Users\PC\.stmcufinder\plugins\mcufinder//mcu/
2023-03-17 23:25:03,203 [WARN] DbFile:41 - Overriding database path with different value: C:\Users\PC\.stmcufinder\plugins\mcufinder/ => C:\Users\PC\.stmcufinder\plugins\mcufinder
2023-03-17 23:25:03,203 [INFO] DbMcusAds:125 - Set database path to: C:\Users\PC\.stmcufinder\plugins\mcufinder//mcu/
2023-03-17 23:25:03,203 [WARN] DbFile:41 - Overriding database path with different value: C:\Users\PC\.stmcufinder\plugins\mcufinder/ => C:\Users\PC\.stmcufinder\plugins\mcufinder
2023-03-17 23:25:03,203 [WARN] DbFile:41 - Overriding database path with different value: C:\Users\PC\.stmcufinder\plugins\mcufinder/ => C:\Users\PC\.stmcufinder\plugins\mcufinder
2023-03-17 23:25:03,203 [INFO] CrossReferenceDbSqlite:203 - Set database path to: C:\Users\PC\.stmcufinder\plugins\mcufinder//mcu/cs/
2023-03-17 23:25:03,362 [INFO] MainPanel:253 - HeapMemory: 434110464
2023-03-17 23:25:03,554 [INFO] DbMcusXml:78 - Set database path to: C:\ST\STM32CubeIDE_1.12.0\STM32CubeIDE\plugins\com.st.stm32cube.common.mx_6.8.0.202302231600\\db\/mcu/
2023-03-17 23:25:03,554 [INFO] ApiDb:274 - Set plugin database path to: C:\ST\STM32CubeIDE_1.12.0\STM32CubeIDE\plugins\com.st.stm32cube.common.mx_6.8.0.202302231600\\db\/plugins/boardmanager/
2023-03-17 23:25:03,554 [INFO] ApiDb:261 - Set plugin images path to: C:\ST\STM32CubeIDE_1.12.0\STM32CubeIDE\plugins\com.st.stm32cube.common.mx_6.8.0.202302231600\\db\/plugins/mcufinder/images/
2023-03-17 23:25:03,567 [WARN] DbFile:41 - Overriding database path with different value: C:\Users\PC\.stmcufinder\plugins\mcufinder/ => C:\Users\PC\.stmcufinder\plugins\mcufinder
2023-03-17 23:25:03,567 [INFO] ApiDb:250 - Set database path to: C:\Users\PC\.stmcufinder\plugins\mcufinder//mcu/
2023-03-17 23:25:03,567 [WARN] DbFile:41 - Overriding database path with different value: C:\Users\PC\.stmcufinder\plugins\mcufinder/ => C:\Users\PC\.stmcufinder\plugins\mcufinder
2023-03-17 23:25:03,567 [INFO] DbMcusAds:125 - Set database path to: C:\Users\PC\.stmcufinder\plugins\mcufinder//mcu/
2023-03-17 23:25:03,567 [WARN] DbFile:41 - Overriding database path with different value: C:\Users\PC\.stmcufinder\plugins\mcufinder/ => C:\Users\PC\.stmcufinder\plugins\mcufinder
2023-03-17 23:25:03,567 [WARN] DbFile:41 - Overriding database path with different value: C:\Users\PC\.stmcufinder\plugins\mcufinder/ => C:\Users\PC\.stmcufinder\plugins\mcufinder
2023-03-17 23:25:03,567 [INFO] CrossReferenceDbSqlite:203 - Set database path to: C:\Users\PC\.stmcufinder\plugins\mcufinder//mcu/cs/
2023-03-17 23:25:03,615 [INFO] ApplicationProperties:184 - Using Application install path: C:\ST\STM32CubeIDE_1.12.0\STM32CubeIDE\plugins\com.st.stm32cube.common.mx_6.8.0.202302231600
2023-03-17 23:25:03,631 [INFO] PluginManage:196 - Search for loadable plugins [exclusion list=, ]
2023-03-17 23:25:03,634 [INFO] PluginManage:310 - Check plugin analytics
2023-03-17 23:25:04,142 [INFO] AnalyticsPlugin:253 - Accepted Software Licenses: STM32CubeMX.6.7.0
2023-03-17 23:25:04,142 [INFO] AnalyticsPlugin:255 - Accepted CMSIS Pack Licenses: 
2023-03-17 23:25:04,142 [INFO] AnalyticsPlugin:257 - Accepted Firmware Licenses: 
2023-03-17 23:25:04,169 [INFO] PluginManage:359 - Loaded plugin analytics (category:tool,tabindex:-1)
2023-03-17 23:25:04,169 [INFO] PluginManage:310 - Check plugin cadmodel
2023-03-17 23:25:04,215 [INFO] CADModel:105 - Init CAD model plugin
2023-03-17 23:25:04,215 [INFO] PluginManage:359 - Loaded plugin cadmodel (category:power,tabindex:5)
2023-03-17 23:25:04,215 [INFO] PluginManage:310 - Check plugin clock
2023-03-17 23:25:04,272 [INFO] PluginManage:359 - Loaded plugin clock (category:base,tabindex:2)
2023-03-17 23:25:04,272 [INFO] PluginManage:310 - Check plugin ddr
2023-03-17 23:25:04,283 [INFO] PluginManage:359 - Loaded plugin ddr (category:tool,tabindex:6)
2023-03-17 23:25:04,283 [INFO] PluginManage:310 - Check plugin filemanager
2023-03-17 23:25:04,628 [INFO] PluginManage:359 - Loaded plugin filemanager (category:base,tabindex:10)
2023-03-17 23:25:04,628 [INFO] PluginManage:310 - Check plugin ipmanager
2023-03-17 23:25:04,643 [INFO] PluginManage:359 - Loaded plugin ipmanager (category:base,tabindex:5)
2023-03-17 23:25:04,643 [INFO] PluginManage:310 - Check plugin lpbam
2023-03-17 23:25:04,673 [INFO] PluginManage:359 - Loaded plugin lpbam (category:base,tabindex:0)
2023-03-17 23:25:04,673 [INFO] PluginManage:310 - Check plugin pinoutandconfiguration
2023-03-17 23:25:04,691 [INFO] PluginManage:359 - Loaded plugin pinoutandconfiguration (category:base,tabindex:1)
2023-03-17 23:25:04,691 [INFO] PluginManage:310 - Check plugin pinoutconfig
2023-03-17 23:25:04,866 [WARN] SupportedApi:132 - Cannot load RTOS API schema: s4s-elt-must-match.1: The content of 'definitions' must match (annotation?, (simpleType | complexType)?, (unique | key | keyref)*)). A problem was found starting at: attribute.
2023-03-17 23:25:05,102 [INFO] PluginManage:359 - Loaded plugin pinoutconfig (category:base,tabindex:0)
2023-03-17 23:25:05,116 [INFO] PluginManage:310 - Check plugin power
2023-03-17 23:25:05,148 [INFO] PluginManage:359 - Loaded plugin power (category:power,tabindex:4)
2023-03-17 23:25:05,148 [INFO] PluginManage:310 - Check plugin projectmanager
2023-03-17 23:25:05,195 [INFO] PluginManage:359 - Loaded plugin projectmanager (category:projectmanager,tabindex:3)
2023-03-17 23:25:05,195 [INFO] PluginManage:310 - Check plugin thirdparty
2023-03-17 23:25:05,589 [INFO] PluginManage:359 - Loaded plugin thirdparty (category:base,tabindex:-1)
2023-03-17 23:25:05,605 [INFO] PluginManage:310 - Check plugin tools
2023-03-17 23:25:05,589 [WARN] IntegrityCheckThread:84 - waiting for thirdparty lock release [integrity check]
2023-03-17 23:25:05,605 [INFO] IntegrityCheckThread:86 - entering critical section [integrity check]
2023-03-17 23:25:05,605 [INFO] ThirdPartyUpdaterWithRetryManager:70 - Updater plugin not ready yet. [1/15]
2023-03-17 23:25:05,636 [INFO] PluginManage:359 - Loaded plugin tools (category:base,tabindex:7)
2023-03-17 23:25:05,636 [INFO] PluginManage:310 - Check plugin tutovideos
2023-03-17 23:25:06,044 [INFO] PluginManage:359 - Loaded plugin tutovideos (category:base,tabindex:-1)
2023-03-17 23:25:06,044 [INFO] PluginManage:310 - Check plugin updater
2023-03-17 23:25:06,075 [INFO] PluginManage:359 - Loaded plugin updater (category:base,tabindex:12)
2023-03-17 23:25:06,075 [INFO] PluginManage:283 - PluginManage : Loaded plugins [15]
2023-03-17 23:25:06,547 [INFO] PinOutPanel:1499 - setPackage(No Configuration,No Configuration)
2023-03-17 23:25:06,672 [INFO] CADModel:165 - CPN selected for project level
2023-03-17 23:25:06,672 [INFO] CADModel:114 - Register for checkConnection events
2023-03-17 23:25:06,719 [INFO] IPUIPlugin:80 - create IPUIPlugin
2023-03-17 23:25:06,719 [INFO] PluginManager:220 - loadIPPluginJar : add adc
2023-03-17 23:25:06,766 [INFO] IPUIPlugin:80 - create IPUIPlugin
2023-03-17 23:25:06,766 [INFO] PluginManager:220 - loadIPPluginJar : add aes
2023-03-17 23:25:06,829 [INFO] IPUIPlugin:80 - create IPUIPlugin
2023-03-17 23:25:06,829 [INFO] PluginManager:220 - loadIPPluginJar : add can
2023-03-17 23:25:06,860 [INFO] IPUIPlugin:80 - create IPUIPlugin
2023-03-17 23:25:06,860 [INFO] PluginManager:220 - loadIPPluginJar : add comp
2023-03-17 23:25:06,908 [INFO] IPUIPlugin:80 - create IPUIPlugin
2023-03-17 23:25:06,908 [INFO] PluginManager:220 - loadIPPluginJar : add cryp
2023-03-17 23:25:06,939 [INFO] IPUIPlugin:80 - create IPUIPlugin
2023-03-17 23:25:06,939 [INFO] PluginManager:220 - loadIPPluginJar : add dfsdm
2023-03-17 23:25:06,970 [INFO] IPUIPlugin:80 - create IPUIPlugin
2023-03-17 23:25:06,970 [INFO] PluginManager:220 - loadIPPluginJar : add dma
2023-03-17 23:25:07,017 [INFO] IPUIPlugin:80 - create IPUIPlugin
2023-03-17 23:25:07,017 [INFO] PluginManager:220 - loadIPPluginJar : add dma3
2023-03-17 23:25:07,049 [INFO] IPUIPlugin:80 - create IPUIPlugin
2023-03-17 23:25:07,049 [INFO] PluginManager:220 - loadIPPluginJar : add fatfs
2023-03-17 23:25:07,112 [INFO] IPUIPlugin:80 - create IPUIPlugin
2023-03-17 23:25:07,112 [INFO] PluginManager:220 - loadIPPluginJar : add fmc
2023-03-17 23:25:07,143 [INFO] IPUIPlugin:80 - create IPUIPlugin
2023-03-17 23:25:07,143 [INFO] PluginManager:220 - loadIPPluginJar : add freertos
2023-03-17 23:25:07,159 [INFO] IPUIPlugin:80 - create IPUIPlugin
2023-03-17 23:25:07,159 [INFO] PluginManager:220 - loadIPPluginJar : add genericplugin
2023-03-17 23:25:07,284 [INFO] IPUIPlugin:80 - create IPUIPlugin
2023-03-17 23:25:07,290 [INFO] PluginManager:220 - loadIPPluginJar : add gfxmmu
2023-03-17 23:25:07,457 [INFO] IPUIPlugin:80 - create IPUIPlugin
2023-03-17 23:25:07,457 [INFO] PluginManager:220 - loadIPPluginJar : add gic
2023-03-17 23:25:07,490 [INFO] IPUIPlugin:80 - create IPUIPlugin
2023-03-17 23:25:07,490 [INFO] PluginManager:220 - loadIPPluginJar : add gpio
2023-03-17 23:25:07,614 [INFO] IPUIPlugin:80 - create IPUIPlugin
2023-03-17 23:25:07,614 [INFO] PluginManager:220 - loadIPPluginJar : add gtzc
2023-03-17 23:25:07,677 [INFO] IPUIPlugin:80 - create IPUIPlugin
2023-03-17 23:25:07,677 [INFO] PluginManager:220 - loadIPPluginJar : add hash
2023-03-17 23:25:07,740 [INFO] IPUIPlugin:80 - create IPUIPlugin
2023-03-17 23:25:07,740 [INFO] PluginManager:220 - loadIPPluginJar : add i2c
2023-03-17 23:25:07,791 [INFO] IPUIPlugin:80 - create IPUIPlugin
2023-03-17 23:25:07,791 [INFO] PluginManager:220 - loadIPPluginJar : add i2s
2023-03-17 23:25:07,850 [INFO] IPUIPlugin:80 - create IPUIPlugin
2023-03-17 23:25:07,850 [INFO] PluginManager:220 - loadIPPluginJar : add i3c
2023-03-17 23:25:08,007 [INFO] IPUIPlugin:80 - create IPUIPlugin
2023-03-17 23:25:08,007 [INFO] PluginManager:220 - loadIPPluginJar : add ipddr
2023-03-17 23:25:08,132 [INFO] IPUIPlugin:80 - create IPUIPlugin
2023-03-17 23:25:08,132 [INFO] PluginManager:220 - loadIPPluginJar : add linkedlist
2023-03-17 23:25:08,179 [INFO] IPUIPlugin:80 - create IPUIPlugin
2023-03-17 23:25:08,179 [INFO] PluginManager:220 - loadIPPluginJar : add lorawan
2023-03-17 23:25:08,211 [INFO] IPUIPlugin:80 - create IPUIPlugin
2023-03-17 23:25:08,211 [INFO] PluginManager:220 - loadIPPluginJar : add ltdc
2023-03-17 23:25:08,242 [INFO] IPUIPlugin:80 - create IPUIPlugin
2023-03-17 23:25:08,242 [INFO] PluginManager:220 - loadIPPluginJar : add mdma
2023-03-17 23:25:08,258 [INFO] IPUIPlugin:80 - create IPUIPlugin
2023-03-17 23:25:08,258 [INFO] PluginManager:220 - loadIPPluginJar : add nvic
2023-03-17 23:25:08,305 [INFO] IPUIPlugin:80 - create IPUIPlugin
2023-03-17 23:25:08,305 [INFO] PluginManager:220 - loadIPPluginJar : add opamp
2023-03-17 23:25:08,400 [INFO] IPUIPlugin:80 - create IPUIPlugin
2023-03-17 23:25:08,400 [INFO] PluginManager:220 - loadIPPluginJar : add openamp
2023-03-17 23:25:08,447 [INFO] IPUIPlugin:80 - create IPUIPlugin
2023-03-17 23:25:08,447 [INFO] PluginManager:220 - loadIPPluginJar : add pdm2pcm
2023-03-17 23:25:08,478 [INFO] IPUIPlugin:80 - create IPUIPlugin
2023-03-17 23:25:08,478 [INFO] PluginManager:220 - loadIPPluginJar : add plateformsettings
2023-03-17 23:25:08,509 [INFO] IPUIPlugin:80 - create IPUIPlugin
2023-03-17 23:25:08,509 [INFO] PluginManager:220 - loadIPPluginJar : add quadspi
2023-03-17 23:25:08,525 [INFO] IPUIPlugin:80 - create IPUIPlugin
2023-03-17 23:25:08,525 [INFO] PluginManager:220 - loadIPPluginJar : add resmgrutility
2023-03-17 23:25:08,594 [INFO] IPUIPlugin:80 - create IPUIPlugin
2023-03-17 23:25:08,594 [INFO] PluginManager:220 - loadIPPluginJar : add sai
2023-03-17 23:25:08,619 [INFO] ThirdPartyUpdaterWithRetryManager:70 - Updater plugin not ready yet. [2/15]
2023-03-17 23:25:08,635 [INFO] IPUIPlugin:80 - create IPUIPlugin
2023-03-17 23:25:08,635 [INFO] PluginManager:220 - loadIPPluginJar : add spi
2023-03-17 23:25:08,729 [INFO] IPUIPlugin:80 - create IPUIPlugin
2023-03-17 23:25:08,729 [INFO] PluginManager:220 - loadIPPluginJar : add stm32_wpan
2023-03-17 23:25:08,760 [INFO] IPUIPlugin:80 - create IPUIPlugin
2023-03-17 23:25:08,760 [INFO] PluginManager:220 - loadIPPluginJar : add tim
2023-03-17 23:25:08,839 [INFO] IPUIPlugin:80 - create IPUIPlugin
2023-03-17 23:25:08,839 [INFO] PluginManager:220 - loadIPPluginJar : add touchsensing
2023-03-17 23:25:08,870 [INFO] IPUIPlugin:80 - create IPUIPlugin
2023-03-17 23:25:08,870 [INFO] PluginManager:220 - loadIPPluginJar : add tracer_emb
2023-03-17 23:25:08,902 [INFO] IPUIPlugin:80 - create IPUIPlugin
2023-03-17 23:25:08,902 [INFO] PluginManager:220 - loadIPPluginJar : add ts
2023-03-17 23:25:08,918 [INFO] IPUIPlugin:80 - create IPUIPlugin
2023-03-17 23:25:08,918 [INFO] PluginManager:220 - loadIPPluginJar : add tsc
2023-03-17 23:25:08,949 [INFO] IPUIPlugin:80 - create IPUIPlugin
2023-03-17 23:25:08,949 [INFO] PluginManager:220 - loadIPPluginJar : add ucpd
2023-03-17 23:25:09,004 [INFO] IPUIPlugin:80 - create IPUIPlugin
2023-03-17 23:25:09,004 [INFO] PluginManager:220 - loadIPPluginJar : add usart
2023-03-17 23:25:09,067 [INFO] IPUIPlugin:80 - create IPUIPlugin
2023-03-17 23:25:09,067 [INFO] PluginManager:220 - loadIPPluginJar : add usbx
2023-03-17 23:25:09,248 [INFO] CADModel:165 - CPN selected for project level
2023-03-17 23:25:09,250 [INFO] CADModel:114 - Register for checkConnection events
2023-03-17 23:25:09,250 [FATAL] Updater:308 - Updater called before beeing initialized
2023-03-17 23:25:09,250 [ERROR] CADModel:125 - Updater not yet initialized, retry later 
2023-03-17 23:25:09,540 [INFO] CADModel:165 - CPN selected for project level
2023-03-17 23:25:09,540 [INFO] CADModel:114 - Register for checkConnection events
2023-03-17 23:25:09,540 [FATAL] Updater:308 - Updater called before beeing initialized
2023-03-17 23:25:09,540 [ERROR] CADModel:125 - Updater not yet initialized, retry later 
2023-03-17 23:25:09,540 [FATAL] Updater:308 - Updater called before beeing initialized
2023-03-17 23:25:09,759 [FATAL] Updater:308 - Updater called before beeing initialized
2023-03-17 23:25:09,791 [INFO] DbMcusAds:53 - JSON generation date=Tue Mar 07 15:50:55 ICT 2023 (1678179055114)
2023-03-17 23:25:09,791 [FATAL] Updater:308 - Updater called before beeing initialized
2023-03-17 23:25:09,901 [WARN] DetailPanel:346 - Failed to get advertising image, set to default
2023-03-17 23:25:10,152 [FATAL] Updater:308 - Updater called before beeing initialized
2023-03-17 23:25:10,168 [FATAL] Updater:308 - Updater called before beeing initialized
2023-03-17 23:25:10,168 [FATAL] Updater:308 - Updater called before beeing initialized
2023-03-17 23:25:10,168 [WARN] DetailPanel:346 - Failed to get advertising image, set to default
2023-03-17 23:25:10,168 [FATAL] Updater:308 - Updater called before beeing initialized
2023-03-17 23:25:10,277 [ERROR] Updater:1120 - MainUpdater not yet initialized. External WinMGr cannot be set.
2023-03-17 23:25:10,298 [INFO] Updater:1056 - Updater Version found : 6.8.0
2023-03-17 23:25:10,325 [INFO] ApplicationProperties:184 - Using Application install path: C:\ST\STM32CubeIDE_1.12.0\STM32CubeIDE\plugins\com.st.stm32cube.common.mx_6.8.0.202302231600
2023-03-17 23:25:10,624 [INFO] MainUpdater:2854 - connection check result : 10
2023-03-17 23:25:10,624 [INFO] MainUpdater:283 - Updater Check For Update Now.
2023-03-17 23:25:10,624 [INFO] MicroXplorer:498 - Change Database Version : DB.6.0.80
2023-03-17 23:25:10,843 [INFO] CheckServerUpdateThread:120 - End of CheckServer Thread
2023-03-17 23:25:10,859 [INFO] MainUpdater:2854 - connection check result : 10
2023-03-17 23:25:10,859 [INFO] MainUpdater:2854 - connection check result : 10
2023-03-17 23:25:11,101 [INFO] MicroXplorer:468 - Change Database Path : 
2023-03-17 23:25:11,101 [INFO] MicroXplorer:498 - Change Database Version : DB.6.0.80
2023-03-17 23:25:11,101 [WARN] ThirdParty:871 - waiting for thirdparty lock release [close project]
2023-03-17 23:25:11,999 [WARN] PackLoader:240 - Cannot read IP mode file for STMicroelectronics.X-CUBE-GNSS1.6.0.0
2023-03-17 23:25:12,106 [WARN] PackLoader:240 - Cannot read IP mode file for STMicroelectronics.X-CUBE-AZRTOS-F4.1.1.0
2023-03-17 23:25:12,192 [WARN] PackLoader:240 - Cannot read IP mode file for STMicroelectronics.X-CUBE-AZRTOS-F7.1.1.0
2023-03-17 23:25:12,222 [WARN] PackLoader:240 - Cannot read IP mode file for STMicroelectronics.X-CUBE-BLE1.6.2.4
2023-03-17 23:25:12,256 [WARN] PackLoader:240 - Cannot read IP mode file for emotas.I-CUBE-CANOPEN.1.1.3
2023-03-17 23:25:12,288 [WARN] PackLoader:240 - Cannot read IP mode file for STMicroelectronics.X-CUBE-BLEMGR.2.0.0
2023-03-17 23:25:12,315 [WARN] PackLoader:240 - Cannot read IP mode file for STMicroelectronics.X-CUBE-NFC4.2.0.5
2023-03-17 23:25:12,344 [WARN] PackLoader:240 - Cannot read IP mode file for STMicroelectronics.X-CUBE-DISPLAY.3.0.0
2023-03-17 23:25:12,370 [WARN] PackLoader:240 - Cannot read IP mode file for wolfSSL.I-CUBE-wolfSSL.5.5.3
2023-03-17 23:25:12,394 [WARN] PackLoader:240 - Cannot read IP mode file for STMicroelectronics.X-CUBE-NFC7.1.0.0
2023-03-17 23:25:12,407 [WARN] PackLoader:240 - Cannot read IP mode file for STMicroelectronics.X-CUBE-EEPRMA1.4.1.0
2023-03-17 23:25:12,440 [WARN] PackLoader:240 - Cannot read IP mode file for WES.I-CUBE-Cesium.1.3.0
2023-03-17 23:25:12,457 [WARN] PackLoader:240 - Cannot read IP mode file for STMicroelectronics.X-CUBE-SFXS2LP1.4.0.0
2023-03-17 23:25:12,477 [WARN] PackLoader:240 - Cannot read IP mode file for STMicroelectronics.X-CUBE-BLE2.3.3.0
2023-03-17 23:25:12,502 [WARN] PackLoader:240 - Cannot read IP mode file for STMicroelectronics.X-CUBE-DISPLAY.2.2.0
2023-03-17 23:25:12,529 [WARN] PackLoader:240 - Cannot read IP mode file for STMicroelectronics.X-CUBE-TOF1.3.2.0
2023-03-17 23:25:12,582 [WARN] PackLoader:240 - Cannot read IP mode file for STMicroelectronics.X-CUBE-AZRTOS-H7.3.0.0
2023-03-17 23:25:12,602 [WARN] PackLoader:240 - Cannot read IP mode file for STMicroelectronics.X-CUBE-ISPU.1.1.0
2023-03-17 23:25:12,629 [WARN] PackLoader:240 - Cannot read IP mode file for RoweBots.I-CUBE-UNISONRTOS.5.5.0-4
2023-03-17 23:25:12,682 [WARN] PackLoader:240 - Cannot read IP mode file for STMicroelectronics.X-CUBE-AZRTOS-H7.2.1.0
2023-03-17 23:25:12,702 [WARN] PackLoader:240 - Cannot read IP mode file for STMicroelectronics.X-CUBE-AI.8.0.0
2023-03-17 23:25:12,708 [WARN] PackLoader:240 - Cannot read IP mode file for STMicroelectronics.X-CUBE-FREERTOS.1.0.0
2023-03-17 23:25:12,726 [WARN] PackLoader:240 - Cannot read IP mode file for STMicroelectronics.X-CUBE-TOUCHGFX.4.21.1
2023-03-17 23:25:12,740 [WARN] PackLoader:240 - Cannot read IP mode file for STMicroelectronics.X-CUBE-TOUCHGFX.4.21.0
2023-03-17 23:25:12,835 [WARN] PackLoader:240 - Cannot read IP mode file for STMicroelectronics.X-CUBE-MEMS1.9.4.0
2023-03-17 23:25:13,009 [WARN] PackLoader:240 - Cannot read IP mode file for STMicroelectronics.X-CUBE-AI.7.3.0
2023-03-17 23:25:13,025 [WARN] PackLoader:240 - Cannot read IP mode file for STMicroelectronics.X-CUBE-ALGOBUILD.1.3.0
2023-03-17 23:25:13,070 [WARN] PackLoader:240 - Cannot read IP mode file for STMicroelectronics.X-CUBE-AZRTOS-L5.1.1.0
2023-03-17 23:25:13,133 [WARN] PackLoader:240 - Cannot read IP mode file for STMicroelectronics.X-CUBE-AZRTOS-G0.1.1.0
2023-03-17 23:25:13,164 [WARN] PackLoader:240 - Cannot read IP mode file for STMicroelectronics.X-CUBE-SUBG2.5.0.0
2023-03-17 23:25:13,180 [WARN] PackLoader:240 - Cannot read IP mode file for STMicroelectronics.X-CUBE-NFC4.3.0.0
2023-03-17 23:25:13,272 [WARN] PackLoader:240 - Cannot read IP mode file for SEGGER.I-CUBE-embOS.1.2.1
2023-03-17 23:25:13,324 [WARN] PackLoader:240 - Cannot read IP mode file for STMicroelectronics.FP-ATR-ASTRA1.1.1.1
2023-03-17 23:25:13,339 [WARN] PackLoader:240 - Cannot read IP mode file for STMicroelectronics.X-CUBE-BLEMGR.1.3.0
2023-03-17 23:25:13,385 [WARN] PackLoader:240 - Cannot read IP mode file for STMicroelectronics.X-CUBE-AZRTOS-G4.1.0.0
2023-03-17 23:25:13,401 [WARN] PackLoader:240 - Cannot read IP mode file for STMicroelectronics.FP-ATR-SIGFOX1.3.2.0
2023-03-17 23:25:13,435 [WARN] PackLoader:240 - Cannot read IP mode file for STMicroelectronics.X-CUBE-AZRTOS-L4.1.0.0
2023-03-17 23:25:13,449 [WARN] PackLoader:240 - Cannot read IP mode file for STMicroelectronics.X-CUBE-TOUCHGFX.4.20.0
2023-03-17 23:25:13,480 [WARN] PackLoader:240 - Cannot read IP mode file for STMicroelectronics.X-CUBE-AZRTOS-WL.1.0.0
2023-03-17 23:25:13,501 [WARN] PackLoader:240 - Cannot read IP mode file for portGmbH.I-Cube-SoM-uGOAL.1.1.0
2023-03-17 23:25:13,513 [WARN] PackLoader:240 - Cannot read IP mode file for STMicroelectronics.X-CUBE-ALS.1.0.1
2023-03-17 23:25:13,577 [WARN] PackLoader:240 - Cannot read IP mode file for STMicroelectronics.X-CUBE-MEMS1.9.5.0
2023-03-17 23:25:13,764 [WARN] PackLoader:240 - Cannot read IP mode file for STMicroelectronics.X-CUBE-AZRTOS-WB.1.1.0
2023-03-17 23:25:13,843 [WARN] PackLoader:240 - Cannot read IP mode file for SEGGER.I-CUBE-embOS.1.3.1
2023-03-17 23:25:13,893 [WARN] PackLoader:240 - Cannot read IP mode file for STMicroelectronics.X-CUBE-EEPRMA1.3.1.1
2023-03-17 23:25:13,893 [INFO] ThirdParty:978 - Integrity check success = true
2023-03-17 23:25:13,893 [INFO] IntegrityCheckThread:100 - exiting critical section [integrity check]
2023-03-17 23:25:13,893 [INFO] IntegrityCheckThread:103 - End integrity checks thread
2023-03-17 23:25:13,893 [INFO] ThirdParty:873 - entering critical section [close project]
2023-03-17 23:25:13,901 [INFO] ThirdParty:883 - exiting critical section [close project]
2023-03-17 23:25:13,907 [INFO] PinOutPanel:1499 - setPackage(No Configuration,No Configuration)
2023-03-17 23:25:13,911 [INFO] UtilMem:75 - Begin LoadConfig() Used Memory: 174939744 Bytes (434110464)
2023-03-17 23:25:13,911 [INFO] MicroXplorer:468 - Change Database Path : C:/Users/PC/.stm32cubemx/databases/DB.6.0.60/db/
2023-03-17 23:25:13,911 [INFO] MicroXplorer:498 - Change Database Version : DB.6.0.60
2023-03-17 23:25:19,106 [INFO] OpenFileManager:308 - Change cursor
2023-03-17 23:25:19,157 [INFO] Mcu:1937 - Initializing MCU STM32F103C(8-B)Tx STM32F103C8Tx STM32F103C8T6
2023-03-17 23:25:20,447 [INFO] Context:659 - Trying to add GPIOservice into a context  which must be forbidden
2023-03-17 23:25:21,251 [INFO] RtosManager:555 - Registered RTOS mode: class=CMSIS, group=RTOS, mode=CMSIS_V1, owner=FREERTOS
2023-03-17 23:25:21,251 [INFO] RtosManager:555 - Registered RTOS mode: class=CMSIS, group=RTOS2, mode=CMSIS_V2, owner=FREERTOS
2023-03-17 23:25:21,251 [INFO] RtosManager:555 - Registered RTOS mode: class=RTOS, group=Core, mode=CMSIS_V1, owner=FREERTOS
2023-03-17 23:25:21,251 [INFO] RtosManager:555 - Registered RTOS mode: class=RTOS, group=Core, mode=CMSIS_V2, owner=FREERTOS
2023-03-17 23:25:21,251 [WARN] ModelIntegratedComponent:184 - Missing modes for component STMicroelectronics:FreeRTOS:0.0.1:STMicroelectronics:RTOS:FreeRTOS:Core:::10.2.0:
2023-03-17 23:25:21,266 [WARN] ModelIntegratedComponent:63 - No mode defined for component null
2023-03-17 23:25:21,266 [WARN] ModelIntegratedComponent:63 - No mode defined for component null
2023-03-17 23:25:21,266 [WARN] ModelIntegratedComponent:63 - No mode defined for component null
2023-03-17 23:25:21,266 [WARN] ModelIntegratedComponent:63 - No mode defined for component null
2023-03-17 23:25:21,266 [WARN] ModelIntegratedComponent:63 - No mode defined for component null
2023-03-17 23:25:21,266 [WARN] ModelIntegratedComponent:63 - No mode defined for component null
2023-03-17 23:25:21,266 [WARN] ModelIntegratedComponent:63 - No mode defined for component null
2023-03-17 23:25:21,266 [WARN] ModelIntegratedComponent:63 - No mode defined for component null
2023-03-17 23:25:21,266 [WARN] ModelIntegratedComponent:63 - No mode defined for component null
2023-03-17 23:25:21,266 [WARN] ModelIntegratedComponent:63 - No mode defined for component null
2023-03-17 23:25:21,266 [WARN] ModelIntegratedComponent:63 - No mode defined for component null
2023-03-17 23:25:21,266 [WARN] ModelIntegratedComponent:63 - No mode defined for component null
2023-03-17 23:25:21,266 [WARN] ModelIntegratedComponent:63 - No mode defined for component null
2023-03-17 23:25:21,266 [WARN] ModelIntegratedComponent:63 - No mode defined for component null
2023-03-17 23:25:21,266 [WARN] ModelIntegratedComponent:63 - No mode defined for component null
2023-03-17 23:25:21,266 [WARN] ModelIntegratedComponent:63 - No mode defined for component null
2023-03-17 23:25:21,282 [WARN] ModelIntegratedComponent:63 - No mode defined for component null
2023-03-17 23:25:21,282 [WARN] ModelIntegratedComponent:63 - No mode defined for component null
2023-03-17 23:25:21,282 [WARN] ModelIntegratedComponent:63 - No mode defined for component null
2023-03-17 23:25:21,282 [WARN] ModelIntegratedComponent:63 - No mode defined for component null
2023-03-17 23:25:21,282 [WARN] ModelIntegratedComponent:63 - No mode defined for component null
2023-03-17 23:25:21,282 [WARN] ModelIntegratedComponent:63 - No mode defined for component null
2023-03-17 23:25:21,282 [WARN] ModelIntegratedComponent:63 - No mode defined for component null
2023-03-17 23:25:21,282 [WARN] ModelIntegratedComponent:63 - No mode defined for component null
2023-03-17 23:25:21,282 [WARN] ModelIntegratedComponent:63 - No mode defined for component null
2023-03-17 23:25:21,282 [WARN] ModelIntegratedComponent:63 - No mode defined for component null
2023-03-17 23:25:21,282 [WARN] ModelIntegratedComponent:63 - No mode defined for component null
2023-03-17 23:25:21,282 [WARN] ModelIntegratedComponent:63 - No mode defined for component null
2023-03-17 23:25:21,282 [WARN] ModelIntegratedComponent:63 - No mode defined for component null
2023-03-17 23:25:21,282 [WARN] ModelIntegratedComponent:63 - No mode defined for component null
2023-03-17 23:25:21,282 [WARN] ModelIntegratedComponent:63 - No mode defined for component null
2023-03-17 23:25:21,282 [WARN] ModelIntegratedComponent:63 - No mode defined for component null
2023-03-17 23:25:21,282 [WARN] ModelIntegratedComponent:63 - No mode defined for component null
2023-03-17 23:25:21,408 [INFO] ThirdPartyModel:298 - Start build external matchings
2023-03-17 23:25:21,865 [INFO] ThirdPartyModel:316 - End build external matchings
2023-03-17 23:25:21,896 [INFO] ImportTextPane:194 - (OptionalMessage_ERROR) IP (RCC) : Invalid parameter (FamilyName)
2023-03-17 23:25:21,912 [INFO] ImportTextPane:194 - (OptionalMessage_ERROR) IP (RCC) : Parameter (USBFreq_Value) has invalid value (72000000)
2023-03-17 23:25:22,228 [INFO] UtilMem:75 - End LoadConfig() Used Memory: 291476304 Bytes (434110464)
2023-03-17 23:25:22,388 [INFO] ApiDb:581 - Connected to CubeFinder SQLite database (C:\Users\PC\.stmcufinder\plugins\mcufinder\mcu\cube-finder-db.db)
2023-03-17 23:25:22,499 [INFO] ApiDb:668 - CubeFinder database Data Model version=2.1
2023-03-17 23:25:22,499 [INFO] ApiDb:669 - CubeFinder database Configuration version=3.0.35
2023-03-17 23:25:22,508 [INFO] ApiDb:670 - CubeFinder database generation date=2023-03-10 (1678456172)
2023-03-17 23:25:22,509 [INFO] ApiDb:671 - CubeFinder database FW Pack versions=[FP-ATR-ASTRA1_V1.1.1, STM32Cube_FW_C0_V1.0.1, STM32Cube_FW_F0_V1.11.4, STM32Cube_FW_F3_V1.11.4, STM32Cube_FW_F4_V1.27.1, STM32Cube_FW_F7_V1.17.0, STM32Cube_FW_G0_V1.6.1, STM32Cube_FW_G4_V1.5.1, STM32Cube_FW_H5_V0.5.1, STM32Cube_FW_H5_V1.0.0, STM32Cube_FW_H7_V1.11.0, STM32Cube_FW_L0_V1.12.2, STM32Cube_FW_L5_V1.5.0, STM32Cube_FW_U5_V1.2.0, STM32Cube_FW_WBA_V1.0.0, STM32Cube_FW_WBA_V1.0.0RC1, STM32Cube_FW_WBA_V1.0.0RC3, STM32Cube_FW_WB_V1.15.0RC1, STM32Cube_FW_WB_V1.16.0, STM32Cube_FW_WB_V1.16.0RC2, STM32Cube_FW_WL_V1.3.0, X-CUBE-ALGOBUILD_V1.3.0, X-CUBE-ALS_V1.0.1, X-CUBE-AZRTOS-F4_V1.1.0, X-CUBE-AZRTOS-F7_V1.1.0, X-CUBE-AZRTOS-G0_V1.1.0, X-CUBE-AZRTOS-G4_V1.0.0, X-CUBE-AZRTOS-H7_V3.0.0, X-CUBE-AZRTOS-L4_V1.0.0, X-CUBE-AZRTOS-L5_V1.1.0, X-CUBE-AZRTOS-WB_V1.1.0, X-CUBE-AZRTOS-WL_V1.0.0, X-CUBE-BLE1_V6.2.4, X-CUBE-BLE2_V3.3.0, X-CUBE-BLEMGR_V1.3.0, X-CUBE-EEPRMA1_V4.1.0, X-CUBE-GNSS1_V6.0.0, X-CUBE-MEMS1_V9.1.0, X-CUBE-MEMS1_V9.4.0, X-CUBE-MEMS1_V9.5.0, X-CUBE-NFC4_V3.0.0, X-CUBE-NFC7_V1.0.0, X-CUBE-SFXS2LP1_V4.0.0, X-CUBE-SUBG2_V5.0.0]
2023-03-17 23:25:26,346 [INFO] ApiDb:240 - Found 297 in-development CPN: [B-G473E-ZEST1S, B-WB1M-WPAN1, B-WL5M-SUBG1, NUCLEO-C031C6, NUCLEO-H503RB, NUCLEO-H563ZI, NUCLEO-U545RE-Q, NUCLEO-U5A5ZJ-Q, NUCLEO-WBA52CG, STEVAL-PROTEUS1, STEVAL-STWINBX1, STM320518-EVAL, STM32C0116-DK, STM32C011D6Y3TR, STM32C011D6Y6TR, STM32C011F4P3, STM32C011F4P6, STM32C011F4U3, STM32C011F4U6TR, STM32C011F6P3, STM32C011F6P6, STM32C011F6U3, STM32C011F6U6TR, STM32C011J4M3, STM32C011J4M6, STM32C011J6M3, STM32C011J6M6, STM32C0316-DK, STM32C031C4T3, STM32C031C4T6, STM32C031C4U3, STM32C031C4U6, STM32C031C6T3, STM32C031C6T6, STM32C031C6U3, STM32C031C6U6, STM32C031F4P3, STM32C031F4P6, STM32C031F6P3, STM32C031F6P6, STM32C031G4U3, STM32C031G4U6, STM32C031G6U3, STM32C031G6U6, STM32C031K4T3, STM32C031K4T6, STM32C031K4U3, STM32C031K4U6, STM32C031K6T3, STM32C031K6T6, STM32C031K6U3, STM32C031K6U6, STM32G071K8TXN, STM32G071K8UXN, STM32G081GBU6N, STM32G081KBT6N, STM32G081KBUXN, STM32G0B1CCT6N, STM32G0B1KCT6, STM32G0B1NEY6TR, STM32G0B1RCT6N, STM32G0C1CCT6, STM32G0C1CCT6N, STM32G0C1CCU6N, STM32G0C1CET6N, STM32G0C1CEU6N, STM32G0C1KCT6, STM32G0C1NEY6TR, STM32G0C1RCI6N, STM32G0C1RCT6N, STM32G0C1REI6N, STM32G0C1RET6N, STM32G0C1VCI6, STM32G0C1VEI6, STM32G471CCT6, STM32G471CCU6, STM32G471CET3, STM32G471CET6, STM32G471CEU3, STM32G471CEU6, STM32G471MCT6, STM32G471MET3, STM32G471MET6, STM32G471MEY6TR, STM32G471QCT6, STM32G471QET3, STM32G471RCT6, STM32G471RET3, STM32G471RET6, STM32G471VCH6, STM32G471VCI6, STM32G471VCT6, STM32G471VEH3, STM32G471VEH6, STM32G471VEI3, STM32G471VEI6, STM32G471VET3, STM32G471VET6, STM32G474CCT6, STM32H503CBT6, STM32H503CBU6, STM32H503EBY6TR, STM32H503KBU6, STM32H503RBT6, STM32H562AGI6, STM32H562AII6, STM32H562IGK6, STM32H562IGT6, STM32H562IIK6, STM32H562IIT6, STM32H562RGT6, STM32H562RGV6, STM32H562RIT6, STM32H562RIV6, STM32H562VGT6, STM32H562VIT6, STM32H562ZGT6, STM32H562ZIT6, STM32H563AGI6, STM32H563AII3Q, STM32H563AII6, STM32H563IGK6, STM32H563IGT6, STM32H563IIK3Q, STM32H563IIK6, STM32H563IIT3Q, STM32H563IIT6, STM32H563MIY3QTR, STM32H563RGT6, STM32H563RGV6, STM32H563RIT6, STM32H563RIV6, STM32H563VGT6, STM32H563VIT3Q, STM32H563VIT6, STM32H563ZGT6, STM32H563ZIT3Q, STM32H563ZIT6, STM32H573AII3Q, STM32H573AII6, STM32H573I-DK, STM32H573IIK3Q, STM32H573IIK6, STM32H573IIT3Q, STM32H573IIT6, STM32H573MIY3QTR, STM32H573RIT6, STM32H573RIV6, STM32H573VIT3Q, STM32H573VIT6, STM32H573ZIT3Q, STM32H573ZIT6, STM32L4R5QGI6STR, STM32MP131AAE3, STM32MP131AAF3, STM32MP131AAG3, STM32MP131CAE3, STM32MP131CAF3, STM32MP131CAG3, STM32MP131DAE7, STM32MP131DAF7, STM32MP131DAG7, STM32MP131FAE7, STM32MP131FAF7, STM32MP131FAG7, STM32MP133AAE3, STM32MP133AAF3, STM32MP133AAG3, STM32MP133CAE3, STM32MP133CAF3, STM32MP133CAG3, STM32MP133DAE7, STM32MP133DAF7, STM32MP133DAG7, STM32MP133FAE7, STM32MP133FAF7, STM32MP133FAG7, STM32MP135AAE3, STM32MP135AAF3, STM32MP135AAG3, STM32MP135CAE3, STM32MP135CAF3, STM32MP135CAG3, STM32MP135DAE7, STM32MP135DAF7, STM32MP135DAG7, STM32MP135F-DK, STM32MP135FAE7, STM32MP135FAF7, STM32MP135FAF7T, STM32MP135FAF7U, STM32MP135FAG7, STM32U535CBT6, STM32U535CBT6Q, STM32U535CBU6, STM32U535CBU6Q, STM32U535CCT6, STM32U535CCT6Q, STM32U535CCU6, STM32U535CCU6Q, STM32U535CET6, STM32U535CET6Q, STM32U535CEU6, STM32U535CEU6Q, STM32U535JEY6QTR, STM32U535NCY6QTR, STM32U535NEY6QTR, STM32U535RBI6, STM32U535RBI6Q, STM32U535RBT6, STM32U535RBT6Q, STM32U535RCI6, STM32U535RCI6Q, STM32U535RCT6, STM32U535RCT6Q, STM32U535REI6, STM32U535REI6Q, STM32U535RET6, STM32U535RET6Q, STM32U535VCI6, STM32U535VCI6Q, STM32U535VCT6, STM32U535VCT6Q, STM32U535VEI6, STM32U535VEI6Q, STM32U535VET6, STM32U535VET6Q, STM32U545CET6, STM32U545CET6Q, STM32U545CEU6, STM32U545CEU6Q, STM32U545JEY6QTR, STM32U545NEY6QTR, STM32U545REI6, STM32U545REI6Q, STM32U545RET6, STM32U545RET6Q, STM32U545VEI6, STM32U545VEI6Q, STM32U545VET6, STM32U545VET6Q, STM32U595AIH6, STM32U595AIH6Q, STM32U595AJH6, STM32U595AJH6Q, STM32U595QII6, STM32U595QII6Q, STM32U595QJI6, STM32U595QJI6Q, STM32U595RIT6, STM32U595RIT6Q, STM32U595RJT6, STM32U595RJT6Q, STM32U595VIT6, STM32U595VIT6Q, STM32U595VJT6, STM32U595VJT6Q, STM32U595ZIT6, STM32U595ZIT6Q, STM32U595ZIY6QTR, STM32U595ZJT6, STM32U595ZJT6Q, STM32U595ZJY6QTR, STM32U599BJY6QTR, STM32U599NIH6Q, STM32U599NJH6Q, STM32U599VIT6Q, STM32U599VJT6, STM32U599VJT6Q, STM32U599ZIT6Q, STM32U599ZIY6QTR, STM32U599ZJT6Q, STM32U599ZJY6QTR, STM32U5A5AJH6, STM32U5A5AJH6Q, STM32U5A5QJI6, STM32U5A5QJI6Q, STM32U5A5RJT6, STM32U5A5RJT6Q, STM32U5A5VJT6, STM32U5A5VJT6Q, STM32U5A5ZJT6, STM32U5A5ZJT6Q, STM32U5A5ZJY6QTR, STM32U5A9BJY6QTR, STM32U5A9J-DK, STM32U5A9NJH6Q, STM32U5A9VJT6Q, STM32U5A9ZJT6Q, STM32U5A9ZJY6QTR, STM32WB1MMCH6, STM32WBA52CEU6, STM32WBA52CEU6T, STM32WBA52CGU6, STM32WBA52CGU6T, STM32WL5MOCH6, STM32WL5MOCH6TR]
2023-03-17 23:25:26,346 [INFO] DbMcus:216 - Found 3775 MCUs, 3775 are supported
2023-03-17 23:25:26,362 [INFO] ApiDb:423 - Load user favorites file C:\Users\PC/.stm32cubeide/favorites.mcus.txt: 0 item(s)
2023-03-17 23:25:26,362 [INFO] ApiDb:427 - User favorites MCUs=[]
2023-03-17 23:25:26,362 [INFO] DbMcus:222 - Set 0 / 0 favorites MCUs
2023-03-17 23:25:26,896 [WARN] ThirdParty:833 - waiting for thirdparty lock release [change project]
2023-03-17 23:25:26,896 [INFO] ThirdParty:835 - entering critical section [change project]
2023-03-17 23:25:26,896 [INFO] ThirdParty:1030 - CMSIS Pack Vendor :STMicroelectronics X-CUBE-ISPU 1.1.0
2023-03-17 23:25:26,896 [INFO] ThirdParty:1030 - CMSIS Pack Vendor :RoweBots I-CUBE-UNISONRTOS 5.5.0-4
2023-03-17 23:25:26,896 [INFO] ThirdParty:1030 - CMSIS Pack Vendor :STMicroelectronics X-CUBE-GNSS1 6.0.0
2023-03-17 23:25:26,896 [INFO] ThirdParty:1030 - CMSIS Pack Vendor :STMicroelectronics X-CUBE-AZRTOS-H7 2.1.0
2023-03-17 23:25:26,896 [INFO] ThirdParty:1030 - CMSIS Pack Vendor :STMicroelectronics USB_HOST 2.0.0
2023-03-17 23:25:26,896 [INFO] ThirdParty:1030 - CMSIS Pack Vendor :STMicroelectronics X-CUBE-AZRTOS-F4 1.1.0
2023-03-17 23:25:26,896 [INFO] ThirdParty:1030 - CMSIS Pack Vendor :STMicroelectronics LIBJPEG 8.0.0
2023-03-17 23:25:26,896 [INFO] ThirdParty:1030 - CMSIS Pack Vendor :STMicroelectronics USB_DEVICE 3.0.0
2023-03-17 23:25:26,896 [INFO] ThirdParty:1030 - CMSIS Pack Vendor :STMicroelectronics X-CUBE-AI 8.0.0
2023-03-17 23:25:26,896 [INFO] ThirdParty:1030 - CMSIS Pack Vendor :STMicroelectronics X-CUBE-FREERTOS 1.0.0
2023-03-17 23:25:26,896 [INFO] ThirdParty:1030 - CMSIS Pack Vendor :STMicroelectronics X-CUBE-TOUCHGFX 4.21.1
2023-03-17 23:25:26,896 [INFO] ThirdParty:1030 - CMSIS Pack Vendor :STMicroelectronics X-CUBE-TOUCHGFX 4.21.0
2023-03-17 23:25:26,896 [INFO] ThirdParty:1030 - CMSIS Pack Vendor :STMicroelectronics X-CUBE-AZRTOS-F7 1.1.0
2023-03-17 23:25:26,896 [INFO] ThirdParty:1030 - CMSIS Pack Vendor :STMicroelectronics X-CUBE-MEMS1 9.4.0
2023-03-17 23:25:26,896 [INFO] ThirdParty:1030 - CMSIS Pack Vendor :STMicroelectronics USB_DEVICE 2.0.0
2023-03-17 23:25:26,896 [INFO] ThirdParty:1030 - CMSIS Pack Vendor :STMicroelectronics X-CUBE-AI 7.3.0
2023-03-17 23:25:26,896 [INFO] ThirdParty:1030 - CMSIS Pack Vendor :STMicroelectronics X-CUBE-ALGOBUILD 1.3.0
2023-03-17 23:25:26,896 [INFO] ThirdParty:1030 - CMSIS Pack Vendor :STMicroelectronics X-CUBE-BLE1 6.2.4
2023-03-17 23:25:26,896 [INFO] ThirdParty:1030 - CMSIS Pack Vendor :STMicroelectronics X-CUBE-AZRTOS-L5 1.1.0
2023-03-17 23:25:26,896 [INFO] ThirdParty:1030 - CMSIS Pack Vendor :STMicroelectronics FreeRTOS 0.0.1
2023-03-17 23:25:26,896 [INFO] ThirdParty:1030 - CMSIS Pack Vendor :emotas I-CUBE-CANOPEN 1.1.3
2023-03-17 23:25:26,896 [INFO] ThirdParty:1030 - CMSIS Pack Vendor :STMicroelectronics X-CUBE-AZRTOS-G0 1.1.0
2023-03-17 23:25:26,896 [INFO] ThirdParty:1030 - CMSIS Pack Vendor :STMicroelectronics X-CUBE-BLEMGR 2.0.0
2023-03-17 23:25:26,896 [INFO] ThirdParty:1030 - CMSIS Pack Vendor :STMicroelectronics X-CUBE-SUBG2 5.0.0
2023-03-17 23:25:26,896 [INFO] ThirdParty:1030 - CMSIS Pack Vendor :STMicroelectronics X-CUBE-NFC4 3.0.0
2023-03-17 23:25:26,896 [INFO] ThirdParty:1030 - CMSIS Pack Vendor :STMicroelectronics STM32_WPAN 1.0.0
2023-03-17 23:25:26,896 [INFO] ThirdParty:1030 - CMSIS Pack Vendor :SEGGER I-CUBE-embOS 1.2.1
2023-03-17 23:25:26,896 [INFO] ThirdParty:1030 - CMSIS Pack Vendor :STMicroelectronics lwIP 2.0.3
2023-03-17 23:25:26,896 [INFO] ThirdParty:1030 - CMSIS Pack Vendor :STMicroelectronics X-CUBE-NFC4 2.0.5
2023-03-17 23:25:26,896 [INFO] ThirdParty:1030 - CMSIS Pack Vendor :STMicroelectronics USB_HOST 1.0.0
2023-03-17 23:25:26,896 [INFO] ThirdParty:1030 - CMSIS Pack Vendor :STMicroelectronics PDM2PCM 3.1.0
2023-03-17 23:25:26,896 [INFO] ThirdParty:1030 - CMSIS Pack Vendor :STMicroelectronics FP-ATR-ASTRA1 1.1.1
2023-03-17 23:25:26,896 [INFO] ThirdParty:1030 - CMSIS Pack Vendor :STMicroelectronics PDM2PCM 3.3.0
2023-03-17 23:25:26,896 [INFO] ThirdParty:1030 - CMSIS Pack Vendor :STMicroelectronics X-CUBE-DISPLAY 3.0.0
2023-03-17 23:25:26,896 [INFO] ThirdParty:1030 - CMSIS Pack Vendor :STMicroelectronics X-CUBE-BLEMGR 1.3.0
2023-03-17 23:25:26,896 [INFO] ThirdParty:1030 - CMSIS Pack Vendor :wolfSSL I-CUBE-wolfSSL 5.5.3
2023-03-17 23:25:26,896 [INFO] ThirdParty:1030 - CMSIS Pack Vendor :STMicroelectronics X-CUBE-AZRTOS-G4 1.0.0
2023-03-17 23:25:26,896 [INFO] ThirdParty:1030 - CMSIS Pack Vendor :STMicroelectronics FP-ATR-SIGFOX1 3.2.0
2023-03-17 23:25:26,896 [INFO] ThirdParty:1030 - CMSIS Pack Vendor :STMicroelectronics X-CUBE-AZRTOS-L4 1.0.0
2023-03-17 23:25:26,896 [INFO] ThirdParty:1030 - CMSIS Pack Vendor :STMicroelectronics HAL Drivers 0.0.0
2023-03-17 23:25:26,896 [INFO] ThirdParty:1030 - CMSIS Pack Vendor :STMicroelectronics MBEDTLS 2.16.2
2023-03-17 23:25:26,896 [INFO] ThirdParty:1030 - CMSIS Pack Vendor :STMicroelectronics X-CUBE-TOUCHGFX 4.20.0
2023-03-17 23:25:26,896 [INFO] ThirdParty:1030 - CMSIS Pack Vendor :STMicroelectronics MBEDTLS 2.14.1
2023-03-17 23:25:26,896 [INFO] ThirdParty:1030 - CMSIS Pack Vendor :STMicroelectronics X-CUBE-NFC7 1.0.0
2023-03-17 23:25:26,896 [INFO] ThirdParty:1030 - CMSIS Pack Vendor :STMicroelectronics X-CUBE-AZRTOS-WL 1.0.0
2023-03-17 23:25:26,896 [INFO] ThirdParty:1030 - CMSIS Pack Vendor :STMicroelectronics X-CUBE-EEPRMA1 4.1.0
2023-03-17 23:25:26,896 [INFO] ThirdParty:1030 - CMSIS Pack Vendor :portGmbH I-Cube-SoM-uGOAL 1.1.0
2023-03-17 23:25:26,896 [INFO] ThirdParty:1030 - CMSIS Pack Vendor :STMicroelectronics X-CUBE-ALS 1.0.1
2023-03-17 23:25:26,896 [INFO] ThirdParty:1030 - CMSIS Pack Vendor :STMicroelectronics X-CUBE-MEMS1 9.5.0
2023-03-17 23:25:26,896 [INFO] ThirdParty:1030 - CMSIS Pack Vendor :STMicroelectronics ThreadX 1.0.0
2023-03-17 23:25:26,896 [INFO] ThirdParty:1030 - CMSIS Pack Vendor :STMicroelectronics X-CUBE-AZRTOS-WB 1.1.0
2023-03-17 23:25:26,896 [INFO] ThirdParty:1030 - CMSIS Pack Vendor :SEGGER I-CUBE-embOS 1.3.1
2023-03-17 23:25:26,896 [INFO] ThirdParty:1030 - CMSIS Pack Vendor :STMicroelectronics USB_DEVICE 1.0.0
2023-03-17 23:25:26,896 [INFO] ThirdParty:1030 - CMSIS Pack Vendor :STMicroelectronics X-CUBE-EEPRMA1 3.1.1
2023-03-17 23:25:26,896 [INFO] ThirdParty:1030 - CMSIS Pack Vendor :STMicroelectronics ThreadX 0.0.2
2023-03-17 23:25:26,896 [INFO] ThirdParty:1030 - CMSIS Pack Vendor :WES I-CUBE-Cesium 1.3.0
2023-03-17 23:25:26,896 [INFO] ThirdParty:1030 - CMSIS Pack Vendor :STMicroelectronics lwIP 2.1.2
2023-03-17 23:25:26,896 [INFO] ThirdParty:1030 - CMSIS Pack Vendor :STMicroelectronics X-CUBE-SFXS2LP1 4.0.0
2023-03-17 23:25:26,896 [INFO] ThirdParty:1030 - CMSIS Pack Vendor :STMicroelectronics X-CUBE-BLE2 3.3.0
2023-03-17 23:25:26,896 [INFO] ThirdParty:1030 - CMSIS Pack Vendor :STMicroelectronics X-CUBE-DISPLAY 2.2.0
2023-03-17 23:25:26,896 [INFO] ThirdParty:1030 - CMSIS Pack Vendor :STMicroelectronics X-CUBE-TOF1 3.2.0
2023-03-17 23:25:26,896 [INFO] ThirdParty:1030 - CMSIS Pack Vendor :STMicroelectronics PDM2PCM 3.2.0
2023-03-17 23:25:26,896 [INFO] ThirdParty:1030 - CMSIS Pack Vendor :STMicroelectronics X-CUBE-AZRTOS-H7 3.0.0
2023-03-17 23:25:26,896 [INFO] ThirdParty:841 - exiting critical section [change project]
2023-03-17 23:25:27,523 [INFO] PinOutPanel:1499 - setPackage(No Configuration,No Configuration)
2023-03-17 23:25:27,527 [INFO] PinOutPanel:1499 - setPackage(STM32F103C8Tx,LQFP48)
2023-03-17 23:25:28,351 [INFO] UtilMem:75 - Before build in PCC Used Memory: 223875936 Bytes (434110464)
2023-03-17 23:25:29,685 [INFO] UtilMem:75 - After build in PCC Used Memory: 237634128 Bytes (434110464)
2023-03-17 23:25:29,731 [INFO] IPUIPlugin:80 - create IPUIPlugin
2023-03-17 23:25:29,731 [INFO] IPUIPlugin:80 - create IPUIPlugin
2023-03-17 23:25:29,731 [INFO] IPUIPlugin:80 - create IPUIPlugin
2023-03-17 23:25:29,731 [INFO] IPUIPlugin:80 - create IPUIPlugin
2023-03-17 23:25:29,731 [INFO] IPUIPlugin:80 - create IPUIPlugin
2023-03-17 23:25:29,731 [INFO] IPUIPlugin:80 - create IPUIPlugin
2023-03-17 23:25:29,736 [INFO] IPUIPlugin:80 - create IPUIPlugin
2023-03-17 23:25:29,736 [INFO] IPUIPlugin:80 - create IPUIPlugin
2023-03-17 23:25:29,736 [INFO] IPUIPlugin:80 - create IPUIPlugin
2023-03-17 23:25:29,736 [INFO] IPUIPlugin:80 - create IPUIPlugin
2023-03-17 23:25:29,736 [INFO] IPUIPlugin:80 - create IPUIPlugin
2023-03-17 23:25:29,736 [INFO] IPUIPlugin:80 - create IPUIPlugin
2023-03-17 23:25:29,736 [INFO] IPUIPlugin:80 - create IPUIPlugin
2023-03-17 23:25:29,736 [INFO] IPUIPlugin:80 - create IPUIPlugin
2023-03-17 23:25:29,736 [INFO] IPUIPlugin:80 - create IPUIPlugin
2023-03-17 23:25:29,736 [INFO] IPUIPlugin:80 - create IPUIPlugin
2023-03-17 23:25:29,736 [INFO] IPUIPlugin:80 - create IPUIPlugin
2023-03-17 23:25:29,736 [INFO] IPUIPlugin:80 - create IPUIPlugin
2023-03-17 23:25:29,736 [INFO] IPUIPlugin:80 - create IPUIPlugin
2023-03-17 23:25:29,736 [INFO] IPUIPlugin:80 - create IPUIPlugin
2023-03-17 23:25:29,736 [INFO] IPUIPlugin:80 - create IPUIPlugin
2023-03-17 23:25:29,736 [INFO] IPUIPlugin:80 - create IPUIPlugin
2023-03-17 23:25:29,736 [INFO] IPUIPlugin:80 - create IPUIPlugin
2023-03-17 23:25:29,736 [INFO] IPUIPlugin:80 - create IPUIPlugin
2023-03-17 23:25:29,736 [INFO] IPUIPlugin:80 - create IPUIPlugin
2023-03-17 23:25:29,736 [INFO] IPUIPlugin:80 - create IPUIPlugin
2023-03-17 23:25:29,742 [INFO] IPUIPlugin:80 - create IPUIPlugin
2023-03-17 23:25:29,758 [WARN] IP:2113 - I2C_Coeff_DF not found: check if there is a RefParameter without a condition.
2023-03-17 23:25:29,758 [WARN] IP:2113 - Analog_Filter not found: check if there is a RefParameter without a condition.
2023-03-17 23:25:30,102 [INFO] CADModel:165 - CPN selected for project levelSTM32F103C8T6
2023-03-17 23:25:30,102 [INFO] CADModel:114 - Register for checkConnection events
2023-03-17 23:25:30,179 [INFO] OpenFileManager:328 - Restore cursor
2023-03-17 23:25:30,417 [WARN] IP:2113 - I2C_Coeff_DF not found: check if there is a RefParameter without a condition.
2023-03-17 23:25:30,417 [WARN] IP:2113 - Analog_Filter not found: check if there is a RefParameter without a condition.
2023-03-17 23:25:30,417 [WARN] IP:2113 - I2C_Coeff_DF not found: check if there is a RefParameter without a condition.
2023-03-17 23:25:30,417 [WARN] IP:2113 - Analog_Filter not found: check if there is a RefParameter without a condition.
2023-03-17 23:34:21,860 [INFO] Gpio:273 - dependency for GPIO [I2C1, RCC, SYS]
2023-03-17 23:37:21,495 [INFO] UtilMem:75 - End SaveConfig() Used Memory: 364481184 Bytes (434110464)
2023-03-17 23:37:26,908 [INFO] UtilMem:75 - End SaveConfig() Used Memory: 245012432 Bytes (434110464)
2023-03-17 23:37:27,181 [INFO] UtilMem:75 - End SaveConfig() Used Memory: 290725872 Bytes (434110464)
2023-03-17 23:37:28,046 [INFO] BlockDiagram:2759 - set Specific Code input for plugin: NVIC
2023-03-17 23:37:28,046 [INFO] BlockDiagram:2759 - set Specific Code input for plugin: TIM1_8F1
2023-03-17 23:37:28,046 [INFO] BlockDiagram:2759 - set Specific Code input for plugin: SYS
2023-03-17 23:37:28,048 [INFO] BlockDiagram:2759 - set Specific Code input for plugin: GPIO
2023-03-17 23:37:28,048 [INFO] BlockDiagram:2759 - set Specific Code input for plugin: RCC
2023-03-17 23:37:28,048 [INFO] BlockDiagram:2759 - set Specific Code input for plugin: I2C
2023-03-17 23:37:28,050 [INFO] CodeGenerator:793 - code generatio: config db path: C:/Users/PC/.stm32cubemx/databases/DB.6.0.60/db/
2023-03-17 23:37:28,053 [WARN] IP:2113 - I2C_Coeff_DF not found: check if there is a RefParameter without a condition.
2023-03-17 23:37:28,053 [WARN] IP:2113 - Analog_Filter not found: check if there is a RefParameter without a condition.
2023-03-17 23:37:28,479 [INFO] CodeEngine:255 - oldGeneratedFile, D:\BTL_ViXuLy\code_stm32_ds1307_clock_lcd (1)\code_stm32_ds1307_clock_lcd\MXTmpFiles\license.tmp_save
2023-03-17 23:37:29,148 [INFO] CodeEngine:279 - Generated code: D:\BTL_ViXuLy\code_stm32_ds1307_clock_lcd (1)\code_stm32_ds1307_clock_lcd\MXTmpFiles\license.tmp
2023-03-17 23:37:29,411 [INFO] CodeEngine:255 - oldGeneratedFile, D:\BTL_ViXuLy\code_stm32_ds1307_clock_lcd (1)\code_stm32_ds1307_clock_lcd\MXTmpFiles\gpio.tmp_save
2023-03-17 23:37:29,632 [INFO] CodeEngine:279 - Generated code: D:\BTL_ViXuLy\code_stm32_ds1307_clock_lcd (1)\code_stm32_ds1307_clock_lcd\MXTmpFiles\gpio.tmp
2023-03-17 23:37:30,016 [INFO] CodeEngine:255 - oldGeneratedFile, D:\BTL_ViXuLy\code_stm32_ds1307_clock_lcd (1)\code_stm32_ds1307_clock_lcd\Core\Src\stm32f1xx_it.c_save
2023-03-17 23:37:30,279 [INFO] CodeEngine:279 - Generated code: D:\BTL_ViXuLy\code_stm32_ds1307_clock_lcd (1)\code_stm32_ds1307_clock_lcd\Core\Src\stm32f1xx_it.c
2023-03-17 23:37:30,294 [INFO] CodeEngine:255 - oldGeneratedFile, D:\BTL_ViXuLy\code_stm32_ds1307_clock_lcd (1)\code_stm32_ds1307_clock_lcd\Core\Inc\stm32f1xx_it.h_save
2023-03-17 23:37:30,442 [INFO] CodeEngine:279 - Generated code: D:\BTL_ViXuLy\code_stm32_ds1307_clock_lcd (1)\code_stm32_ds1307_clock_lcd\Core\Inc\stm32f1xx_it.h
2023-03-17 23:37:30,472 [INFO] CodeEngine:255 - oldGeneratedFile, D:\BTL_ViXuLy\code_stm32_ds1307_clock_lcd (1)\code_stm32_ds1307_clock_lcd\Core\Src\stm32f1xx_hal_msp.c_save
2023-03-17 23:37:30,689 [INFO] CodeEngine:279 - Generated code: D:\BTL_ViXuLy\code_stm32_ds1307_clock_lcd (1)\code_stm32_ds1307_clock_lcd\Core\Src\stm32f1xx_hal_msp.c
2023-03-17 23:37:30,705 [INFO] CodeEngine:255 - oldGeneratedFile, D:\BTL_ViXuLy\code_stm32_ds1307_clock_lcd (1)\code_stm32_ds1307_clock_lcd\MXTmpFiles\system.tmp_save
2023-03-17 23:37:30,832 [INFO] CodeEngine:279 - Generated code: D:\BTL_ViXuLy\code_stm32_ds1307_clock_lcd (1)\code_stm32_ds1307_clock_lcd\MXTmpFiles\system.tmp
2023-03-17 23:37:30,871 [INFO] CodeEngine:311 - oldGeneratedFile, D:\BTL_ViXuLy\code_stm32_ds1307_clock_lcd (1)\code_stm32_ds1307_clock_lcd\Core\Inc\stm32f1xx_hal_conf.h_save
2023-03-17 23:37:31,041 [INFO] CodeEngine:335 - Generated code: D:\BTL_ViXuLy\code_stm32_ds1307_clock_lcd (1)\code_stm32_ds1307_clock_lcd\Core\Inc\stm32f1xx_hal_conf.h
2023-03-17 23:37:31,101 [WARN] IPConfigManager:3431 - IP not found : TIM
2023-03-17 23:37:31,101 [WARN] CodeGenerator:3754 - IP not found : null
2023-03-17 23:37:31,137 [INFO] CodeEngine:255 - oldGeneratedFile, D:\BTL_ViXuLy\code_stm32_ds1307_clock_lcd (1)\code_stm32_ds1307_clock_lcd\Core\Inc\main.h_save
2023-03-17 23:37:31,339 [INFO] CodeEngine:279 - Generated code: D:\BTL_ViXuLy\code_stm32_ds1307_clock_lcd (1)\code_stm32_ds1307_clock_lcd\Core\Inc\main.h
2023-03-17 23:37:31,374 [INFO] CodeEngine:255 - oldGeneratedFile, D:\BTL_ViXuLy\code_stm32_ds1307_clock_lcd (1)\code_stm32_ds1307_clock_lcd\Core\Src\main.c_save
2023-03-17 23:37:31,702 [INFO] CodeEngine:279 - Generated code: D:\BTL_ViXuLy\code_stm32_ds1307_clock_lcd (1)\code_stm32_ds1307_clock_lcd\Core\Src\main.c
2023-03-17 23:37:32,887 [INFO] ProjectBuilder:2996 - Time for Copy HAL[1] : 236mS.
2023-03-17 23:37:32,915 [INFO] ProjectBuilder:4304 - Project Generator version: 3.19.2
2023-03-17 23:37:33,488 [INFO] ConfigFileManager:1483 - The Die is : DIE410
2023-03-17 23:37:33,522 [INFO] ApiDbMcu:507 - Load IP Config File for FATFS
2023-03-17 23:37:33,536 [INFO] ApiDbMcu:507 - Load IP Config File for FREERTOS
2023-03-17 23:37:33,565 [INFO] ApiDbMcu:507 - Load IP Config File for USB_DEVICE
2023-03-17 23:37:35,637 [INFO] LogOutputStream:77 - [STDOUT_REDIRECT] 
2023-03-17 23:37:38,080 [INFO] ProjectBuilder:4505 - Time for Generating toolchain IDE Files: 5153mS.
2023-03-17 23:37:38,080 [INFO] ProjectBuilder:2867 - Time for Copy CMSIS : 0mS.
2023-03-17 23:37:38,083 [INFO] ProjectBuilder:2867 - Time for Copy CMSIS : 0mS.
2023-03-17 23:42:57,295 [INFO] UtilMem:75 - End SaveConfig() Used Memory: 360585944 Bytes (789577728)
2023-03-17 23:43:02,284 [INFO] UtilMem:75 - End SaveConfig() Used Memory: 376840920 Bytes (789577728)
2023-03-17 23:43:02,484 [INFO] UtilMem:75 - End SaveConfig() Used Memory: 391520984 Bytes (789577728)
2023-03-17 23:43:02,858 [INFO] BlockDiagram:2759 - set Specific Code input for plugin: NVIC
2023-03-17 23:43:02,858 [INFO] BlockDiagram:2759 - set Specific Code input for plugin: TIM1_8F1
2023-03-17 23:43:02,858 [INFO] BlockDiagram:2759 - set Specific Code input for plugin: SYS
2023-03-17 23:43:02,858 [INFO] BlockDiagram:2759 - set Specific Code input for plugin: GPIO
2023-03-17 23:43:02,858 [INFO] BlockDiagram:2759 - set Specific Code input for plugin: RCC
2023-03-17 23:43:02,858 [INFO] BlockDiagram:2759 - set Specific Code input for plugin: I2C
2023-03-17 23:43:02,863 [INFO] CodeGenerator:793 - code generatio: config db path: C:/Users/PC/.stm32cubemx/databases/DB.6.0.60/db/
2023-03-17 23:43:02,865 [WARN] IP:2113 - I2C_Coeff_DF not found: check if there is a RefParameter without a condition.
2023-03-17 23:43:02,866 [WARN] IP:2113 - Analog_Filter not found: check if there is a RefParameter without a condition.
2023-03-17 23:43:03,123 [INFO] CodeEngine:255 - oldGeneratedFile, D:\BTL_ViXuLy\code_stm32_ds1307_clock_lcd (1)\code_stm32_ds1307_clock_lcd\MXTmpFiles\license.tmp_save
2023-03-17 23:43:03,250 [INFO] CodeEngine:279 - Generated code: D:\BTL_ViXuLy\code_stm32_ds1307_clock_lcd (1)\code_stm32_ds1307_clock_lcd\MXTmpFiles\license.tmp
2023-03-17 23:43:03,290 [INFO] CodeEngine:255 - oldGeneratedFile, D:\BTL_ViXuLy\code_stm32_ds1307_clock_lcd (1)\code_stm32_ds1307_clock_lcd\MXTmpFiles\gpio.tmp_save
2023-03-17 23:43:03,439 [INFO] CodeEngine:279 - Generated code: D:\BTL_ViXuLy\code_stm32_ds1307_clock_lcd (1)\code_stm32_ds1307_clock_lcd\MXTmpFiles\gpio.tmp
2023-03-17 23:43:03,580 [INFO] CodeEngine:255 - oldGeneratedFile, D:\BTL_ViXuLy\code_stm32_ds1307_clock_lcd (1)\code_stm32_ds1307_clock_lcd\Core\Src\stm32f1xx_it.c_save
2023-03-17 23:43:03,754 [INFO] CodeEngine:279 - Generated code: D:\BTL_ViXuLy\code_stm32_ds1307_clock_lcd (1)\code_stm32_ds1307_clock_lcd\Core\Src\stm32f1xx_it.c
2023-03-17 23:43:03,754 [INFO] CodeEngine:255 - oldGeneratedFile, D:\BTL_ViXuLy\code_stm32_ds1307_clock_lcd (1)\code_stm32_ds1307_clock_lcd\Core\Inc\stm32f1xx_it.h_save
2023-03-17 23:43:03,881 [INFO] CodeEngine:279 - Generated code: D:\BTL_ViXuLy\code_stm32_ds1307_clock_lcd (1)\code_stm32_ds1307_clock_lcd\Core\Inc\stm32f1xx_it.h
2023-03-17 23:43:03,901 [INFO] CodeEngine:255 - oldGeneratedFile, D:\BTL_ViXuLy\code_stm32_ds1307_clock_lcd (1)\code_stm32_ds1307_clock_lcd\Core\Src\stm32f1xx_hal_msp.c_save
2023-03-17 23:43:04,071 [INFO] CodeEngine:279 - Generated code: D:\BTL_ViXuLy\code_stm32_ds1307_clock_lcd (1)\code_stm32_ds1307_clock_lcd\Core\Src\stm32f1xx_hal_msp.c
2023-03-17 23:43:04,077 [INFO] CodeEngine:255 - oldGeneratedFile, D:\BTL_ViXuLy\code_stm32_ds1307_clock_lcd (1)\code_stm32_ds1307_clock_lcd\MXTmpFiles\system.tmp_save
2023-03-17 23:43:04,171 [INFO] CodeEngine:279 - Generated code: D:\BTL_ViXuLy\code_stm32_ds1307_clock_lcd (1)\code_stm32_ds1307_clock_lcd\MXTmpFiles\system.tmp
2023-03-17 23:43:04,190 [INFO] CodeEngine:311 - oldGeneratedFile, D:\BTL_ViXuLy\code_stm32_ds1307_clock_lcd (1)\code_stm32_ds1307_clock_lcd\Core\Inc\stm32f1xx_hal_conf.h_save
2023-03-17 23:43:04,339 [INFO] CodeEngine:335 - Generated code: D:\BTL_ViXuLy\code_stm32_ds1307_clock_lcd (1)\code_stm32_ds1307_clock_lcd\Core\Inc\stm32f1xx_hal_conf.h
2023-03-17 23:43:04,373 [WARN] IPConfigManager:3431 - IP not found : TIM
2023-03-17 23:43:04,373 [WARN] CodeGenerator:3754 - IP not found : null
2023-03-17 23:43:04,389 [INFO] CodeEngine:255 - oldGeneratedFile, D:\BTL_ViXuLy\code_stm32_ds1307_clock_lcd (1)\code_stm32_ds1307_clock_lcd\Core\Inc\main.h_save
2023-03-17 23:43:04,544 [INFO] CodeEngine:279 - Generated code: D:\BTL_ViXuLy\code_stm32_ds1307_clock_lcd (1)\code_stm32_ds1307_clock_lcd\Core\Inc\main.h
2023-03-17 23:43:04,581 [INFO] CodeEngine:255 - oldGeneratedFile, D:\BTL_ViXuLy\code_stm32_ds1307_clock_lcd (1)\code_stm32_ds1307_clock_lcd\Core\Src\main.c_save
2023-03-17 23:43:04,764 [INFO] CodeEngine:279 - Generated code: D:\BTL_ViXuLy\code_stm32_ds1307_clock_lcd (1)\code_stm32_ds1307_clock_lcd\Core\Src\main.c
2023-03-17 23:43:05,646 [INFO] ProjectBuilder:2996 - Time for Copy HAL[1] : 142mS.
2023-03-17 23:43:05,646 [INFO] ProjectBuilder:4304 - Project Generator version: 3.19.2
2023-03-17 23:43:05,976 [INFO] ConfigFileManager:1483 - The Die is : DIE410
2023-03-17 23:43:07,775 [INFO] ProjectBuilder:4505 - Time for Generating toolchain IDE Files: 2129mS.
2023-03-17 23:43:07,775 [INFO] ProjectBuilder:2867 - Time for Copy CMSIS : 0mS.
2023-03-17 23:43:07,787 [INFO] ProjectBuilder:2867 - Time for Copy CMSIS : 12mS.
